<?xml version="1.0" encoding="UTF-8" ?>
<testsuite errors="0" failures="0" hostname="julius-laptop" name="tests.AkkaTests" tests="17" time="7.598" timestamp="2013-02-26T10:13:44">
  <properties>
    <property name="java.vendor" value="Oracle Corporation"></property>
    <property name="lib.dir" value="./lib"></property>
    <property name="sun.java.launcher" value="SUN_STANDARD"></property>
    <property name="sun.management.compiler" value="HotSpot 64-Bit Tiered Compilers"></property>
    <property name="launcher.dist.lib" value="D:\Freeplane\freeplaneGit/freeplane_framework/build"></property>
    <property name="os.name" value="Windows 8"></property>
    <property name="sun.boot.class.path" value="C:\Program Files\Java\jdk1.7.0_10\jre\lib\resources.jar;C:\Program Files\Java\jdk1.7.0_10\jre\lib\rt.jar;C:\Program Files\Java\jdk1.7.0_10\jre\lib\sunrsasign.jar;C:\Program Files\Java\jdk1.7.0_10\jre\lib\jsse.jar;C:\Program Files\Java\jdk1.7.0_10\jre\lib\jce.jar;C:\Program Files\Java\jdk1.7.0_10\jre\lib\charsets.jar;C:\Program Files\Java\jdk1.7.0_10\jre\lib\jfr.jar;C:\Program Files\Java\jdk1.7.0_10\jre\classes"></property>
    <property name="user.country.format" value="DE"></property>
    <property name="plugin.ext.lib" value="lib"></property>
    <property name="sun.desktop" value="windows"></property>
    <property name="java.vm.specification.vendor" value="Oracle Corporation"></property>
    <property name="ant.home" value="D:\Frameworks\apache-ant-1.8.4\bin\.."></property>
    <property name="jar.dir" value="./build/jar"></property>
    <property name="java.runtime.version" value="1.7.0_10-b18"></property>
    <property name="freeplanemac.jar" value="D:\Freeplane\freeplaneGit/freeplane/lib/freeplanemac.jar"></property>
    <property name="freeplaneplugin.jar" value="${dist}/org.freeplane.plugin.remote.jar"></property>
    <property name="resources" value="resources"></property>
    <property name="freeplaneviewer.jar" value="D:\Freeplane\freeplaneGit/freeplane/dist/lib/freeplaneviewer.jar"></property>
    <property name="forms.jar" value="D:\Freeplane\freeplaneGit/freeplane/lib/forms-1.2.1.jar"></property>
    <property name="user.name" value="Julius"></property>
    <property name="user.language.format" value="de"></property>
    <property name="debug" value="on"></property>
    <property name="workspace.jar" value="D:\Freeplane\freeplaneGit/freeplane_plugin_workspace/dist/org.freeplane.plugin.workspace/lib/plugin.jar"></property>
    <property name="build.dir" value="./build"></property>
    <property name="user.language" value="en"></property>
    <property name="freeplane.dist.lib" value="D:\Freeplane\freeplaneGit/freeplane/dist/lib"></property>
    <property name="sun.boot.library.path" value="C:\Program Files\Java\jdk1.7.0_10\jre\bin"></property>
    <property name="commons-lang.jar" value="D:\Freeplane\freeplaneGit/freeplane/lib/commons-lang-2.0.jar"></property>
    <property name="ivy.jar.dir" value="D:\Freeplane\freeplaneGit\freeplane_plugin_remote_tests/ivy"></property>
    <property name="ant.project.default-target" value="dist"></property>
    <property name="ant.project.name" value="docear_remote_tests"></property>
    <property name="java.version" value="1.7.0_10"></property>
    <property name="user.timezone" value=""></property>
    <property name="sun.arch.data.model" value="64"></property>
    <property name="freeplane.jars" value="D:\Freeplane\freeplaneGit/freeplane/dist/lib/freeplaneviewer.jar:D:\Freeplane\freeplaneGit/freeplane/dist/lib/freeplaneeditor.jar:D:\Freeplane\freeplaneGit/freeplane/dist/lib/freeplaneosgi.jar:D:\Freeplane\freeplaneGit/freeplane/lib/freeplanemac.jar"></property>
    <property name="jpathwatch.jar" value="D:\Freeplane\freeplaneGit/docear_plugin_core/lib/jpathwatch.jar"></property>
    <property name="ant.file.type.docear_remote_tests" value="file"></property>
    <property name="classpath" value="D:\Freeplane\freeplaneGit/freeplane_framework/lib/knopflerfish/framework.jar:D:\Freeplane\freeplaneGit/freeplane/dist/lib/freeplaneviewer.jar:D:\Freeplane\freeplaneGit/freeplane/dist/lib/freeplaneeditor.jar:D:\Freeplane\freeplaneGit/freeplane/dist/lib/freeplaneosgi.jar:D:\Freeplane\freeplaneGit/freeplane/lib/freeplanemac.jar:D:\Freeplane\freeplaneGit/docear_plugin_services/dist/org.docear.plugin.services/lib/plugin.jar:D:\Freeplane\freeplaneGit/docear_plugin_core/dist/org.docear.plugin.core/lib/plugin.jar:D:\Freeplane\freeplaneGit/freeplane_plugin_workspace/dist/org.freeplane.plugin.workspace/lib/plugin.jar:D:\Freeplane\freeplaneGit/docear_plugin_core/dist/org.docear.plugin.core/lib/plugin.jar:D:\Freeplane\freeplaneGit/docear_plugin_services/dist/org.docear.plugin.services/lib/plugin.jar:D:\Freeplane\freeplaneGit/freeplane_plugin_workspace/dist/org.freeplane.plugin.workspace/lib/plugin.jar:D:\Freeplane\freeplaneGit/docear_plugin_remote_tests/lib/"></property>
    <property name="java.endorsed.dirs" value="C:\Program Files\Java\jdk1.7.0_10\jre\lib\endorsed"></property>
    <property name="ant.file.docear_remote_tests" value="D:\Freeplane\freeplaneGit\freeplane_plugin_remote_tests\ant\build.xml"></property>
    <property name="sun.cpu.isalist" value="amd64"></property>
    <property name="java_source_version" value="1.5"></property>
    <property name="sun.jnu.encoding" value="Cp1252"></property>
    <property name="file.encoding.pkg" value="sun.io"></property>
    <property name="file.separator" value="\"></property>
    <property name="java.specification.name" value="Java Platform API Specification"></property>
    <property name="src.tests" value="./src/tests"></property>
    <property name="framework.ext.lib" value="D:\Freeplane\freeplaneGit/freeplane_framework/lib"></property>
    <property name="freeplane.ext.lib" value="D:\Freeplane\freeplaneGit/freeplane/lib"></property>
    <property name="classes.dir" value="./build/classes"></property>
    <property name="java.class.version" value="51.0"></property>
    <property name="src" value="src"></property>
    <property name="user.country" value="US"></property>
    <property name="commons-io.jar" value="D:\Freeplane\freeplaneGit/freeplane/lib/commons-io-2.4.jar"></property>
    <property name="java_target_version" value="1.5"></property>
    <property name="java.home" value="C:\Program Files\Java\jdk1.7.0_10\jre"></property>
    <property name="dist.dir" value="./dist"></property>
    <property name="java.vm.info" value="mixed mode"></property>
    <property name="ant.file" value="D:\Freeplane\freeplaneGit\freeplane_plugin_remote_tests\ant\build.xml"></property>
    <property name="os.version" value="6.2"></property>
    <property name="jnapath" value="D:\Freeplane\freeplaneGit/docear_plugin_pdfutilities/lib/jna"></property>
    <property name="path.separator" value=";"></property>
    <property name="jortho.jar" value="D:\Freeplane\freeplaneGit/freeplane/lib/jortho.jar"></property>
    <property name="java.vm.version" value="23.6-b04"></property>
    <property name="report.dir" value="./report"></property>
    <property name="user.variant" value=""></property>
    <property name="ant.library.dir" value="D:\Frameworks\apache-ant-1.8.4\lib"></property>
    <property name="jpodpath" value="D:\Freeplane\freeplaneGit/docear_plugin_pdfutilities/lib/jpod"></property>
    <property name="java.awt.printerjob" value="sun.awt.windows.WPrinterJob"></property>
    <property name="sun.io.unicode.encoding" value="UnicodeLittle"></property>
    <property name="awt.toolkit" value="sun.awt.windows.WToolkit"></property>
    <property name="workspace" value="D:\Freeplane\freeplaneGit"></property>
    <property name="user.script" value=""></property>
    <property name="user.home" value="D:\Julius"></property>
    <property name="pdf-utils" value="D:\Freeplane\freeplaneGit/docear_plugin_pdfutilities/lib/docear-pdf-utilities.jar"></property>
    <property name="java.specification.vendor" value="Oracle Corporation"></property>
    <property name="java.vendor.url" value="http://java.oracle.com/"></property>
    <property name="java.library.path" value="C:\Program Files\Java\jdk1.7.0_10\jre\bin;C:\Windows\Sun\Java\bin;C:\Windows\system32;C:\Windows;C:\Python27;C:\Windows\system32;C:\Windows;C:\Windows\System32\Wbem;C:\Windows\System32\WindowsPowerShell\v1.0\;C:\Program Files (x86)\Git\bin;D:\Frameworks\play-2.0.4;D:\Frameworks\play-2.1.0;C:\Program Files\TortoiseSVN\bin;C:\Program Files\Java\jdk1.7.0_10\bin;D:\Frameworks\DoctrineORM-2.3.1\bin;C:\Program Files (x86)\Windows Kits\8.0\Windows Performance Toolkit\;C:\Program Files\Microsoft SQL Server\110\Tools\Binn\;D:\Frameworks\apache-ant-1.8.4\bin;C:\Program Files (x86)\Heroku\bin;C:\Program Files (x86)\ruby-1.9.2\bin;C:\Program Files (x86)\git\bin;C:\Program Files (x86)\git\cmd;C:\Program Files (x86)\sbt\;C:\Program Files (x86)\giter8\;C:\Program Files (x86)\scala\\bin;D:\Frameworks\sbt\bin;C:\Program Files (x86)\Mozilla Firefox;C:\Program Files\nodejs\;C:\Users\Julius\AppData\Roaming\npm\;."></property>
    <property name="dependencies.jars" value="D:\Freeplane\freeplaneGit/docear_plugin_core/dist/org.docear.plugin.core/lib/plugin.jar:D:\Freeplane\freeplaneGit/docear_plugin_services/dist/org.docear.plugin.services/lib/plugin.jar:D:\Freeplane\freeplaneGit/freeplane_plugin_workspace/dist/org.freeplane.plugin.workspace/lib/plugin.jar"></property>
    <property name="java.vm.vendor" value="Oracle Corporation"></property>
    <property name="framework.jar" value="D:\Freeplane\freeplaneGit/freeplane_framework/lib/knopflerfish/framework.jar"></property>
    <property name="java.runtime.name" value="Java(TM) SE Runtime Environment"></property>
    <property name="ant.version" value="Apache Ant(TM) version 1.8.4 compiled on May 22 2012"></property>
    <property name="java.class.path" value="D:\Freeplane\freeplaneGit\freeplane_plugin_remote_tests\bin;D:\Freeplane\freeplaneGit\freeplane_plugin_remote_tests\ivy\ivy.jar;D:\Freeplane\freeplaneGit\freeplane_plugin_remote_tests\lib\akka-actor_2.10-2.1.0-javadoc.jar;D:\Freeplane\freeplaneGit\freeplane_plugin_remote_tests\lib\akka-actor_2.10-2.1.0-sources.jar;D:\Freeplane\freeplaneGit\freeplane_plugin_remote_tests\lib\akka-actor_2.10-2.1.0.jar;D:\Freeplane\freeplaneGit\freeplane_plugin_remote_tests\lib\akka-remote_2.10-2.1.0-javadoc.jar;D:\Freeplane\freeplaneGit\freeplane_plugin_remote_tests\lib\akka-remote_2.10-2.1.0-sources.jar;D:\Freeplane\freeplaneGit\freeplane_plugin_remote_tests\lib\akka-remote_2.10-2.1.0.jar;D:\Freeplane\freeplaneGit\freeplane_plugin_remote_tests\lib\akka-testkit_2.10-2.1.0-javadoc.jar;D:\Freeplane\freeplaneGit\freeplane_plugin_remote_tests\lib\akka-testkit_2.10-2.1.0-sources.jar;D:\Freeplane\freeplaneGit\freeplane_plugin_remote_tests\lib\akka-testkit_2.10-2.1.0.jar;D:\Freeplane\freeplaneGit\freeplane_plugin_remote_tests\lib\commons-io-1.3.2-javadoc.jar;D:\Freeplane\freeplaneGit\freeplane_plugin_remote_tests\lib\commons-io-1.3.2-sources.jar;D:\Freeplane\freeplaneGit\freeplane_plugin_remote_tests\lib\commons-io-1.3.2.jar;D:\Freeplane\freeplaneGit\freeplane_plugin_remote_tests\lib\config-1.0.0.jar;D:\Freeplane\freeplaneGit\freeplane_plugin_remote_tests\lib\fest-assert-1.4.jar;D:\Freeplane\freeplaneGit\freeplane_plugin_remote_tests\lib\fest-util-1.1.6.jar;D:\Freeplane\freeplaneGit\freeplane_plugin_remote_tests\lib\hamcrest-core-1.3.jar;D:\Freeplane\freeplaneGit\freeplane_plugin_remote_tests\lib\jackson-core-asl-1.9.12.jar;D:\Freeplane\freeplaneGit\freeplane_plugin_remote_tests\lib\jackson-mapper-asl-1.9.12.jar;D:\Freeplane\freeplaneGit\freeplane_plugin_remote_tests\lib\junit-4.11-javadoc.jar;D:\Freeplane\freeplaneGit\freeplane_plugin_remote_tests\lib\junit-4.11-sources.jar;D:\Freeplane\freeplaneGit\freeplane_plugin_remote_tests\lib\junit-4.11.jar;D:\Freeplane\freeplaneGit\freeplane_plugin_remote_tests\lib\messages_2.10-0.1-SNAPSHOT.jar;D:\Freeplane\freeplaneGit\freeplane_plugin_remote_tests\lib\netty-3.5.8.Final.jar;D:\Freeplane\freeplaneGit\freeplane_plugin_remote_tests\lib\protobuf-java-2.4.1.jar;D:\Freeplane\freeplaneGit\freeplane_plugin_remote_tests\lib\scala-library-2.10.0.jar;D:\Freeplane\freeplaneGit\freeplane_plugin_remote_tests\lib\uncommons-maths-1.2.2a.jar;D:\Freeplane\freeplaneGit\freeplane\lib\SimplyHTML.jar;D:\Freeplane\freeplaneGit\freeplane\lib\commons-io-2.4.jar;D:\Freeplane\freeplaneGit\freeplane\lib\commons-lang-2.0.jar;D:\Freeplane\freeplaneGit\freeplane\lib\forms-1.2.1.jar;D:\Freeplane\freeplaneGit\freeplane\lib\freeplanemac.jar;D:\Freeplane\freeplaneGit\freeplane\lib\gnu-regexp-1.1.4.jar;D:\Freeplane\freeplaneGit\freeplane\lib\jortho.jar;D:\Freeplane\freeplaneGit\freeplane\bin\classes;D:\Freeplane\freeplaneGit\JOrtho_0.4_freeplane\bin;D:\Freeplane\freeplaneGit\freeplane_plugin_remote\bin;D:\Freeplane\freeplaneGit\freeplane_plugin_remote\ivy\ivy.jar;D:\Freeplane\freeplaneGit\freeplane_plugin_remote\lib\FastInfoset-1.2.9.jar;D:\Freeplane\freeplaneGit\freeplane_plugin_remote\lib\activation-1.1.jar;D:\Freeplane\freeplaneGit\freeplane_plugin_remote\lib\akka-actor_2.10-2.1.0-javadoc.jar;D:\Freeplane\freeplaneGit\freeplane_plugin_remote\lib\akka-actor_2.10-2.1.0-sources.jar;D:\Freeplane\freeplaneGit\freeplane_plugin_remote\lib\akka-actor_2.10-2.1.0.jar;D:\Freeplane\freeplaneGit\freeplane_plugin_remote\lib\akka-osgi_2.10-2.1.0-javadoc.jar;D:\Freeplane\freeplaneGit\freeplane_plugin_remote\lib\akka-osgi_2.10-2.1.0-sources.jar;D:\Freeplane\freeplaneGit\freeplane_plugin_remote\lib\akka-osgi_2.10-2.1.0.jar;D:\Freeplane\freeplaneGit\freeplane_plugin_remote\lib\akka-remote_2.10-2.1.0-javadoc.jar;D:\Freeplane\freeplaneGit\freeplane_plugin_remote\lib\akka-remote_2.10-2.1.0-sources.jar;D:\Freeplane\freeplaneGit\freeplane_plugin_remote\lib\akka-remote_2.10-2.1.0.jar;D:\Freeplane\freeplaneGit\freeplane_plugin_remote\lib\ant-1.6.5.jar;D:\Freeplane\freeplaneGit\freeplane_plugin_remote\lib\asm-3.1.jar;D:\Freeplane\freeplaneGit\freeplane_plugin_remote\lib\cal10n-api-0.7.2.jar;D:\Freeplane\freeplaneGit\freeplane_plugin_remote\lib\cdi-api-1.0-SP3.jar;D:\Freeplane\freeplaneGit\freeplane_plugin_remote\lib\commons-io-1.3.2-javadoc.jar;D:\Freeplane\freeplaneGit\freeplane_plugin_remote\lib\commons-io-1.3.2-sources.jar;D:\Freeplane\freeplaneGit\freeplane_plugin_remote\lib\commons-io-1.3.2.jar;D:\Freeplane\freeplaneGit\freeplane_plugin_remote\lib\config-1.0.0.jar;D:\Freeplane\freeplaneGit\freeplane_plugin_remote\lib\grizzly-framework-1.9.45.jar;D:\Freeplane\freeplaneGit\freeplane_plugin_remote\lib\grizzly-http-1.9.45.jar;D:\Freeplane\freeplaneGit\freeplane_plugin_remote\lib\grizzly-http-servlet-1.9.45.jar;D:\Freeplane\freeplaneGit\freeplane_plugin_remote\lib\grizzly-lzma-1.9.45.jar;D:\Freeplane\freeplaneGit\freeplane_plugin_remote\lib\grizzly-portunif-1.9.45.jar;D:\Freeplane\freeplaneGit\freeplane_plugin_remote\lib\grizzly-rcm-1.9.45.jar;D:\Freeplane\freeplaneGit\freeplane_plugin_remote\lib\grizzly-servlet-webserver-1.9.45.jar;D:\Freeplane\freeplaneGit\freeplane_plugin_remote\lib\grizzly-utils-1.9.45.jar;D:\Freeplane\freeplaneGit\freeplane_plugin_remote\lib\guava-r06.jar;D:\Freeplane\freeplaneGit\freeplane_plugin_remote\lib\http-20070405.jar;D:\Freeplane\freeplaneGit\freeplane_plugin_remote\lib\jackson-core-asl-1.9.2.jar;D:\Freeplane\freeplaneGit\freeplane_plugin_remote\lib\jackson-jaxrs-1.9.2.jar;D:\Freeplane\freeplaneGit\freeplane_plugin_remote\lib\jackson-mapper-asl-1.9.2.jar;D:\Freeplane\freeplaneGit\freeplane_plugin_remote\lib\jackson-xc-1.9.2.jar;D:\Freeplane\freeplaneGit\freeplane_plugin_remote\lib\javassist-3.12.0.GA.jar;D:\Freeplane\freeplaneGit\freeplane_plugin_remote\lib\javassist-3.14.0-GA.jar;D:\Freeplane\freeplaneGit\freeplane_plugin_remote\lib\javax.annotation-3.1.jar;D:\Freeplane\freeplaneGit\freeplane_plugin_remote\lib\javax.ejb-3.1.jar;D:\Freeplane\freeplaneGit\freeplane_plugin_remote\lib\javax.inject-1.jar;D:\Freeplane\freeplaneGit\freeplane_plugin_remote\lib\javax.servlet-api-3.0.1.jar;D:\Freeplane\freeplaneGit\freeplane_plugin_remote\lib\javax.transaction-3.1.jar;D:\Freeplane\freeplaneGit\freeplane_plugin_remote\lib\jaxb-api-2.1.jar;D:\Freeplane\freeplaneGit\freeplane_plugin_remote\lib\jaxb-impl-2.2.3-1.jar;D:\Freeplane\freeplaneGit\freeplane_plugin_remote\lib\jboss-interceptor-core-2.0.0.CR1.jar;D:\Freeplane\freeplaneGit\freeplane_plugin_remote\lib\jboss-interceptor-spi-2.0.0.CR1.jar;D:\Freeplane\freeplaneGit\freeplane_plugin_remote\lib\jboss-interceptors-api_1.1_spec-1.0.0.Beta1.jar;D:\Freeplane\freeplaneGit\freeplane_plugin_remote\lib\jdom-1.0.jar;D:\Freeplane\freeplaneGit\freeplane_plugin_remote\lib\jersey-atom-1.16.jar;D:\Freeplane\freeplaneGit\freeplane_plugin_remote\lib\jersey-bundle-1.16-javadoc.jar;D:\Freeplane\freeplaneGit\freeplane_plugin_remote\lib\jersey-bundle-1.16-sources.jar;D:\Freeplane\freeplaneGit\freeplane_plugin_remote\lib\jersey-bundle-1.16.jar;D:\Freeplane\freeplaneGit\freeplane_plugin_remote\lib\jersey-client-1.16.jar;D:\Freeplane\freeplaneGit\freeplane_plugin_remote\lib\jersey-fastinfoset-1.16.jar;D:\Freeplane\freeplaneGit\freeplane_plugin_remote\lib\jersey-grizzly-1.16.jar;D:\Freeplane\freeplaneGit\freeplane_plugin_remote\lib\jersey-json-1.16.jar;D:\Freeplane\freeplaneGit\freeplane_plugin_remote\lib\jersey-multipart-1.16-javadoc.jar;D:\Freeplane\freeplaneGit\freeplane_plugin_remote\lib\jersey-multipart-1.16-sources.jar;D:\Freeplane\freeplaneGit\freeplane_plugin_remote\lib\jersey-multipart-1.16.jar;D:\Freeplane\freeplaneGit\freeplane_plugin_remote\lib\jsp-api-2.0.jar;D:\Freeplane\freeplaneGit\freeplane_plugin_remote\lib\jsr173-1.0.jar;D:\Freeplane\freeplaneGit\freeplane_plugin_remote\lib\jsr250-api-1.0.jar;D:\Freeplane\freeplaneGit\freeplane_plugin_remote\lib\jsr311-api-1.1.1.jar;D:\Freeplane\freeplaneGit\freeplane_plugin_remote\lib\mail-1.4.jar;D:\Freeplane\freeplaneGit\freeplane_plugin_remote\lib\messages_2.10-0.1-SNAPSHOT.jar;D:\Freeplane\freeplaneGit\freeplane_plugin_remote\lib\mimepull-1.6.jar;D:\Freeplane\freeplaneGit\freeplane_plugin_remote\lib\netty-3.5.8.Final.jar;D:\Freeplane\freeplaneGit\freeplane_plugin_remote\lib\org.osgi.core-4.2.0.jar;D:\Freeplane\freeplaneGit\freeplane_plugin_remote\lib\osgi_R4_core-1.0.jar;D:\Freeplane\freeplaneGit\freeplane_plugin_remote\lib\persistence-api-1.0.jar;D:\Freeplane\freeplaneGit\freeplane_plugin_remote\lib\protobuf-java-2.4.1.jar;D:\Freeplane\freeplaneGit\freeplane_plugin_remote\lib\rome-0.9.jar;D:\Freeplane\freeplaneGit\freeplane_plugin_remote\lib\scala-library-2.10.0.jar;D:\Freeplane\freeplaneGit\freeplane_plugin_remote\lib\servlet-api-2.5.jar;D:\Freeplane\freeplaneGit\freeplane_plugin_remote\lib\slf4j-api-1.5.10.jar;D:\Freeplane\freeplaneGit\freeplane_plugin_remote\lib\slf4j-ext-1.5.10.jar;D:\Freeplane\freeplaneGit\freeplane_plugin_remote\lib\slf4j-jdk14-1.5.10.jar;D:\Freeplane\freeplaneGit\freeplane_plugin_remote\lib\stax-api-1.0-2.jar;D:\Freeplane\freeplaneGit\freeplane_plugin_remote\lib\uncommons-maths-1.2.2a.jar;D:\Freeplane\freeplaneGit\freeplane_plugin_remote\lib\weld-api-1.1.Final.jar;D:\Freeplane\freeplaneGit\freeplane_plugin_remote\lib\weld-build-config-1.1.4.Final.jar;D:\Freeplane\freeplaneGit\freeplane_plugin_remote\lib\weld-core-1.1.4.Final.jar;D:\Freeplane\freeplaneGit\freeplane_plugin_remote\lib\weld-osgi-bundle-1.1.4.Final.jar;D:\Freeplane\freeplaneGit\freeplane_plugin_remote\lib\weld-spi-1.1.Final.jar;D:\Frameworks\apache-ant-1.8.4\lib\ant-launcher.jar;D:\Frameworks\apache-ant-1.8.4\lib\ant.jar;D:\Frameworks\apache-ant-1.8.4\lib\ant-junit.jar;D:\Frameworks\apache-ant-1.8.4\lib\ant-junit4.jar"></property>
    <property name="sun.java.command" value="org.apache.tools.ant.taskdefs.optional.junit.JUnitTestRunner tests.AkkaTests filtertrace=true haltOnError=false haltOnFailure=false formatter=org.apache.tools.ant.taskdefs.optional.junit.SummaryJUnitResultFormatter showoutput=false outputtoformatters=true logfailedtests=true logtestlistenerevents=false formatter=org.apache.tools.ant.taskdefs.optional.junit.PlainJUnitResultFormatter,D:\Freeplane\freeplaneGit\freeplane_plugin_remote_tests\report\TEST-tests.AkkaTests.txt formatter=org.apache.tools.ant.taskdefs.optional.junit.XMLJUnitResultFormatter,D:\Freeplane\freeplaneGit\freeplane_plugin_remote_tests\report\TEST-tests.AkkaTests.xml crashfile=D:\Freeplane\freeplaneGit\freeplane_plugin_remote_tests\junitvmwatcher4888622702299970362.properties propsfile=D:\Freeplane\freeplaneGit\freeplane_plugin_remote_tests\junit1080800055680821826.properties"></property>
    <property name="classpath.tests" value="D:\Freeplane\freeplaneGit/freeplane/dist/lib/freeplaneviewer.jar:D:\Freeplane\freeplaneGit/freeplane/dist/lib/freeplaneeditor.jar:D:\Freeplane\freeplaneGit/freeplane/dist/lib/freeplaneosgi.jar:D:\Freeplane\freeplaneGit/freeplane/lib/freeplanemac.jar:D:\Freeplane\freeplaneGit/docear_plugin_remote_tests/lib/:${remote-tests-libs}"></property>
    <property name="freeplanelauncher.jar" value="D:\Freeplane\freeplaneGit/freeplane_framework/build/freeplanelauncher.jar"></property>
    <property name="SimplyHTML.jar" value="D:\Freeplane\freeplaneGit/freeplane/lib/SimplyHTML.jar"></property>
    <property name="java.vm.specification.name" value="Java Virtual Machine Specification"></property>
    <property name="ant.file.type" value="file"></property>
    <property name="core.jar" value="D:\Freeplane\freeplaneGit/docear_plugin_core/dist/org.docear.plugin.core/lib/plugin.jar"></property>
    <property name="java.vm.specification.version" value="1.7"></property>
    <property name="dist.osgi.dir" value="${dist}/org.freeplane.plugin.remote"></property>
    <property name="sun.os.patch.level" value=""></property>
    <property name="sun.cpu.endian" value="little"></property>
    <property name="java.io.tmpdir" value="C:\Users\Julius\AppData\Local\Temp\"></property>
    <property name="jpod.jars" value="D:\Freeplane\freeplaneGit/docear_plugin_pdfutilities/lib/jpod/iscwt.jar:D:\Freeplane\freeplaneGit/docear_plugin_pdfutilities/lib/jpod/isrt.jar:D:\Freeplane\freeplaneGit/docear_plugin_pdfutilities/lib/jpod/jbig2.jar:D:\Freeplane\freeplaneGit/docear_plugin_pdfutilities/lib/jpod/jPod.jar"></property>
    <property name="java.vendor.url.bug" value="http://bugreport.sun.com/bugreport/"></property>
    <property name="java.awt.graphicsenv" value="sun.awt.Win32GraphicsEnvironment"></property>
    <property name="os.arch" value="amd64"></property>
    <property name="java.ext.dirs" value="C:\Program Files\Java\jdk1.7.0_10\jre\lib\ext;C:\Windows\Sun\Java\lib\ext"></property>
    <property name="osgimanifest" value="./META-INF/MANIFEST.MF"></property>
    <property name="user.dir" value="D:\Freeplane\freeplaneGit\freeplane_plugin_remote_tests\ant"></property>
    <property name="freeplaneosgi.jar" value="D:\Freeplane\freeplaneGit/freeplane/dist/lib/freeplaneosgi.jar"></property>
    <property name="ivy.jar.file" value="D:\Freeplane\freeplaneGit\freeplane_plugin_remote_tests/ivy/ivy.jar"></property>
    <property name="line.separator" value="
"></property>
    <property name="java.vm.name" value="Java HotSpot(TM) 64-Bit Server VM"></property>
    <property name="remote-libs" value="D:\Freeplane\freeplaneGit/docear_plugin_remote_tests/lib/"></property>
    <property name="freeplaneeditor.jar" value="D:\Freeplane\freeplaneGit/freeplane/dist/lib/freeplaneeditor.jar"></property>
    <property name="basedir" value="D:\Freeplane\freeplaneGit\freeplane_plugin_remote_tests"></property>
    <property name="root" value="."></property>
    <property name="services.jar" value="D:\Freeplane\freeplaneGit/docear_plugin_services/dist/org.docear.plugin.services/lib/plugin.jar"></property>
    <property name="ant.java.version" value="1.7"></property>
    <property name="ant.core.lib" value="D:\Frameworks\apache-ant-1.8.4\lib\ant.jar"></property>
    <property name="file.encoding" value="Cp1252"></property>
    <property name="build.compiler" value="modern"></property>
    <property name="JOrtho_0.4_freeplane.location" value="./../JOrtho_0.4_freeplane"></property>
    <property name="swingworker.jar" value="D:\Freeplane\freeplaneGit/docear_plugin_core/lib/swingworker-backport.jar"></property>
    <property name="freeplane.location" value="./../freeplane"></property>
    <property name="java.specification.version" value="1.7"></property>
    <property name="src.dir" value="./src"></property>
    <property name="ant.project.invoked-targets" value="test"></property>
    <property name="freeplane_plugin_remote.location" value="./../freeplane_plugin_remote"></property>
  </properties>
  <testcase classname="tests.AkkaTests" name="testMindMapAsXml" time="1.283"></testcase>
  <testcase classname="tests.AkkaTests" name="testChangeNodeRequestFailInvalidNode" time="0.335"></testcase>
  <testcase classname="tests.AkkaTests" name="testAddNodeRequestFailInvalidNode" time="0.073"></testcase>
  <testcase classname="tests.AkkaTests" name="testRemoveNodeRequestFailInvalidNode" time="0.083"></testcase>
  <testcase classname="tests.AkkaTests" name="testMindMapAsXmlFail" time="0.025"></testcase>
  <testcase classname="tests.AkkaTests" name="sendMapGetAsJsonAndCloseOnServerTest" time="0.176"></testcase>
  <testcase classname="tests.AkkaTests" name="testUseTestMapFromFreeplaneInstance" time="0.054"></testcase>
  <testcase classname="tests.AkkaTests" name="testAddNodeRequestFailInvalidMap" time="0.024"></testcase>
  <testcase classname="tests.AkkaTests" name="testGetNodeRequest" time="0.136"></testcase>
  <testcase classname="tests.AkkaTests" name="testMindMapAsJson" time="0.041"></testcase>
  <testcase classname="tests.AkkaTests" name="testMindMapAsJsonFail" time="0.021"></testcase>
  <testcase classname="tests.AkkaTests" name="testGetNodeRequestFailInvalidNode" time="0.068"></testcase>
  <testcase classname="tests.AkkaTests" name="testChangeNodeRequest" time="0.085"></testcase>
  <testcase classname="tests.AkkaTests" name="sendMapGetAsJsonAndCloseOnServerTestDoubleClose" time="3.02"></testcase>
  <testcase classname="tests.AkkaTests" name="testAddNodeRequest" time="0.083"></testcase>
  <testcase classname="tests.AkkaTests" name="testRemoveNodeRequest" time="0.07"></testcase>
  <testcase classname="tests.AkkaTests" name="testCloseNotAccessedMaps" time="0.051"></testcase>
  <system-out><![CDATA[[INFO] [02/26/2013 11:13:46.542] [main] [NettyRemoteTransport(akka://actoruser@127.0.0.1:2552)] RemoteServerStarted@akka://actoruser@127.0.0.1:2552
akka.actor.RepointableActorRef received
[INFO] [02/26/2013 11:13:47.033] [main] [NettyRemoteTransport(akka://actoruser@127.0.0.1:2552)] RemoteClientStarted@akka://freeplaneRemote@127.0.0.1:2553
org.docear.messages.Messages$MindmapAsXmlResponse received
akka.actor.RepointableActorRef received
akka.actor.Status$Failure received
akka.actor.RepointableActorRef received
akka.actor.Status$Failure received
akka.actor.RepointableActorRef received
akka.actor.Status$Failure received
akka.actor.RepointableActorRef received
akka.actor.Status$Failure received
{"id":"1361873628644428533102534932939138.mm","isReadonly":false,"root":{"id":"ID_0","nodeText":"test_5 = MapID ; 5.mm = Title","isHtml":false,"folded":false,"icons":[],"image":null,"link":null,"locked":null,"leftChildren":[{"id":"ID_1395002523","nodeText":"left_L1P0_TreeDepth_5Children","isHtml":false,"folded":false,"icons":[],"image":null,"link":null,"locked":null,"children":[{"id":"ID_1384944366","nodeText":"left_L2P00","isHtml":false,"folded":false,"icons":[],"image":null,"link":null,"locked":null,"children":[{"id":"ID_1886685557","nodeText":"left_L3P000","isHtml":false,"folded":false,"icons":[],"image":null,"link":null,"locked":null,"children":[{"id":"ID_369887845","nodeText":"left_L4P0000","isHtml":false,"folded":false,"icons":[],"image":null,"link":null,"locked":null,"children":[{"id":"ID_1731394006","nodeText":"left_L5P00000","isHtml":false,"folded":false,"icons":[],"image":null,"link":null,"locked":null,"children":[{"id":"ID_1147936295","nodeText":"left_L6P000000","isHtml":false,"folded":false,"icons":[],"image":null,"link":null,"locked":null,"children":[],"hGap":0,"shiftY":0,"attributes":null,"allChildren":[]}],"hGap":0,"shiftY":0,"attributes":null,"allChildren":[{"id":"ID_1147936295","nodeText":"left_L6P000000","isHtml":false,"folded":false,"icons":[],"image":null,"link":null,"locked":null,"children":[],"hGap":0,"shiftY":0,"attributes":null,"allChildren":[]}]}],"hGap":0,"shiftY":0,"attributes":null,"allChildren":[{"id":"ID_1731394006","nodeText":"left_L5P00000","isHtml":false,"folded":false,"icons":[],"image":null,"link":null,"locked":null,"children":[{"id":"ID_1147936295","nodeText":"left_L6P000000","isHtml":false,"folded":false,"icons":[],"image":null,"link":null,"locked":null,"children":[],"hGap":0,"shiftY":0,"attributes":null,"allChildren":[]}],"hGap":0,"shiftY":0,"attributes":null,"allChildren":[{"id":"ID_1147936295","nodeText":"left_L6P000000","isHtml":false,"folded":false,"icons":[],"image":null,"link":null,"locked":null,"children":[],"hGap":0,"shiftY":0,"attributes":null,"allChildren":[]}]}]}],"hGap":0,"shiftY":0,"attributes":null,"allChildren":[{"id":"ID_369887845","nodeText":"left_L4P0000","isHtml":false,"folded":false,"icons":[],"image":null,"link":null,"locked":null,"children":[{"id":"ID_1731394006","nodeText":"left_L5P00000","isHtml":false,"folded":false,"icons":[],"image":null,"link":null,"locked":null,"children":[{"id":"ID_1147936295","nodeText":"left_L6P000000","isHtml":false,"folded":false,"icons":[],"image":null,"link":null,"locked":null,"children":[],"hGap":0,"shiftY":0,"attributes":null,"allChildren":[]}],"hGap":0,"shiftY":0,"attributes":null,"allChildren":[{"id":"ID_1147936295","nodeText":"left_L6P000000","isHtml":false,"folded":false,"icons":[],"image":null,"link":null,"locked":null,"children":[],"hGap":0,"shiftY":0,"attributes":null,"allChildren":[]}]}],"hGap":0,"shiftY":0,"attributes":null,"allChildren":[{"id":"ID_1731394006","nodeText":"left_L5P00000","isHtml":false,"folded":false,"icons":[],"image":null,"link":null,"locked":null,"children":[{"id":"ID_1147936295","nodeText":"left_L6P000000","isHtml":false,"folded":false,"icons":[],"image":null,"link":null,"locked":null,"children":[],"hGap":0,"shiftY":0,"attributes":null,"allChildren":[]}],"hGap":0,"shiftY":0,"attributes":null,"allChildren":[{"id":"ID_1147936295","nodeText":"left_L6P000000","isHtml":false,"folded":false,"icons":[],"image":null,"link":null,"locked":null,"children":[],"hGap":0,"shiftY":0,"attributes":null,"allChildren":[]}]}]}]}],"hGap":0,"shiftY":0,"attributes":null,"allChildren":[{"id":"ID_1886685557","nodeText":"left_L3P000","isHtml":false,"folded":false,"icons":[],"image":null,"link":null,"locked":null,"children":[{"id":"ID_369887845","nodeText":"left_L4P0000","isHtml":false,"folded":false,"icons":[],"image":null,"link":null,"locked":null,"children":[{"id":"ID_1731394006","nodeText":"left_L5P00000","isHtml":false,"folded":false,"icons":[],"image":null,"link":null,"locked":null,"children":[{"id":"ID_1147936295","nodeText":"left_L6P000000","isHtml":false,"folded":false,"icons":[],"image":null,"link":null,"locked":null,"children":[],"hGap":0,"shiftY":0,"attributes":null,"allChildren":[]}],"hGap":0,"shiftY":0,"attributes":null,"allChildren":[{"id":"ID_1147936295","nodeText":"left_L6P000000","isHtml":false,"folded":false,"icons":[],"image":null,"link":null,"locked":null,"children":[],"hGap":0,"shiftY":0,"attributes":null,"allChildren":[]}]}],"hGap":0,"shiftY":0,"attributes":null,"allChildren":[{"id":"ID_1731394006","nodeText":"left_L5P00000","isHtml":false,"folded":false,"icons":[],"image":null,"link":null,"locked":null,"children":[{"id":"ID_1147936295","nodeText":"left_L6P000000","isHtml":false,"folded":false,"icons":[],"image":null,"link":null,"locked":null,"children":[],"hGap":0,"shiftY":0,"attributes":null,"allChildren":[]}],"hGap":0,"shiftY":0,"attributes":null,"allChildren":[{"id":"ID_1147936295","nodeText":"left_L6P000000","isHtml":false,"folded":false,"icons":[],"image":null,"link":null,"locked":null,"children":[],"hGap":0,"shiftY":0,"attributes":null,"allChildren":[]}]}]}],"hGap":0,"shiftY":0,"attributes":null,"allChildren":[{"id":"ID_369887845","nodeText":"left_L4P0000","isHtml":false,"folded":false,"icons":[],"image":null,"link":null,"locked":null,"children":[{"id":"ID_1731394006","nodeText":"left_L5P00000","isHtml":false,"folded":false,"icons":[],"image":null,"link":null,"locked":null,"children":[{"id":"ID_1147936295","nodeText":"left_L6P000000","isHtml":false,"folded":false,"icons":[],"image":null,"link":null,"locked":null,"children":[],"hGap":0,"shiftY":0,"attributes":null,"allChildren":[]}],"hGap":0,"shiftY":0,"attributes":null,"allChildren":[{"id":"ID_1147936295","nodeText":"left_L6P000000","isHtml":false,"folded":false,"icons":[],"image":null,"link":null,"locked":null,"children":[],"hGap":0,"shiftY":0,"attributes":null,"allChildren":[]}]}],"hGap":0,"shiftY":0,"attributes":null,"allChildren":[{"id":"ID_1731394006","nodeText":"left_L5P00000","isHtml":false,"folded":false,"icons":[],"image":null,"link":null,"locked":null,"children":[{"id":"ID_1147936295","nodeText":"left_L6P000000","isHtml":false,"folded":false,"icons":[],"image":null,"link":null,"locked":null,"children":[],"hGap":0,"shiftY":0,"attributes":null,"allChildren":[]}],"hGap":0,"shiftY":0,"attributes":null,"allChildren":[{"id":"ID_1147936295","nodeText":"left_L6P000000","isHtml":false,"folded":false,"icons":[],"image":null,"link":null,"locked":null,"children":[],"hGap":0,"shiftY":0,"attributes":null,"allChildren":[]}]}]}]}]}],"hGap":80,"shiftY":-90,"attributes":null,"allChildren":[{"id":"ID_1384944366","nodeText":"left_L2P00","isHtml":false,"folded":false,"icons":[],"image":null,"link":null,"locked":null,"children":[{"id":"ID_1886685557","nodeText":"left_L3P000","isHtml":false,"folded":false,"icons":[],"image":null,"link":null,"locked":null,"children":[{"id":"ID_369887845","nodeText":"left_L4P0000","isHtml":false,"folded":false,"icons":[],"image":null,"link":null,"locked":null,"children":[{"id":"ID_1731394006","nodeText":"left_L5P00000","isHtml":false,"folded":false,"icons":[],"image":null,"link":null,"locked":null,"children":[{"id":"ID_1147936295","nodeText":"left_L6P000000","isHtml":false,"folded":false,"icons":[],"image":null,"link":null,"locked":null,"children":[],"hGap":0,"shiftY":0,"attributes":null,"allChildren":[]}],"hGap":0,"shiftY":0,"attributes":null,"allChildren":[{"id":"ID_1147936295","nodeText":"left_L6P000000","isHtml":false,"folded":false,"icons":[],"image":null,"link":null,"locked":null,"children":[],"hGap":0,"shiftY":0,"attributes":null,"allChildren":[]}]}],"hGap":0,"shiftY":0,"attributes":null,"allChildren":[{"id":"ID_1731394006","nodeText":"left_L5P00000","isHtml":false,"folded":false,"icons":[],"image":null,"link":null,"locked":null,"children":[{"id":"ID_1147936295","nodeText":"left_L6P000000","isHtml":false,"folded":false,"icons":[],"image":null,"link":null,"locked":null,"children":[],"hGap":0,"shiftY":0,"attributes":null,"allChildren":[]}],"hGap":0,"shiftY":0,"attributes":null,"allChildren":[{"id":"ID_1147936295","nodeText":"left_L6P000000","isHtml":false,"folded":false,"icons":[],"image":null,"link":null,"locked":null,"children":[],"hGap":0,"shiftY":0,"attributes":null,"allChildren":[]}]}]}],"hGap":0,"shiftY":0,"attributes":null,"allChildren":[{"id":"ID_369887845","nodeText":"left_L4P0000","isHtml":false,"folded":false,"icons":[],"image":null,"link":null,"locked":null,"children":[{"id":"ID_1731394006","nodeText":"left_L5P00000","isHtml":false,"folded":false,"icons":[],"image":null,"link":null,"locked":null,"children":[{"id":"ID_1147936295","nodeText":"left_L6P000000","isHtml":false,"folded":false,"icons":[],"image":null,"link":null,"locked":null,"children":[],"hGap":0,"shiftY":0,"attributes":null,"allChildren":[]}],"hGap":0,"shiftY":0,"attributes":null,"allChildren":[{"id":"ID_1147936295","nodeText":"left_L6P000000","isHtml":false,"folded":false,"icons":[],"image":null,"link":null,"locked":null,"children":[],"hGap":0,"shiftY":0,"attributes":null,"allChildren":[]}]}],"hGap":0,"shiftY":0,"attributes":null,"allChildren":[{"id":"ID_1731394006","nodeText":"left_L5P00000","isHtml":false,"folded":false,"icons":[],"image":null,"link":null,"locked":null,"children":[{"id":"ID_1147936295","nodeText":"left_L6P000000","isHtml":false,"folded":false,"icons":[],"image":null,"link":null,"locked":null,"children":[],"hGap":0,"shiftY":0,"attributes":null,"allChildren":[]}],"hGap":0,"shiftY":0,"attributes":null,"allChildren":[{"id":"ID_1147936295","nodeText":"left_L6P000000","isHtml":false,"folded":false,"icons":[],"image":null,"link":null,"locked":null,"children":[],"hGap":0,"shiftY":0,"attributes":null,"allChildren":[]}]}]}]}],"hGap":0,"shiftY":0,"attributes":null,"allChildren":[{"id":"ID_1886685557","nodeText":"left_L3P000","isHtml":false,"folded":false,"icons":[],"image":null,"link":null,"locked":null,"children":[{"id":"ID_369887845","nodeText":"left_L4P0000","isHtml":false,"folded":false,"icons":[],"image":null,"link":null,"locked":null,"children":[{"id":"ID_1731394006","nodeText":"left_L5P00000","isHtml":false,"folded":false,"icons":[],"image":null,"link":null,"locked":null,"children":[{"id":"ID_1147936295","nodeText":"left_L6P000000","isHtml":false,"folded":false,"icons":[],"image":null,"link":null,"locked":null,"children":[],"hGap":0,"shiftY":0,"attributes":null,"allChildren":[]}],"hGap":0,"shiftY":0,"attributes":null,"allChildren":[{"id":"ID_1147936295","nodeText":"left_L6P000000","isHtml":false,"folded":false,"icons":[],"image":null,"link":null,"locked":null,"children":[],"hGap":0,"shiftY":0,"attributes":null,"allChildren":[]}]}],"hGap":0,"shiftY":0,"attributes":null,"allChildren":[{"id":"ID_1731394006","nodeText":"left_L5P00000","isHtml":false,"folded":false,"icons":[],"image":null,"link":null,"locked":null,"children":[{"id":"ID_1147936295","nodeText":"left_L6P000000","isHtml":false,"folded":false,"icons":[],"image":null,"link":null,"locked":null,"children":[],"hGap":0,"shiftY":0,"attributes":null,"allChildren":[]}],"hGap":0,"shiftY":0,"attributes":null,"allChildren":[{"id":"ID_1147936295","nodeText":"left_L6P000000","isHtml":false,"folded":false,"icons":[],"image":null,"link":null,"locked":null,"children":[],"hGap":0,"shiftY":0,"attributes":null,"allChildren":[]}]}]}],"hGap":0,"shiftY":0,"attributes":null,"allChildren":[{"id":"ID_369887845","nodeText":"left_L4P0000","isHtml":false,"folded":false,"icons":[],"image":null,"link":null,"locked":null,"children":[{"id":"ID_1731394006","nodeText":"left_L5P00000","isHtml":false,"folded":false,"icons":[],"image":null,"link":null,"locked":null,"children":[{"id":"ID_1147936295","nodeText":"left_L6P000000","isHtml":false,"folded":false,"icons":[],"image":null,"link":null,"locked":null,"children":[],"hGap":0,"shiftY":0,"attributes":null,"allChildren":[]}],"hGap":0,"shiftY":0,"attributes":null,"allChildren":[{"id":"ID_1147936295","nodeText":"left_L6P000000","isHtml":false,"folded":false,"icons":[],"image":null,"link":null,"locked":null,"children":[],"hGap":0,"shiftY":0,"attributes":null,"allChildren":[]}]}],"hGap":0,"shiftY":0,"attributes":null,"allChildren":[{"id":"ID_1731394006","nodeText":"left_L5P00000","isHtml":false,"folded":false,"icons":[],"image":null,"link":null,"locked":null,"children":[{"id":"ID_1147936295","nodeText":"left_L6P000000","isHtml":false,"folded":false,"icons":[],"image":null,"link":null,"locked":null,"children":[],"hGap":0,"shiftY":0,"attributes":null,"allChildren":[]}],"hGap":0,"shiftY":0,"attributes":null,"allChildren":[{"id":"ID_1147936295","nodeText":"left_L6P000000","isHtml":false,"folded":false,"icons":[],"image":null,"link":null,"locked":null,"children":[],"hGap":0,"shiftY":0,"attributes":null,"allChildren":[]}]}]}]}]}]},{"id":"ID_505304847","nodeText":"left_L1P1_Fold","isHtml":false,"folded":true,"icons":[],"image":null,"link":null,"locked":null,"children":[{"id":"ID_1994088417","nodeText":"left_L2P10_Folded_WithUn-/FoldedChildren","isHtml":false,"folded":false,"icons":[],"image":null,"link":null,"locked":null,"children":[{"id":"ID_111629229","nodeText":"left_L3P100_Unfolded_WithUnfoldedChildren","isHtml":false,"folded":false,"icons":[],"image":null,"link":null,"locked":null,"children":[{"id":"ID_282423477","nodeText":"left_L4P1000_Unfolded","isHtml":false,"folded":false,"icons":[],"image":null,"link":null,"locked":null,"children":[],"hGap":0,"shiftY":0,"attributes":null,"allChildren":[]},{"id":"ID_1072393331","nodeText":"left_L4P1001_Unfolded","isHtml":false,"folded":false,"icons":[],"image":null,"link":null,"locked":null,"children":[],"hGap":0,"shiftY":0,"attributes":null,"allChildren":[]}],"hGap":0,"shiftY":0,"attributes":null,"allChildren":[{"id":"ID_282423477","nodeText":"left_L4P1000_Unfolded","isHtml":false,"folded":false,"icons":[],"image":null,"link":null,"locked":null,"children":[],"hGap":0,"shiftY":0,"attributes":null,"allChildren":[]},{"id":"ID_1072393331","nodeText":"left_L4P1001_Unfolded","isHtml":false,"folded":false,"icons":[],"image":null,"link":null,"locked":null,"children":[],"hGap":0,"shiftY":0,"attributes":null,"allChildren":[]}]},{"id":"ID_501846187","nodeText":"left_L3P101_Unfolded","isHtml":false,"folded":false,"icons":[],"image":null,"link":null,"locked":null,"children":[],"hGap":0,"shiftY":0,"attributes":null,"allChildren":[]},{"id":"ID_269140428","nodeText":"left_L3P102_Unfolded_WithFoldedChildren","isHtml":false,"folded":true,"icons":[],"image":null,"link":null,"locked":null,"children":[{"id":"ID_855698997","nodeText":"left_L4P1000_Folded","isHtml":false,"folded":false,"icons":[],"image":null,"link":null,"locked":null,"children":[],"hGap":0,"shiftY":0,"attributes":null,"allChildren":[]},{"id":"ID_1928881541","nodeText":"left_L4P1001_Folded","isHtml":false,"folded":false,"icons":[],"image":null,"link":null,"locked":null,"children":[],"hGap":0,"shiftY":0,"attributes":null,"allChildren":[]}],"hGap":0,"shiftY":0,"attributes":null,"allChildren":[{"id":"ID_855698997","nodeText":"left_L4P1000_Folded","isHtml":false,"folded":false,"icons":[],"image":null,"link":null,"locked":null,"children":[],"hGap":0,"shiftY":0,"attributes":null,"allChildren":[]},{"id":"ID_1928881541","nodeText":"left_L4P1001_Folded","isHtml":false,"folded":false,"icons":[],"image":null,"link":null,"locked":null,"children":[],"hGap":0,"shiftY":0,"attributes":null,"allChildren":[]}]}],"hGap":0,"shiftY":0,"attributes":null,"allChildren":[{"id":"ID_111629229","nodeText":"left_L3P100_Unfolded_WithUnfoldedChildren","isHtml":false,"folded":false,"icons":[],"image":null,"link":null,"locked":null,"children":[{"id":"ID_282423477","nodeText":"left_L4P1000_Unfolded","isHtml":false,"folded":false,"icons":[],"image":null,"link":null,"locked":null,"children":[],"hGap":0,"shiftY":0,"attributes":null,"allChildren":[]},{"id":"ID_1072393331","nodeText":"left_L4P1001_Unfolded","isHtml":false,"folded":false,"icons":[],"image":null,"link":null,"locked":null,"children":[],"hGap":0,"shiftY":0,"attributes":null,"allChildren":[]}],"hGap":0,"shiftY":0,"attributes":null,"allChildren":[{"id":"ID_282423477","nodeText":"left_L4P1000_Unfolded","isHtml":false,"folded":false,"icons":[],"image":null,"link":null,"locked":null,"children":[],"hGap":0,"shiftY":0,"attributes":null,"allChildren":[]},{"id":"ID_1072393331","nodeText":"left_L4P1001_Unfolded","isHtml":false,"folded":false,"icons":[],"image":null,"link":null,"locked":null,"children":[],"hGap":0,"shiftY":0,"attributes":null,"allChildren":[]}]},{"id":"ID_501846187","nodeText":"left_L3P101_Unfolded","isHtml":false,"folded":false,"icons":[],"image":null,"link":null,"locked":null,"children":[],"hGap":0,"shiftY":0,"attributes":null,"allChildren":[]},{"id":"ID_269140428","nodeText":"left_L3P102_Unfolded_WithFoldedChildren","isHtml":false,"folded":true,"icons":[],"image":null,"link":null,"locked":null,"children":[{"id":"ID_855698997","nodeText":"left_L4P1000_Folded","isHtml":false,"folded":false,"icons":[],"image":null,"link":null,"locked":null,"children":[],"hGap":0,"shiftY":0,"attributes":null,"allChildren":[]},{"id":"ID_1928881541","nodeText":"left_L4P1001_Folded","isHtml":false,"folded":false,"icons":[],"image":null,"link":null,"locked":null,"children":[],"hGap":0,"shiftY":0,"attributes":null,"allChildren":[]}],"hGap":0,"shiftY":0,"attributes":null,"allChildren":[{"id":"ID_855698997","nodeText":"left_L4P1000_Folded","isHtml":false,"folded":false,"icons":[],"image":null,"link":null,"locked":null,"children":[],"hGap":0,"shiftY":0,"attributes":null,"allChildren":[]},{"id":"ID_1928881541","nodeText":"left_L4P1001_Folded","isHtml":false,"folded":false,"icons":[],"image":null,"link":null,"locked":null,"children":[],"hGap":0,"shiftY":0,"attributes":null,"allChildren":[]}]}]}],"hGap":100,"shiftY":20,"attributes":null,"allChildren":[{"id":"ID_1994088417","nodeText":"left_L2P10_Folded_WithUn-/FoldedChildren","isHtml":false,"folded":false,"icons":[],"image":null,"link":null,"locked":null,"children":[{"id":"ID_111629229","nodeText":"left_L3P100_Unfolded_WithUnfoldedChildren","isHtml":false,"folded":false,"icons":[],"image":null,"link":null,"locked":null,"children":[{"id":"ID_282423477","nodeText":"left_L4P1000_Unfolded","isHtml":false,"folded":false,"icons":[],"image":null,"link":null,"locked":null,"children":[],"hGap":0,"shiftY":0,"attributes":null,"allChildren":[]},{"id":"ID_1072393331","nodeText":"left_L4P1001_Unfolded","isHtml":false,"folded":false,"icons":[],"image":null,"link":null,"locked":null,"children":[],"hGap":0,"shiftY":0,"attributes":null,"allChildren":[]}],"hGap":0,"shiftY":0,"attributes":null,"allChildren":[{"id":"ID_282423477","nodeText":"left_L4P1000_Unfolded","isHtml":false,"folded":false,"icons":[],"image":null,"link":null,"locked":null,"children":[],"hGap":0,"shiftY":0,"attributes":null,"allChildren":[]},{"id":"ID_1072393331","nodeText":"left_L4P1001_Unfolded","isHtml":false,"folded":false,"icons":[],"image":null,"link":null,"locked":null,"children":[],"hGap":0,"shiftY":0,"attributes":null,"allChildren":[]}]},{"id":"ID_501846187","nodeText":"left_L3P101_Unfolded","isHtml":false,"folded":false,"icons":[],"image":null,"link":null,"locked":null,"children":[],"hGap":0,"shiftY":0,"attributes":null,"allChildren":[]},{"id":"ID_269140428","nodeText":"left_L3P102_Unfolded_WithFoldedChildren","isHtml":false,"folded":true,"icons":[],"image":null,"link":null,"locked":null,"children":[{"id":"ID_855698997","nodeText":"left_L4P1000_Folded","isHtml":false,"folded":false,"icons":[],"image":null,"link":null,"locked":null,"children":[],"hGap":0,"shiftY":0,"attributes":null,"allChildren":[]},{"id":"ID_1928881541","nodeText":"left_L4P1001_Folded","isHtml":false,"folded":false,"icons":[],"image":null,"link":null,"locked":null,"children":[],"hGap":0,"shiftY":0,"attributes":null,"allChildren":[]}],"hGap":0,"shiftY":0,"attributes":null,"allChildren":[{"id":"ID_855698997","nodeText":"left_L4P1000_Folded","isHtml":false,"folded":false,"icons":[],"image":null,"link":null,"locked":null,"children":[],"hGap":0,"shiftY":0,"attributes":null,"allChildren":[]},{"id":"ID_1928881541","nodeText":"left_L4P1001_Folded","isHtml":false,"folded":false,"icons":[],"image":null,"link":null,"locked":null,"children":[],"hGap":0,"shiftY":0,"attributes":null,"allChildren":[]}]}],"hGap":0,"shiftY":0,"attributes":null,"allChildren":[{"id":"ID_111629229","nodeText":"left_L3P100_Unfolded_WithUnfoldedChildren","isHtml":false,"folded":false,"icons":[],"image":null,"link":null,"locked":null,"children":[{"id":"ID_282423477","nodeText":"left_L4P1000_Unfolded","isHtml":false,"folded":false,"icons":[],"image":null,"link":null,"locked":null,"children":[],"hGap":0,"shiftY":0,"attributes":null,"allChildren":[]},{"id":"ID_1072393331","nodeText":"left_L4P1001_Unfolded","isHtml":false,"folded":false,"icons":[],"image":null,"link":null,"locked":null,"children":[],"hGap":0,"shiftY":0,"attributes":null,"allChildren":[]}],"hGap":0,"shiftY":0,"attributes":null,"allChildren":[{"id":"ID_282423477","nodeText":"left_L4P1000_Unfolded","isHtml":false,"folded":false,"icons":[],"image":null,"link":null,"locked":null,"children":[],"hGap":0,"shiftY":0,"attributes":null,"allChildren":[]},{"id":"ID_1072393331","nodeText":"left_L4P1001_Unfolded","isHtml":false,"folded":false,"icons":[],"image":null,"link":null,"locked":null,"children":[],"hGap":0,"shiftY":0,"attributes":null,"allChildren":[]}]},{"id":"ID_501846187","nodeText":"left_L3P101_Unfolded","isHtml":false,"folded":false,"icons":[],"image":null,"link":null,"locked":null,"children":[],"hGap":0,"shiftY":0,"attributes":null,"allChildren":[]},{"id":"ID_269140428","nodeText":"left_L3P102_Unfolded_WithFoldedChildren","isHtml":false,"folded":true,"icons":[],"image":null,"link":null,"locked":null,"children":[{"id":"ID_855698997","nodeText":"left_L4P1000_Folded","isHtml":false,"folded":false,"icons":[],"image":null,"link":null,"locked":null,"children":[],"hGap":0,"shiftY":0,"attributes":null,"allChildren":[]},{"id":"ID_1928881541","nodeText":"left_L4P1001_Folded","isHtml":false,"folded":false,"icons":[],"image":null,"link":null,"locked":null,"children":[],"hGap":0,"shiftY":0,"attributes":null,"allChildren":[]}],"hGap":0,"shiftY":0,"attributes":null,"allChildren":[{"id":"ID_855698997","nodeText":"left_L4P1000_Folded","isHtml":false,"folded":false,"icons":[],"image":null,"link":null,"locked":null,"children":[],"hGap":0,"shiftY":0,"attributes":null,"allChildren":[]},{"id":"ID_1928881541","nodeText":"left_L4P1001_Folded","isHtml":false,"folded":false,"icons":[],"image":null,"link":null,"locked":null,"children":[],"hGap":0,"shiftY":0,"attributes":null,"allChildren":[]}]}]}]},{"id":"ID_1657680452","nodeText":"left_L1P2_NodeStyle","isHtml":false,"folded":false,"icons":[],"image":null,"link":null,"locked":null,"children":[{"id":"ID_1355332128","nodeText":"left_L2P20_RootNode","isHtml":false,"folded":false,"icons":[],"image":null,"link":null,"locked":null,"children":[],"hGap":0,"shiftY":0,"attributes":null,"allChildren":[]},{"id":"ID_1139579263","nodeText":"left_L2P21_Level1","isHtml":false,"folded":false,"icons":[],"image":null,"link":null,"locked":null,"children":[],"hGap":0,"shiftY":0,"attributes":null,"allChildren":[]},{"id":"ID_894491244","nodeText":"left_L2P22_Level2","isHtml":false,"folded":false,"icons":[],"image":null,"link":null,"locked":null,"children":[],"hGap":0,"shiftY":0,"attributes":null,"allChildren":[]},{"id":"ID_1514293713","nodeText":"left_L2P23_Details","isHtml":false,"folded":false,"icons":[],"image":null,"link":null,"locked":null,"children":[],"hGap":0,"shiftY":0,"attributes":null,"allChildren":[]},{"id":"ID_594753566","nodeText":"left_L2P24_Important","isHtml":false,"folded":false,"icons":[],"image":null,"link":null,"locked":null,"children":[],"hGap":0,"shiftY":0,"attributes":null,"allChildren":[]}],"hGap":60,"shiftY":90,"attributes":null,"allChildren":[{"id":"ID_1355332128","nodeText":"left_L2P20_RootNode","isHtml":false,"folded":false,"icons":[],"image":null,"link":null,"locked":null,"children":[],"hGap":0,"shiftY":0,"attributes":null,"allChildren":[]},{"id":"ID_1139579263","nodeText":"left_L2P21_Level1","isHtml":false,"folded":false,"icons":[],"image":null,"link":null,"locked":null,"children":[],"hGap":0,"shiftY":0,"attributes":null,"allChildren":[]},{"id":"ID_894491244","nodeText":"left_L2P22_Level2","isHtml":false,"folded":false,"icons":[],"image":null,"link":null,"locked":null,"children":[],"hGap":0,"shiftY":0,"attributes":null,"allChildren":[]},{"id":"ID_1514293713","nodeText":"left_L2P23_Details","isHtml":false,"folded":false,"icons":[],"image":null,"link":null,"locked":null,"children":[],"hGap":0,"shiftY":0,"attributes":null,"allChildren":[]},{"id":"ID_594753566","nodeText":"left_L2P24_Important","isHtml":false,"folded":false,"icons":[],"image":null,"link":null,"locked":null,"children":[],"hGap":0,"shiftY":0,"attributes":null,"allChildren":[]}]},{"id":"ID_1921859689","nodeText":"left_L1P3_Text","isHtml":false,"folded":false,"icons":[],"image":null,"link":null,"locked":null,"children":[{"id":"ID_1724623172","nodeText":"left_L2P30_NormalText","isHtml":false,"folded":false,"icons":[],"image":null,"link":null,"locked":null,"children":[],"hGap":0,"shiftY":0,"attributes":null,"allChildren":[]},{"id":"ID_918586102","nodeText":"<html>\n  <head>\n    \n  </head>\n  <body>\n    <h1>\n      \n    </h1>\n    <p>\n      left_L2P31_HTMLText\n    </p>\n  </body>\n</html>","isHtml":true,"folded":false,"icons":[],"image":null,"link":null,"locked":null,"children":[],"hGap":0,"shiftY":0,"attributes":null,"allChildren":[]}],"hGap":30,"shiftY":90,"attributes":null,"allChildren":[{"id":"ID_1724623172","nodeText":"left_L2P30_NormalText","isHtml":false,"folded":false,"icons":[],"image":null,"link":null,"locked":null,"children":[],"hGap":0,"shiftY":0,"attributes":null,"allChildren":[]},{"id":"ID_918586102","nodeText":"<html>\n  <head>\n    \n  </head>\n  <body>\n    <h1>\n      \n    </h1>\n    <p>\n      left_L2P31_HTMLText\n    </p>\n  </body>\n</html>","isHtml":true,"folded":false,"icons":[],"image":null,"link":null,"locked":null,"children":[],"hGap":0,"shiftY":0,"attributes":null,"allChildren":[]}]}],"rightChildren":[{"id":"ID_1","nodeText":"right_L1P0_Links","isHtml":false,"folded":false,"icons":[],"image":null,"link":null,"locked":null,"children":[{"id":"ID_2","nodeText":"right_L2P00_URL http://www.google.com","isHtml":false,"folded":false,"icons":[],"image":null,"link":"http://www.google.com","locked":null,"children":[],"hGap":0,"shiftY":0,"attributes":null,"allChildren":[]},{"id":"ID_3","nodeText":"right_L2P01_NodeLink_ToParent","isHtml":false,"folded":false,"icons":[],"image":null,"link":"#ID_1","locked":null,"children":[],"hGap":0,"shiftY":0,"attributes":null,"allChildren":[]}],"hGap":70,"shiftY":-160,"attributes":null,"allChildren":[{"id":"ID_2","nodeText":"right_L2P00_URL http://www.google.com","isHtml":false,"folded":false,"icons":[],"image":null,"link":"http://www.google.com","locked":null,"children":[],"hGap":0,"shiftY":0,"attributes":null,"allChildren":[]},{"id":"ID_3","nodeText":"right_L2P01_NodeLink_ToParent","isHtml":false,"folded":false,"icons":[],"image":null,"link":"#ID_1","locked":null,"children":[],"hGap":0,"shiftY":0,"attributes":null,"allChildren":[]}]},{"id":"ID_4","nodeText":"right_L1P1_EdgeStyle","isHtml":false,"folded":false,"icons":[],"image":null,"link":null,"locked":null,"children":[{"id":"ID_5","nodeText":"right_L2P10_sameEdgeStyle","isHtml":false,"folded":false,"icons":[],"image":null,"link":null,"locked":null,"children":[],"hGap":160,"shiftY":0,"attributes":null,"allChildren":[]},{"id":"ID_1694248792","nodeText":"right_L2P11_differentEdgeStyle","isHtml":false,"folded":false,"icons":[],"image":null,"link":null,"locked":null,"children":[],"hGap":150,"shiftY":60,"attributes":null,"allChildren":[]},{"id":"ID_695389559","nodeText":"right_L2P12_differentEdgeWidth","isHtml":false,"folded":false,"icons":[],"image":null,"link":null,"locked":null,"children":[],"hGap":150,"shiftY":60,"attributes":null,"allChildren":[]}],"hGap":0,"shiftY":0,"attributes":null,"allChildren":[{"id":"ID_5","nodeText":"right_L2P10_sameEdgeStyle","isHtml":false,"folded":false,"icons":[],"image":null,"link":null,"locked":null,"children":[],"hGap":160,"shiftY":0,"attributes":null,"allChildren":[]},{"id":"ID_1694248792","nodeText":"right_L2P11_differentEdgeStyle","isHtml":false,"folded":false,"icons":[],"image":null,"link":null,"locked":null,"children":[],"hGap":150,"shiftY":60,"attributes":null,"allChildren":[]},{"id":"ID_695389559","nodeText":"right_L2P12_differentEdgeWidth","isHtml":false,"folded":false,"icons":[],"image":null,"link":null,"locked":null,"children":[],"hGap":150,"shiftY":60,"attributes":null,"allChildren":[]}]},{"id":"ID_1875819033","nodeText":"right_L1P2_Image","isHtml":false,"folded":false,"icons":[],"image":null,"link":null,"locked":null,"children":[{"id":"ID_633666271","nodeText":"right_L2P20_Image_NormalSize","isHtml":false,"folded":false,"icons":[],"image":null,"link":null,"locked":null,"children":[],"hGap":0,"shiftY":0,"attributes":null,"allChildren":[]},{"id":"ID_1952442636","nodeText":"right_L2P21_Image_HalfSize","isHtml":false,"folded":false,"icons":[],"image":null,"link":null,"locked":null,"children":[],"hGap":0,"shiftY":0,"attributes":null,"allChildren":[]}],"hGap":110,"shiftY":90,"attributes":null,"allChildren":[{"id":"ID_633666271","nodeText":"right_L2P20_Image_NormalSize","isHtml":false,"folded":false,"icons":[],"image":null,"link":null,"locked":null,"children":[],"hGap":0,"shiftY":0,"attributes":null,"allChildren":[]},{"id":"ID_1952442636","nodeText":"right_L2P21_Image_HalfSize","isHtml":false,"folded":false,"icons":[],"image":null,"link":null,"locked":null,"children":[],"hGap":0,"shiftY":0,"attributes":null,"allChildren":[]}]},{"id":"ID_1661639564","nodeText":"right_L1P3_Tables","isHtml":false,"folded":false,"icons":[],"image":null,"link":null,"locked":null,"children":[{"id":"ID_1843612913","nodeText":"right_L2P30_NormalTable","isHtml":false,"folded":false,"icons":[],"image":null,"link":null,"locked":null,"children":[],"hGap":0,"shiftY":0,"attributes":{"C0R2_Key":"C1R2_Value","C0R1_Key":"C1R1_Value","C0R0_Key":"C1R0_Value"},"allChildren":[]},{"id":"ID_1531300280","nodeText":"right_L2P31_JabRefTable_WithLinkToPDF","isHtml":false,"folded":false,"icons":[],"image":null,"link":"workspace:/../../../../D:/HTW/docear/../../../literature_repository/Example%20PDFs/Academic%20search%20engine%20spam%20and%20Google%20Scholars%20resilience%20against%20it.pdf","locked":null,"children":[],"hGap":0,"shiftY":0,"attributes":{"journal":"Journal of Electronic Publishing","authors":"{J}oeran {B}eel and {B}ela {G}ipp","title":"{A}cademic search engine spam and {G}oogle {S}cholar's resilience against it","year":"2010","key":"Beel2010"},"allChildren":[]}],"hGap":130,"shiftY":60,"attributes":null,"allChildren":[{"id":"ID_1843612913","nodeText":"right_L2P30_NormalTable","isHtml":false,"folded":false,"icons":[],"image":null,"link":null,"locked":null,"children":[],"hGap":0,"shiftY":0,"attributes":{"C0R2_Key":"C1R2_Value","C0R1_Key":"C1R1_Value","C0R0_Key":"C1R0_Value"},"allChildren":[]},{"id":"ID_1531300280","nodeText":"right_L2P31_JabRefTable_WithLinkToPDF","isHtml":false,"folded":false,"icons":[],"image":null,"link":"workspace:/../../../../D:/HTW/docear/../../../literature_repository/Example%20PDFs/Academic%20search%20engine%20spam%20and%20Google%20Scholars%20resilience%20against%20it.pdf","locked":null,"children":[],"hGap":0,"shiftY":0,"attributes":{"journal":"Journal of Electronic Publishing","authors":"{J}oeran {B}eel and {B}ela {G}ipp","title":"{A}cademic search engine spam and {G}oogle {S}cholar's resilience against it","year":"2010","key":"Beel2010"},"allChildren":[]}]}],"allChildren":[{"id":"ID_1395002523","nodeText":"left_L1P0_TreeDepth_5Children","isHtml":false,"folded":false,"icons":[],"image":null,"link":null,"locked":null,"children":[{"id":"ID_1384944366","nodeText":"left_L2P00","isHtml":false,"folded":false,"icons":[],"image":null,"link":null,"locked":null,"children":[{"id":"ID_1886685557","nodeText":"left_L3P000","isHtml":false,"folded":false,"icons":[],"image":null,"link":null,"locked":null,"children":[{"id":"ID_369887845","nodeText":"left_L4P0000","isHtml":false,"folded":false,"icons":[],"image":null,"link":null,"locked":null,"children":[{"id":"ID_1731394006","nodeText":"left_L5P00000","isHtml":false,"folded":false,"icons":[],"image":null,"link":null,"locked":null,"children":[{"id":"ID_1147936295","nodeText":"left_L6P000000","isHtml":false,"folded":false,"icons":[],"image":null,"link":null,"locked":null,"children":[],"hGap":0,"shiftY":0,"attributes":null,"allChildren":[]}],"hGap":0,"shiftY":0,"attributes":null,"allChildren":[{"id":"ID_1147936295","nodeText":"left_L6P000000","isHtml":false,"folded":false,"icons":[],"image":null,"link":null,"locked":null,"children":[],"hGap":0,"shiftY":0,"attributes":null,"allChildren":[]}]}],"hGap":0,"shiftY":0,"attributes":null,"allChildren":[{"id":"ID_1731394006","nodeText":"left_L5P00000","isHtml":false,"folded":false,"icons":[],"image":null,"link":null,"locked":null,"children":[{"id":"ID_1147936295","nodeText":"left_L6P000000","isHtml":false,"folded":false,"icons":[],"image":null,"link":null,"locked":null,"children":[],"hGap":0,"shiftY":0,"attributes":null,"allChildren":[]}],"hGap":0,"shiftY":0,"attributes":null,"allChildren":[{"id":"ID_1147936295","nodeText":"left_L6P000000","isHtml":false,"folded":false,"icons":[],"image":null,"link":null,"locked":null,"children":[],"hGap":0,"shiftY":0,"attributes":null,"allChildren":[]}]}]}],"hGap":0,"shiftY":0,"attributes":null,"allChildren":[{"id":"ID_369887845","nodeText":"left_L4P0000","isHtml":false,"folded":false,"icons":[],"image":null,"link":null,"locked":null,"children":[{"id":"ID_1731394006","nodeText":"left_L5P00000","isHtml":false,"folded":false,"icons":[],"image":null,"link":null,"locked":null,"children":[{"id":"ID_1147936295","nodeText":"left_L6P000000","isHtml":false,"folded":false,"icons":[],"image":null,"link":null,"locked":null,"children":[],"hGap":0,"shiftY":0,"attributes":null,"allChildren":[]}],"hGap":0,"shiftY":0,"attributes":null,"allChildren":[{"id":"ID_1147936295","nodeText":"left_L6P000000","isHtml":false,"folded":false,"icons":[],"image":null,"link":null,"locked":null,"children":[],"hGap":0,"shiftY":0,"attributes":null,"allChildren":[]}]}],"hGap":0,"shiftY":0,"attributes":null,"allChildren":[{"id":"ID_1731394006","nodeText":"left_L5P00000","isHtml":false,"folded":false,"icons":[],"image":null,"link":null,"locked":null,"children":[{"id":"ID_1147936295","nodeText":"left_L6P000000","isHtml":false,"folded":false,"icons":[],"image":null,"link":null,"locked":null,"children":[],"hGap":0,"shiftY":0,"attributes":null,"allChildren":[]}],"hGap":0,"shiftY":0,"attributes":null,"allChildren":[{"id":"ID_1147936295","nodeText":"left_L6P000000","isHtml":false,"folded":false,"icons":[],"image":null,"link":null,"locked":null,"children":[],"hGap":0,"shiftY":0,"attributes":null,"allChildren":[]}]}]}]}],"hGap":0,"shiftY":0,"attributes":null,"allChildren":[{"id":"ID_1886685557","nodeText":"left_L3P000","isHtml":false,"folded":false,"icons":[],"image":null,"link":null,"locked":null,"children":[{"id":"ID_369887845","nodeText":"left_L4P0000","isHtml":false,"folded":false,"icons":[],"image":null,"link":null,"locked":null,"children":[{"id":"ID_1731394006","nodeText":"left_L5P00000","isHtml":false,"folded":false,"icons":[],"image":null,"link":null,"locked":null,"children":[{"id":"ID_1147936295","nodeText":"left_L6P000000","isHtml":false,"folded":false,"icons":[],"image":null,"link":null,"locked":null,"children":[],"hGap":0,"shiftY":0,"attributes":null,"allChildren":[]}],"hGap":0,"shiftY":0,"attributes":null,"allChildren":[{"id":"ID_1147936295","nodeText":"left_L6P000000","isHtml":false,"folded":false,"icons":[],"image":null,"link":null,"locked":null,"children":[],"hGap":0,"shiftY":0,"attributes":null,"allChildren":[]}]}],"hGap":0,"shiftY":0,"attributes":null,"allChildren":[{"id":"ID_1731394006","nodeText":"left_L5P00000","isHtml":false,"folded":false,"icons":[],"image":null,"link":null,"locked":null,"children":[{"id":"ID_1147936295","nodeText":"left_L6P000000","isHtml":false,"folded":false,"icons":[],"image":null,"link":null,"locked":null,"children":[],"hGap":0,"shiftY":0,"attributes":null,"allChildren":[]}],"hGap":0,"shiftY":0,"attributes":null,"allChildren":[{"id":"ID_1147936295","nodeText":"left_L6P000000","isHtml":false,"folded":false,"icons":[],"image":null,"link":null,"locked":null,"children":[],"hGap":0,"shiftY":0,"attributes":null,"allChildren":[]}]}]}],"hGap":0,"shiftY":0,"attributes":null,"allChildren":[{"id":"ID_369887845","nodeText":"left_L4P0000","isHtml":false,"folded":false,"icons":[],"image":null,"link":null,"locked":null,"children":[{"id":"ID_1731394006","nodeText":"left_L5P00000","isHtml":false,"folded":false,"icons":[],"image":null,"link":null,"locked":null,"children":[{"id":"ID_1147936295","nodeText":"left_L6P000000","isHtml":false,"folded":false,"icons":[],"image":null,"link":null,"locked":null,"children":[],"hGap":0,"shiftY":0,"attributes":null,"allChildren":[]}],"hGap":0,"shiftY":0,"attributes":null,"allChildren":[{"id":"ID_1147936295","nodeText":"left_L6P000000","isHtml":false,"folded":false,"icons":[],"image":null,"link":null,"locked":null,"children":[],"hGap":0,"shiftY":0,"attributes":null,"allChildren":[]}]}],"hGap":0,"shiftY":0,"attributes":null,"allChildren":[{"id":"ID_1731394006","nodeText":"left_L5P00000","isHtml":false,"folded":false,"icons":[],"image":null,"link":null,"locked":null,"children":[{"id":"ID_1147936295","nodeText":"left_L6P000000","isHtml":false,"folded":false,"icons":[],"image":null,"link":null,"locked":null,"children":[],"hGap":0,"shiftY":0,"attributes":null,"allChildren":[]}],"hGap":0,"shiftY":0,"attributes":null,"allChildren":[{"id":"ID_1147936295","nodeText":"left_L6P000000","isHtml":false,"folded":false,"icons":[],"image":null,"link":null,"locked":null,"children":[],"hGap":0,"shiftY":0,"attributes":null,"allChildren":[]}]}]}]}]}],"hGap":80,"shiftY":-90,"attributes":null,"allChildren":[{"id":"ID_1384944366","nodeText":"left_L2P00","isHtml":false,"folded":false,"icons":[],"image":null,"link":null,"locked":null,"children":[{"id":"ID_1886685557","nodeText":"left_L3P000","isHtml":false,"folded":false,"icons":[],"image":null,"link":null,"locked":null,"children":[{"id":"ID_369887845","nodeText":"left_L4P0000","isHtml":false,"folded":false,"icons":[],"image":null,"link":null,"locked":null,"children":[{"id":"ID_1731394006","nodeText":"left_L5P00000","isHtml":false,"folded":false,"icons":[],"image":null,"link":null,"locked":null,"children":[{"id":"ID_1147936295","nodeText":"left_L6P000000","isHtml":false,"folded":false,"icons":[],"image":null,"link":null,"locked":null,"children":[],"hGap":0,"shiftY":0,"attributes":null,"allChildren":[]}],"hGap":0,"shiftY":0,"attributes":null,"allChildren":[{"id":"ID_1147936295","nodeText":"left_L6P000000","isHtml":false,"folded":false,"icons":[],"image":null,"link":null,"locked":null,"children":[],"hGap":0,"shiftY":0,"attributes":null,"allChildren":[]}]}],"hGap":0,"shiftY":0,"attributes":null,"allChildren":[{"id":"ID_1731394006","nodeText":"left_L5P00000","isHtml":false,"folded":false,"icons":[],"image":null,"link":null,"locked":null,"children":[{"id":"ID_1147936295","nodeText":"left_L6P000000","isHtml":false,"folded":false,"icons":[],"image":null,"link":null,"locked":null,"children":[],"hGap":0,"shiftY":0,"attributes":null,"allChildren":[]}],"hGap":0,"shiftY":0,"attributes":null,"allChildren":[{"id":"ID_1147936295","nodeText":"left_L6P000000","isHtml":false,"folded":false,"icons":[],"image":null,"link":null,"locked":null,"children":[],"hGap":0,"shiftY":0,"attributes":null,"allChildren":[]}]}]}],"hGap":0,"shiftY":0,"attributes":null,"allChildren":[{"id":"ID_369887845","nodeText":"left_L4P0000","isHtml":false,"folded":false,"icons":[],"image":null,"link":null,"locked":null,"children":[{"id":"ID_1731394006","nodeText":"left_L5P00000","isHtml":false,"folded":false,"icons":[],"image":null,"link":null,"locked":null,"children":[{"id":"ID_1147936295","nodeText":"left_L6P000000","isHtml":false,"folded":false,"icons":[],"image":null,"link":null,"locked":null,"children":[],"hGap":0,"shiftY":0,"attributes":null,"allChildren":[]}],"hGap":0,"shiftY":0,"attributes":null,"allChildren":[{"id":"ID_1147936295","nodeText":"left_L6P000000","isHtml":false,"folded":false,"icons":[],"image":null,"link":null,"locked":null,"children":[],"hGap":0,"shiftY":0,"attributes":null,"allChildren":[]}]}],"hGap":0,"shiftY":0,"attributes":null,"allChildren":[{"id":"ID_1731394006","nodeText":"left_L5P00000","isHtml":false,"folded":false,"icons":[],"image":null,"link":null,"locked":null,"children":[{"id":"ID_1147936295","nodeText":"left_L6P000000","isHtml":false,"folded":false,"icons":[],"image":null,"link":null,"locked":null,"children":[],"hGap":0,"shiftY":0,"attributes":null,"allChildren":[]}],"hGap":0,"shiftY":0,"attributes":null,"allChildren":[{"id":"ID_1147936295","nodeText":"left_L6P000000","isHtml":false,"folded":false,"icons":[],"image":null,"link":null,"locked":null,"children":[],"hGap":0,"shiftY":0,"attributes":null,"allChildren":[]}]}]}]}],"hGap":0,"shiftY":0,"attributes":null,"allChildren":[{"id":"ID_1886685557","nodeText":"left_L3P000","isHtml":false,"folded":false,"icons":[],"image":null,"link":null,"locked":null,"children":[{"id":"ID_369887845","nodeText":"left_L4P0000","isHtml":false,"folded":false,"icons":[],"image":null,"link":null,"locked":null,"children":[{"id":"ID_1731394006","nodeText":"left_L5P00000","isHtml":false,"folded":false,"icons":[],"image":null,"link":null,"locked":null,"children":[{"id":"ID_1147936295","nodeText":"left_L6P000000","isHtml":false,"folded":false,"icons":[],"image":null,"link":null,"locked":null,"children":[],"hGap":0,"shiftY":0,"attributes":null,"allChildren":[]}],"hGap":0,"shiftY":0,"attributes":null,"allChildren":[{"id":"ID_1147936295","nodeText":"left_L6P000000","isHtml":false,"folded":false,"icons":[],"image":null,"link":null,"locked":null,"children":[],"hGap":0,"shiftY":0,"attributes":null,"allChildren":[]}]}],"hGap":0,"shiftY":0,"attributes":null,"allChildren":[{"id":"ID_1731394006","nodeText":"left_L5P00000","isHtml":false,"folded":false,"icons":[],"image":null,"link":null,"locked":null,"children":[{"id":"ID_1147936295","nodeText":"left_L6P000000","isHtml":false,"folded":false,"icons":[],"image":null,"link":null,"locked":null,"children":[],"hGap":0,"shiftY":0,"attributes":null,"allChildren":[]}],"hGap":0,"shiftY":0,"attributes":null,"allChildren":[{"id":"ID_1147936295","nodeText":"left_L6P000000","isHtml":false,"folded":false,"icons":[],"image":null,"link":null,"locked":null,"children":[],"hGap":0,"shiftY":0,"attributes":null,"allChildren":[]}]}]}],"hGap":0,"shiftY":0,"attributes":null,"allChildren":[{"id":"ID_369887845","nodeText":"left_L4P0000","isHtml":false,"folded":false,"icons":[],"image":null,"link":null,"locked":null,"children":[{"id":"ID_1731394006","nodeText":"left_L5P00000","isHtml":false,"folded":false,"icons":[],"image":null,"link":null,"locked":null,"children":[{"id":"ID_1147936295","nodeText":"left_L6P000000","isHtml":false,"folded":false,"icons":[],"image":null,"link":null,"locked":null,"children":[],"hGap":0,"shiftY":0,"attributes":null,"allChildren":[]}],"hGap":0,"shiftY":0,"attributes":null,"allChildren":[{"id":"ID_1147936295","nodeText":"left_L6P000000","isHtml":false,"folded":false,"icons":[],"image":null,"link":null,"locked":null,"children":[],"hGap":0,"shiftY":0,"attributes":null,"allChildren":[]}]}],"hGap":0,"shiftY":0,"attributes":null,"allChildren":[{"id":"ID_1731394006","nodeText":"left_L5P00000","isHtml":false,"folded":false,"icons":[],"image":null,"link":null,"locked":null,"children":[{"id":"ID_1147936295","nodeText":"left_L6P000000","isHtml":false,"folded":false,"icons":[],"image":null,"link":null,"locked":null,"children":[],"hGap":0,"shiftY":0,"attributes":null,"allChildren":[]}],"hGap":0,"shiftY":0,"attributes":null,"allChildren":[{"id":"ID_1147936295","nodeText":"left_L6P000000","isHtml":false,"folded":false,"icons":[],"image":null,"link":null,"locked":null,"children":[],"hGap":0,"shiftY":0,"attributes":null,"allChildren":[]}]}]}]}]}]},{"id":"ID_505304847","nodeText":"left_L1P1_Fold","isHtml":false,"folded":true,"icons":[],"image":null,"link":null,"locked":null,"children":[{"id":"ID_1994088417","nodeText":"left_L2P10_Folded_WithUn-/FoldedChildren","isHtml":false,"folded":false,"icons":[],"image":null,"link":null,"locked":null,"children":[{"id":"ID_111629229","nodeText":"left_L3P100_Unfolded_WithUnfoldedChildren","isHtml":false,"folded":false,"icons":[],"image":null,"link":null,"locked":null,"children":[{"id":"ID_282423477","nodeText":"left_L4P1000_Unfolded","isHtml":false,"folded":false,"icons":[],"image":null,"link":null,"locked":null,"children":[],"hGap":0,"shiftY":0,"attributes":null,"allChildren":[]},{"id":"ID_1072393331","nodeText":"left_L4P1001_Unfolded","isHtml":false,"folded":false,"icons":[],"image":null,"link":null,"locked":null,"children":[],"hGap":0,"shiftY":0,"attributes":null,"allChildren":[]}],"hGap":0,"shiftY":0,"attributes":null,"allChildren":[{"id":"ID_282423477","nodeText":"left_L4P1000_Unfolded","isHtml":false,"folded":false,"icons":[],"image":null,"link":null,"locked":null,"children":[],"hGap":0,"shiftY":0,"attributes":null,"allChildren":[]},{"id":"ID_1072393331","nodeText":"left_L4P1001_Unfolded","isHtml":false,"folded":false,"icons":[],"image":null,"link":null,"locked":null,"children":[],"hGap":0,"shiftY":0,"attributes":null,"allChildren":[]}]},{"id":"ID_501846187","nodeText":"left_L3P101_Unfolded","isHtml":false,"folded":false,"icons":[],"image":null,"link":null,"locked":null,"children":[],"hGap":0,"shiftY":0,"attributes":null,"allChildren":[]},{"id":"ID_269140428","nodeText":"left_L3P102_Unfolded_WithFoldedChildren","isHtml":false,"folded":true,"icons":[],"image":null,"link":null,"locked":null,"children":[{"id":"ID_855698997","nodeText":"left_L4P1000_Folded","isHtml":false,"folded":false,"icons":[],"image":null,"link":null,"locked":null,"children":[],"hGap":0,"shiftY":0,"attributes":null,"allChildren":[]},{"id":"ID_1928881541","nodeText":"left_L4P1001_Folded","isHtml":false,"folded":false,"icons":[],"image":null,"link":null,"locked":null,"children":[],"hGap":0,"shiftY":0,"attributes":null,"allChildren":[]}],"hGap":0,"shiftY":0,"attributes":null,"allChildren":[{"id":"ID_855698997","nodeText":"left_L4P1000_Folded","isHtml":false,"folded":false,"icons":[],"image":null,"link":null,"locked":null,"children":[],"hGap":0,"shiftY":0,"attributes":null,"allChildren":[]},{"id":"ID_1928881541","nodeText":"left_L4P1001_Folded","isHtml":false,"folded":false,"icons":[],"image":null,"link":null,"locked":null,"children":[],"hGap":0,"shiftY":0,"attributes":null,"allChildren":[]}]}],"hGap":0,"shiftY":0,"attributes":null,"allChildren":[{"id":"ID_111629229","nodeText":"left_L3P100_Unfolded_WithUnfoldedChildren","isHtml":false,"folded":false,"icons":[],"image":null,"link":null,"locked":null,"children":[{"id":"ID_282423477","nodeText":"left_L4P1000_Unfolded","isHtml":false,"folded":false,"icons":[],"image":null,"link":null,"locked":null,"children":[],"hGap":0,"shiftY":0,"attributes":null,"allChildren":[]},{"id":"ID_1072393331","nodeText":"left_L4P1001_Unfolded","isHtml":false,"folded":false,"icons":[],"image":null,"link":null,"locked":null,"children":[],"hGap":0,"shiftY":0,"attributes":null,"allChildren":[]}],"hGap":0,"shiftY":0,"attributes":null,"allChildren":[{"id":"ID_282423477","nodeText":"left_L4P1000_Unfolded","isHtml":false,"folded":false,"icons":[],"image":null,"link":null,"locked":null,"children":[],"hGap":0,"shiftY":0,"attributes":null,"allChildren":[]},{"id":"ID_1072393331","nodeText":"left_L4P1001_Unfolded","isHtml":false,"folded":false,"icons":[],"image":null,"link":null,"locked":null,"children":[],"hGap":0,"shiftY":0,"attributes":null,"allChildren":[]}]},{"id":"ID_501846187","nodeText":"left_L3P101_Unfolded","isHtml":false,"folded":false,"icons":[],"image":null,"link":null,"locked":null,"children":[],"hGap":0,"shiftY":0,"attributes":null,"allChildren":[]},{"id":"ID_269140428","nodeText":"left_L3P102_Unfolded_WithFoldedChildren","isHtml":false,"folded":true,"icons":[],"image":null,"link":null,"locked":null,"children":[{"id":"ID_855698997","nodeText":"left_L4P1000_Folded","isHtml":false,"folded":false,"icons":[],"image":null,"link":null,"locked":null,"children":[],"hGap":0,"shiftY":0,"attributes":null,"allChildren":[]},{"id":"ID_1928881541","nodeText":"left_L4P1001_Folded","isHtml":false,"folded":false,"icons":[],"image":null,"link":null,"locked":null,"children":[],"hGap":0,"shiftY":0,"attributes":null,"allChildren":[]}],"hGap":0,"shiftY":0,"attributes":null,"allChildren":[{"id":"ID_855698997","nodeText":"left_L4P1000_Folded","isHtml":false,"folded":false,"icons":[],"image":null,"link":null,"locked":null,"children":[],"hGap":0,"shiftY":0,"attributes":null,"allChildren":[]},{"id":"ID_1928881541","nodeText":"left_L4P1001_Folded","isHtml":false,"folded":false,"icons":[],"image":null,"link":null,"locked":null,"children":[],"hGap":0,"shiftY":0,"attributes":null,"allChildren":[]}]}]}],"hGap":100,"shiftY":20,"attributes":null,"allChildren":[{"id":"ID_1994088417","nodeText":"left_L2P10_Folded_WithUn-/FoldedChildren","isHtml":false,"folded":false,"icons":[],"image":null,"link":null,"locked":null,"children":[{"id":"ID_111629229","nodeText":"left_L3P100_Unfolded_WithUnfoldedChildren","isHtml":false,"folded":false,"icons":[],"image":null,"link":null,"locked":null,"children":[{"id":"ID_282423477","nodeText":"left_L4P1000_Unfolded","isHtml":false,"folded":false,"icons":[],"image":null,"link":null,"locked":null,"children":[],"hGap":0,"shiftY":0,"attributes":null,"allChildren":[]},{"id":"ID_1072393331","nodeText":"left_L4P1001_Unfolded","isHtml":false,"folded":false,"icons":[],"image":null,"link":null,"locked":null,"children":[],"hGap":0,"shiftY":0,"attributes":null,"allChildren":[]}],"hGap":0,"shiftY":0,"attributes":null,"allChildren":[{"id":"ID_282423477","nodeText":"left_L4P1000_Unfolded","isHtml":false,"folded":false,"icons":[],"image":null,"link":null,"locked":null,"children":[],"hGap":0,"shiftY":0,"attributes":null,"allChildren":[]},{"id":"ID_1072393331","nodeText":"left_L4P1001_Unfolded","isHtml":false,"folded":false,"icons":[],"image":null,"link":null,"locked":null,"children":[],"hGap":0,"shiftY":0,"attributes":null,"allChildren":[]}]},{"id":"ID_501846187","nodeText":"left_L3P101_Unfolded","isHtml":false,"folded":false,"icons":[],"image":null,"link":null,"locked":null,"children":[],"hGap":0,"shiftY":0,"attributes":null,"allChildren":[]},{"id":"ID_269140428","nodeText":"left_L3P102_Unfolded_WithFoldedChildren","isHtml":false,"folded":true,"icons":[],"image":null,"link":null,"locked":null,"children":[{"id":"ID_855698997","nodeText":"left_L4P1000_Folded","isHtml":false,"folded":false,"icons":[],"image":null,"link":null,"locked":null,"children":[],"hGap":0,"shiftY":0,"attributes":null,"allChildren":[]},{"id":"ID_1928881541","nodeText":"left_L4P1001_Folded","isHtml":false,"folded":false,"icons":[],"image":null,"link":null,"locked":null,"children":[],"hGap":0,"shiftY":0,"attributes":null,"allChildren":[]}],"hGap":0,"shiftY":0,"attributes":null,"allChildren":[{"id":"ID_855698997","nodeText":"left_L4P1000_Folded","isHtml":false,"folded":false,"icons":[],"image":null,"link":null,"locked":null,"children":[],"hGap":0,"shiftY":0,"attributes":null,"allChildren":[]},{"id":"ID_1928881541","nodeText":"left_L4P1001_Folded","isHtml":false,"folded":false,"icons":[],"image":null,"link":null,"locked":null,"children":[],"hGap":0,"shiftY":0,"attributes":null,"allChildren":[]}]}],"hGap":0,"shiftY":0,"attributes":null,"allChildren":[{"id":"ID_111629229","nodeText":"left_L3P100_Unfolded_WithUnfoldedChildren","isHtml":false,"folded":false,"icons":[],"image":null,"link":null,"locked":null,"children":[{"id":"ID_282423477","nodeText":"left_L4P1000_Unfolded","isHtml":false,"folded":false,"icons":[],"image":null,"link":null,"locked":null,"children":[],"hGap":0,"shiftY":0,"attributes":null,"allChildren":[]},{"id":"ID_1072393331","nodeText":"left_L4P1001_Unfolded","isHtml":false,"folded":false,"icons":[],"image":null,"link":null,"locked":null,"children":[],"hGap":0,"shiftY":0,"attributes":null,"allChildren":[]}],"hGap":0,"shiftY":0,"attributes":null,"allChildren":[{"id":"ID_282423477","nodeText":"left_L4P1000_Unfolded","isHtml":false,"folded":false,"icons":[],"image":null,"link":null,"locked":null,"children":[],"hGap":0,"shiftY":0,"attributes":null,"allChildren":[]},{"id":"ID_1072393331","nodeText":"left_L4P1001_Unfolded","isHtml":false,"folded":false,"icons":[],"image":null,"link":null,"locked":null,"children":[],"hGap":0,"shiftY":0,"attributes":null,"allChildren":[]}]},{"id":"ID_501846187","nodeText":"left_L3P101_Unfolded","isHtml":false,"folded":false,"icons":[],"image":null,"link":null,"locked":null,"children":[],"hGap":0,"shiftY":0,"attributes":null,"allChildren":[]},{"id":"ID_269140428","nodeText":"left_L3P102_Unfolded_WithFoldedChildren","isHtml":false,"folded":true,"icons":[],"image":null,"link":null,"locked":null,"children":[{"id":"ID_855698997","nodeText":"left_L4P1000_Folded","isHtml":false,"folded":false,"icons":[],"image":null,"link":null,"locked":null,"children":[],"hGap":0,"shiftY":0,"attributes":null,"allChildren":[]},{"id":"ID_1928881541","nodeText":"left_L4P1001_Folded","isHtml":false,"folded":false,"icons":[],"image":null,"link":null,"locked":null,"children":[],"hGap":0,"shiftY":0,"attributes":null,"allChildren":[]}],"hGap":0,"shiftY":0,"attributes":null,"allChildren":[{"id":"ID_855698997","nodeText":"left_L4P1000_Folded","isHtml":false,"folded":false,"icons":[],"image":null,"link":null,"locked":null,"children":[],"hGap":0,"shiftY":0,"attributes":null,"allChildren":[]},{"id":"ID_1928881541","nodeText":"left_L4P1001_Folded","isHtml":false,"folded":false,"icons":[],"image":null,"link":null,"locked":null,"children":[],"hGap":0,"shiftY":0,"attributes":null,"allChildren":[]}]}]}]},{"id":"ID_1657680452","nodeText":"left_L1P2_NodeStyle","isHtml":false,"folded":false,"icons":[],"image":null,"link":null,"locked":null,"children":[{"id":"ID_1355332128","nodeText":"left_L2P20_RootNode","isHtml":false,"folded":false,"icons":[],"image":null,"link":null,"locked":null,"children":[],"hGap":0,"shiftY":0,"attributes":null,"allChildren":[]},{"id":"ID_1139579263","nodeText":"left_L2P21_Level1","isHtml":false,"folded":false,"icons":[],"image":null,"link":null,"locked":null,"children":[],"hGap":0,"shiftY":0,"attributes":null,"allChildren":[]},{"id":"ID_894491244","nodeText":"left_L2P22_Level2","isHtml":false,"folded":false,"icons":[],"image":null,"link":null,"locked":null,"children":[],"hGap":0,"shiftY":0,"attributes":null,"allChildren":[]},{"id":"ID_1514293713","nodeText":"left_L2P23_Details","isHtml":false,"folded":false,"icons":[],"image":null,"link":null,"locked":null,"children":[],"hGap":0,"shiftY":0,"attributes":null,"allChildren":[]},{"id":"ID_594753566","nodeText":"left_L2P24_Important","isHtml":false,"folded":false,"icons":[],"image":null,"link":null,"locked":null,"children":[],"hGap":0,"shiftY":0,"attributes":null,"allChildren":[]}],"hGap":60,"shiftY":90,"attributes":null,"allChildren":[{"id":"ID_1355332128","nodeText":"left_L2P20_RootNode","isHtml":false,"folded":false,"icons":[],"image":null,"link":null,"locked":null,"children":[],"hGap":0,"shiftY":0,"attributes":null,"allChildren":[]},{"id":"ID_1139579263","nodeText":"left_L2P21_Level1","isHtml":false,"folded":false,"icons":[],"image":null,"link":null,"locked":null,"children":[],"hGap":0,"shiftY":0,"attributes":null,"allChildren":[]},{"id":"ID_894491244","nodeText":"left_L2P22_Level2","isHtml":false,"folded":false,"icons":[],"image":null,"link":null,"locked":null,"children":[],"hGap":0,"shiftY":0,"attributes":null,"allChildren":[]},{"id":"ID_1514293713","nodeText":"left_L2P23_Details","isHtml":false,"folded":false,"icons":[],"image":null,"link":null,"locked":null,"children":[],"hGap":0,"shiftY":0,"attributes":null,"allChildren":[]},{"id":"ID_594753566","nodeText":"left_L2P24_Important","isHtml":false,"folded":false,"icons":[],"image":null,"link":null,"locked":null,"children":[],"hGap":0,"shiftY":0,"attributes":null,"allChildren":[]}]},{"id":"ID_1921859689","nodeText":"left_L1P3_Text","isHtml":false,"folded":false,"icons":[],"image":null,"link":null,"locked":null,"children":[{"id":"ID_1724623172","nodeText":"left_L2P30_NormalText","isHtml":false,"folded":false,"icons":[],"image":null,"link":null,"locked":null,"children":[],"hGap":0,"shiftY":0,"attributes":null,"allChildren":[]},{"id":"ID_918586102","nodeText":"<html>\n  <head>\n    \n  </head>\n  <body>\n    <h1>\n      \n    </h1>\n    <p>\n      left_L2P31_HTMLText\n    </p>\n  </body>\n</html>","isHtml":true,"folded":false,"icons":[],"image":null,"link":null,"locked":null,"children":[],"hGap":0,"shiftY":0,"attributes":null,"allChildren":[]}],"hGap":30,"shiftY":90,"attributes":null,"allChildren":[{"id":"ID_1724623172","nodeText":"left_L2P30_NormalText","isHtml":false,"folded":false,"icons":[],"image":null,"link":null,"locked":null,"children":[],"hGap":0,"shiftY":0,"attributes":null,"allChildren":[]},{"id":"ID_918586102","nodeText":"<html>\n  <head>\n    \n  </head>\n  <body>\n    <h1>\n      \n    </h1>\n    <p>\n      left_L2P31_HTMLText\n    </p>\n  </body>\n</html>","isHtml":true,"folded":false,"icons":[],"image":null,"link":null,"locked":null,"children":[],"hGap":0,"shiftY":0,"attributes":null,"allChildren":[]}]},{"id":"ID_1","nodeText":"right_L1P0_Links","isHtml":false,"folded":false,"icons":[],"image":null,"link":null,"locked":null,"children":[{"id":"ID_2","nodeText":"right_L2P00_URL http://www.google.com","isHtml":false,"folded":false,"icons":[],"image":null,"link":"http://www.google.com","locked":null,"children":[],"hGap":0,"shiftY":0,"attributes":null,"allChildren":[]},{"id":"ID_3","nodeText":"right_L2P01_NodeLink_ToParent","isHtml":false,"folded":false,"icons":[],"image":null,"link":"#ID_1","locked":null,"children":[],"hGap":0,"shiftY":0,"attributes":null,"allChildren":[]}],"hGap":70,"shiftY":-160,"attributes":null,"allChildren":[{"id":"ID_2","nodeText":"right_L2P00_URL http://www.google.com","isHtml":false,"folded":false,"icons":[],"image":null,"link":"http://www.google.com","locked":null,"children":[],"hGap":0,"shiftY":0,"attributes":null,"allChildren":[]},{"id":"ID_3","nodeText":"right_L2P01_NodeLink_ToParent","isHtml":false,"folded":false,"icons":[],"image":null,"link":"#ID_1","locked":null,"children":[],"hGap":0,"shiftY":0,"attributes":null,"allChildren":[]}]},{"id":"ID_4","nodeText":"right_L1P1_EdgeStyle","isHtml":false,"folded":false,"icons":[],"image":null,"link":null,"locked":null,"children":[{"id":"ID_5","nodeText":"right_L2P10_sameEdgeStyle","isHtml":false,"folded":false,"icons":[],"image":null,"link":null,"locked":null,"children":[],"hGap":160,"shiftY":0,"attributes":null,"allChildren":[]},{"id":"ID_1694248792","nodeText":"right_L2P11_differentEdgeStyle","isHtml":false,"folded":false,"icons":[],"image":null,"link":null,"locked":null,"children":[],"hGap":150,"shiftY":60,"attributes":null,"allChildren":[]},{"id":"ID_695389559","nodeText":"right_L2P12_differentEdgeWidth","isHtml":false,"folded":false,"icons":[],"image":null,"link":null,"locked":null,"children":[],"hGap":150,"shiftY":60,"attributes":null,"allChildren":[]}],"hGap":0,"shiftY":0,"attributes":null,"allChildren":[{"id":"ID_5","nodeText":"right_L2P10_sameEdgeStyle","isHtml":false,"folded":false,"icons":[],"image":null,"link":null,"locked":null,"children":[],"hGap":160,"shiftY":0,"attributes":null,"allChildren":[]},{"id":"ID_1694248792","nodeText":"right_L2P11_differentEdgeStyle","isHtml":false,"folded":false,"icons":[],"image":null,"link":null,"locked":null,"children":[],"hGap":150,"shiftY":60,"attributes":null,"allChildren":[]},{"id":"ID_695389559","nodeText":"right_L2P12_differentEdgeWidth","isHtml":false,"folded":false,"icons":[],"image":null,"link":null,"locked":null,"children":[],"hGap":150,"shiftY":60,"attributes":null,"allChildren":[]}]},{"id":"ID_1875819033","nodeText":"right_L1P2_Image","isHtml":false,"folded":false,"icons":[],"image":null,"link":null,"locked":null,"children":[{"id":"ID_633666271","nodeText":"right_L2P20_Image_NormalSize","isHtml":false,"folded":false,"icons":[],"image":null,"link":null,"locked":null,"children":[],"hGap":0,"shiftY":0,"attributes":null,"allChildren":[]},{"id":"ID_1952442636","nodeText":"right_L2P21_Image_HalfSize","isHtml":false,"folded":false,"icons":[],"image":null,"link":null,"locked":null,"children":[],"hGap":0,"shiftY":0,"attributes":null,"allChildren":[]}],"hGap":110,"shiftY":90,"attributes":null,"allChildren":[{"id":"ID_633666271","nodeText":"right_L2P20_Image_NormalSize","isHtml":false,"folded":false,"icons":[],"image":null,"link":null,"locked":null,"children":[],"hGap":0,"shiftY":0,"attributes":null,"allChildren":[]},{"id":"ID_1952442636","nodeText":"right_L2P21_Image_HalfSize","isHtml":false,"folded":false,"icons":[],"image":null,"link":null,"locked":null,"children":[],"hGap":0,"shiftY":0,"attributes":null,"allChildren":[]}]},{"id":"ID_1661639564","nodeText":"right_L1P3_Tables","isHtml":false,"folded":false,"icons":[],"image":null,"link":null,"locked":null,"children":[{"id":"ID_1843612913","nodeText":"right_L2P30_NormalTable","isHtml":false,"folded":false,"icons":[],"image":null,"link":null,"locked":null,"children":[],"hGap":0,"shiftY":0,"attributes":{"C0R2_Key":"C1R2_Value","C0R1_Key":"C1R1_Value","C0R0_Key":"C1R0_Value"},"allChildren":[]},{"id":"ID_1531300280","nodeText":"right_L2P31_JabRefTable_WithLinkToPDF","isHtml":false,"folded":false,"icons":[],"image":null,"link":"workspace:/../../../../D:/HTW/docear/../../../literature_repository/Example%20PDFs/Academic%20search%20engine%20spam%20and%20Google%20Scholars%20resilience%20against%20it.pdf","locked":null,"children":[],"hGap":0,"shiftY":0,"attributes":{"journal":"Journal of Electronic Publishing","authors":"{J}oeran {B}eel and {B}ela {G}ipp","title":"{A}cademic search engine spam and {G}oogle {S}cholar's resilience against it","year":"2010","key":"Beel2010"},"allChildren":[]}],"hGap":130,"shiftY":60,"attributes":null,"allChildren":[{"id":"ID_1843612913","nodeText":"right_L2P30_NormalTable","isHtml":false,"folded":false,"icons":[],"image":null,"link":null,"locked":null,"children":[],"hGap":0,"shiftY":0,"attributes":{"C0R2_Key":"C1R2_Value","C0R1_Key":"C1R1_Value","C0R0_Key":"C1R0_Value"},"allChildren":[]},{"id":"ID_1531300280","nodeText":"right_L2P31_JabRefTable_WithLinkToPDF","isHtml":false,"folded":false,"icons":[],"image":null,"link":"workspace:/../../../../D:/HTW/docear/../../../literature_repository/Example%20PDFs/Academic%20search%20engine%20spam%20and%20Google%20Scholars%20resilience%20against%20it.pdf","locked":null,"children":[],"hGap":0,"shiftY":0,"attributes":{"journal":"Journal of Electronic Publishing","authors":"{J}oeran {B}eel and {B}ela {G}ipp","title":"{A}cademic search engine spam and {G}oogle {S}cholar's resilience against it","year":"2010","key":"Beel2010"},"allChildren":[]}]}]}}
akka.actor.RepointableActorRef received
org.docear.messages.Messages$MindmapAsJsonReponse received
akka.actor.RepointableActorRef received
akka.actor.Status$Failure received
akka.actor.RepointableActorRef received
org.docear.messages.Messages$GetNodeResponse received
right_L1P0_Links
akka.actor.RepointableActorRef received
{"id":"1361873629043443330160115262141076.mm","isReadonly":false,"root":{"id":"ID_0","nodeText":"test_5 = MapID ; 5.mm = Title","isHtml":false,"folded":false,"icons":[],"image":null,"link":null,"locked":null,"leftChildren":[{"id":"ID_1395002523","nodeText":"left_L1P0_TreeDepth_5Children","isHtml":false,"folded":false,"icons":[],"image":null,"link":null,"locked":null,"children":[{"id":"ID_1384944366","nodeText":"left_L2P00","isHtml":false,"folded":false,"icons":[],"image":null,"link":null,"locked":null,"children":[{"id":"ID_1886685557","nodeText":"left_L3P000","isHtml":false,"folded":false,"icons":[],"image":null,"link":null,"locked":null,"children":[{"id":"ID_369887845","nodeText":"left_L4P0000","isHtml":false,"folded":false,"icons":[],"image":null,"link":null,"locked":null,"children":[{"id":"ID_1731394006","nodeText":"left_L5P00000","isHtml":false,"folded":false,"icons":[],"image":null,"link":null,"locked":null,"children":[{"id":"ID_1147936295","nodeText":"left_L6P000000","isHtml":false,"folded":false,"icons":[],"image":null,"link":null,"locked":null,"children":[],"hGap":0,"shiftY":0,"attributes":null,"allChildren":[]}],"hGap":0,"shiftY":0,"attributes":null,"allChildren":[{"id":"ID_1147936295","nodeText":"left_L6P000000","isHtml":false,"folded":false,"icons":[],"image":null,"link":null,"locked":null,"children":[],"hGap":0,"shiftY":0,"attributes":null,"allChildren":[]}]}],"hGap":0,"shiftY":0,"attributes":null,"allChildren":[{"id":"ID_1731394006","nodeText":"left_L5P00000","isHtml":false,"folded":false,"icons":[],"image":null,"link":null,"locked":null,"children":[{"id":"ID_1147936295","nodeText":"left_L6P000000","isHtml":false,"folded":false,"icons":[],"image":null,"link":null,"locked":null,"children":[],"hGap":0,"shiftY":0,"attributes":null,"allChildren":[]}],"hGap":0,"shiftY":0,"attributes":null,"allChildren":[{"id":"ID_1147936295","nodeText":"left_L6P000000","isHtml":false,"folded":false,"icons":[],"image":null,"link":null,"locked":null,"children":[],"hGap":0,"shiftY":0,"attributes":null,"allChildren":[]}]}]}],"hGap":0,"shiftY":0,"attributes":null,"allChildren":[{"id":"ID_369887845","nodeText":"left_L4P0000","isHtml":false,"folded":false,"icons":[],"image":null,"link":null,"locked":null,"children":[{"id":"ID_1731394006","nodeText":"left_L5P00000","isHtml":false,"folded":false,"icons":[],"image":null,"link":null,"locked":null,"children":[{"id":"ID_1147936295","nodeText":"left_L6P000000","isHtml":false,"folded":false,"icons":[],"image":null,"link":null,"locked":null,"children":[],"hGap":0,"shiftY":0,"attributes":null,"allChildren":[]}],"hGap":0,"shiftY":0,"attributes":null,"allChildren":[{"id":"ID_1147936295","nodeText":"left_L6P000000","isHtml":false,"folded":false,"icons":[],"image":null,"link":null,"locked":null,"children":[],"hGap":0,"shiftY":0,"attributes":null,"allChildren":[]}]}],"hGap":0,"shiftY":0,"attributes":null,"allChildren":[{"id":"ID_1731394006","nodeText":"left_L5P00000","isHtml":false,"folded":false,"icons":[],"image":null,"link":null,"locked":null,"children":[{"id":"ID_1147936295","nodeText":"left_L6P000000","isHtml":false,"folded":false,"icons":[],"image":null,"link":null,"locked":null,"children":[],"hGap":0,"shiftY":0,"attributes":null,"allChildren":[]}],"hGap":0,"shiftY":0,"attributes":null,"allChildren":[{"id":"ID_1147936295","nodeText":"left_L6P000000","isHtml":false,"folded":false,"icons":[],"image":null,"link":null,"locked":null,"children":[],"hGap":0,"shiftY":0,"attributes":null,"allChildren":[]}]}]}]}],"hGap":0,"shiftY":0,"attributes":null,"allChildren":[{"id":"ID_1886685557","nodeText":"left_L3P000","isHtml":false,"folded":false,"icons":[],"image":null,"link":null,"locked":null,"children":[{"id":"ID_369887845","nodeText":"left_L4P0000","isHtml":false,"folded":false,"icons":[],"image":null,"link":null,"locked":null,"children":[{"id":"ID_1731394006","nodeText":"left_L5P00000","isHtml":false,"folded":false,"icons":[],"image":null,"link":null,"locked":null,"children":[{"id":"ID_1147936295","nodeText":"left_L6P000000","isHtml":false,"folded":false,"icons":[],"image":null,"link":null,"locked":null,"children":[],"hGap":0,"shiftY":0,"attributes":null,"allChildren":[]}],"hGap":0,"shiftY":0,"attributes":null,"allChildren":[{"id":"ID_1147936295","nodeText":"left_L6P000000","isHtml":false,"folded":false,"icons":[],"image":null,"link":null,"locked":null,"children":[],"hGap":0,"shiftY":0,"attributes":null,"allChildren":[]}]}],"hGap":0,"shiftY":0,"attributes":null,"allChildren":[{"id":"ID_1731394006","nodeText":"left_L5P00000","isHtml":false,"folded":false,"icons":[],"image":null,"link":null,"locked":null,"children":[{"id":"ID_1147936295","nodeText":"left_L6P000000","isHtml":false,"folded":false,"icons":[],"image":null,"link":null,"locked":null,"children":[],"hGap":0,"shiftY":0,"attributes":null,"allChildren":[]}],"hGap":0,"shiftY":0,"attributes":null,"allChildren":[{"id":"ID_1147936295","nodeText":"left_L6P000000","isHtml":false,"folded":false,"icons":[],"image":null,"link":null,"locked":null,"children":[],"hGap":0,"shiftY":0,"attributes":null,"allChildren":[]}]}]}],"hGap":0,"shiftY":0,"attributes":null,"allChildren":[{"id":"ID_369887845","nodeText":"left_L4P0000","isHtml":false,"folded":false,"icons":[],"image":null,"link":null,"locked":null,"children":[{"id":"ID_1731394006","nodeText":"left_L5P00000","isHtml":false,"folded":false,"icons":[],"image":null,"link":null,"locked":null,"children":[{"id":"ID_1147936295","nodeText":"left_L6P000000","isHtml":false,"folded":false,"icons":[],"image":null,"link":null,"locked":null,"children":[],"hGap":0,"shiftY":0,"attributes":null,"allChildren":[]}],"hGap":0,"shiftY":0,"attributes":null,"allChildren":[{"id":"ID_1147936295","nodeText":"left_L6P000000","isHtml":false,"folded":false,"icons":[],"image":null,"link":null,"locked":null,"children":[],"hGap":0,"shiftY":0,"attributes":null,"allChildren":[]}]}],"hGap":0,"shiftY":0,"attributes":null,"allChildren":[{"id":"ID_1731394006","nodeText":"left_L5P00000","isHtml":false,"folded":false,"icons":[],"image":null,"link":null,"locked":null,"children":[{"id":"ID_1147936295","nodeText":"left_L6P000000","isHtml":false,"folded":false,"icons":[],"image":null,"link":null,"locked":null,"children":[],"hGap":0,"shiftY":0,"attributes":null,"allChildren":[]}],"hGap":0,"shiftY":0,"attributes":null,"allChildren":[{"id":"ID_1147936295","nodeText":"left_L6P000000","isHtml":false,"folded":false,"icons":[],"image":null,"link":null,"locked":null,"children":[],"hGap":0,"shiftY":0,"attributes":null,"allChildren":[]}]}]}]}]}],"hGap":80,"shiftY":-90,"attributes":null,"allChildren":[{"id":"ID_1384944366","nodeText":"left_L2P00","isHtml":false,"folded":false,"icons":[],"image":null,"link":null,"locked":null,"children":[{"id":"ID_1886685557","nodeText":"left_L3P000","isHtml":false,"folded":false,"icons":[],"image":null,"link":null,"locked":null,"children":[{"id":"ID_369887845","nodeText":"left_L4P0000","isHtml":false,"folded":false,"icons":[],"image":null,"link":null,"locked":null,"children":[{"id":"ID_1731394006","nodeText":"left_L5P00000","isHtml":false,"folded":false,"icons":[],"image":null,"link":null,"locked":null,"children":[{"id":"ID_1147936295","nodeText":"left_L6P000000","isHtml":false,"folded":false,"icons":[],"image":null,"link":null,"locked":null,"children":[],"hGap":0,"shiftY":0,"attributes":null,"allChildren":[]}],"hGap":0,"shiftY":0,"attributes":null,"allChildren":[{"id":"ID_1147936295","nodeText":"left_L6P000000","isHtml":false,"folded":false,"icons":[],"image":null,"link":null,"locked":null,"children":[],"hGap":0,"shiftY":0,"attributes":null,"allChildren":[]}]}],"hGap":0,"shiftY":0,"attributes":null,"allChildren":[{"id":"ID_1731394006","nodeText":"left_L5P00000","isHtml":false,"folded":false,"icons":[],"image":null,"link":null,"locked":null,"children":[{"id":"ID_1147936295","nodeText":"left_L6P000000","isHtml":false,"folded":false,"icons":[],"image":null,"link":null,"locked":null,"children":[],"hGap":0,"shiftY":0,"attributes":null,"allChildren":[]}],"hGap":0,"shiftY":0,"attributes":null,"allChildren":[{"id":"ID_1147936295","nodeText":"left_L6P000000","isHtml":false,"folded":false,"icons":[],"image":null,"link":null,"locked":null,"children":[],"hGap":0,"shiftY":0,"attributes":null,"allChildren":[]}]}]}],"hGap":0,"shiftY":0,"attributes":null,"allChildren":[{"id":"ID_369887845","nodeText":"left_L4P0000","isHtml":false,"folded":false,"icons":[],"image":null,"link":null,"locked":null,"children":[{"id":"ID_1731394006","nodeText":"left_L5P00000","isHtml":false,"folded":false,"icons":[],"image":null,"link":null,"locked":null,"children":[{"id":"ID_1147936295","nodeText":"left_L6P000000","isHtml":false,"folded":false,"icons":[],"image":null,"link":null,"locked":null,"children":[],"hGap":0,"shiftY":0,"attributes":null,"allChildren":[]}],"hGap":0,"shiftY":0,"attributes":null,"allChildren":[{"id":"ID_1147936295","nodeText":"left_L6P000000","isHtml":false,"folded":false,"icons":[],"image":null,"link":null,"locked":null,"children":[],"hGap":0,"shiftY":0,"attributes":null,"allChildren":[]}]}],"hGap":0,"shiftY":0,"attributes":null,"allChildren":[{"id":"ID_1731394006","nodeText":"left_L5P00000","isHtml":false,"folded":false,"icons":[],"image":null,"link":null,"locked":null,"children":[{"id":"ID_1147936295","nodeText":"left_L6P000000","isHtml":false,"folded":false,"icons":[],"image":null,"link":null,"locked":null,"children":[],"hGap":0,"shiftY":0,"attributes":null,"allChildren":[]}],"hGap":0,"shiftY":0,"attributes":null,"allChildren":[{"id":"ID_1147936295","nodeText":"left_L6P000000","isHtml":false,"folded":false,"icons":[],"image":null,"link":null,"locked":null,"children":[],"hGap":0,"shiftY":0,"attributes":null,"allChildren":[]}]}]}]}],"hGap":0,"shiftY":0,"attributes":null,"allChildren":[{"id":"ID_1886685557","nodeText":"left_L3P000","isHtml":false,"folded":false,"icons":[],"image":null,"link":null,"locked":null,"children":[{"id":"ID_369887845","nodeText":"left_L4P0000","isHtml":false,"folded":false,"icons":[],"image":null,"link":null,"locked":null,"children":[{"id":"ID_1731394006","nodeText":"left_L5P00000","isHtml":false,"folded":false,"icons":[],"image":null,"link":null,"locked":null,"children":[{"id":"ID_1147936295","nodeText":"left_L6P000000","isHtml":false,"folded":false,"icons":[],"image":null,"link":null,"locked":null,"children":[],"hGap":0,"shiftY":0,"attributes":null,"allChildren":[]}],"hGap":0,"shiftY":0,"attributes":null,"allChildren":[{"id":"ID_1147936295","nodeText":"left_L6P000000","isHtml":false,"folded":false,"icons":[],"image":null,"link":null,"locked":null,"children":[],"hGap":0,"shiftY":0,"attributes":null,"allChildren":[]}]}],"hGap":0,"shiftY":0,"attributes":null,"allChildren":[{"id":"ID_1731394006","nodeText":"left_L5P00000","isHtml":false,"folded":false,"icons":[],"image":null,"link":null,"locked":null,"children":[{"id":"ID_1147936295","nodeText":"left_L6P000000","isHtml":false,"folded":false,"icons":[],"image":null,"link":null,"locked":null,"children":[],"hGap":0,"shiftY":0,"attributes":null,"allChildren":[]}],"hGap":0,"shiftY":0,"attributes":null,"allChildren":[{"id":"ID_1147936295","nodeText":"left_L6P000000","isHtml":false,"folded":false,"icons":[],"image":null,"link":null,"locked":null,"children":[],"hGap":0,"shiftY":0,"attributes":null,"allChildren":[]}]}]}],"hGap":0,"shiftY":0,"attributes":null,"allChildren":[{"id":"ID_369887845","nodeText":"left_L4P0000","isHtml":false,"folded":false,"icons":[],"image":null,"link":null,"locked":null,"children":[{"id":"ID_1731394006","nodeText":"left_L5P00000","isHtml":false,"folded":false,"icons":[],"image":null,"link":null,"locked":null,"children":[{"id":"ID_1147936295","nodeText":"left_L6P000000","isHtml":false,"folded":false,"icons":[],"image":null,"link":null,"locked":null,"children":[],"hGap":0,"shiftY":0,"attributes":null,"allChildren":[]}],"hGap":0,"shiftY":0,"attributes":null,"allChildren":[{"id":"ID_1147936295","nodeText":"left_L6P000000","isHtml":false,"folded":false,"icons":[],"image":null,"link":null,"locked":null,"children":[],"hGap":0,"shiftY":0,"attributes":null,"allChildren":[]}]}],"hGap":0,"shiftY":0,"attributes":null,"allChildren":[{"id":"ID_1731394006","nodeText":"left_L5P00000","isHtml":false,"folded":false,"icons":[],"image":null,"link":null,"locked":null,"children":[{"id":"ID_1147936295","nodeText":"left_L6P000000","isHtml":false,"folded":false,"icons":[],"image":null,"link":null,"locked":null,"children":[],"hGap":0,"shiftY":0,"attributes":null,"allChildren":[]}],"hGap":0,"shiftY":0,"attributes":null,"allChildren":[{"id":"ID_1147936295","nodeText":"left_L6P000000","isHtml":false,"folded":false,"icons":[],"image":null,"link":null,"locked":null,"children":[],"hGap":0,"shiftY":0,"attributes":null,"allChildren":[]}]}]}]}]}]},{"id":"ID_505304847","nodeText":"left_L1P1_Fold","isHtml":false,"folded":true,"icons":[],"image":null,"link":null,"locked":null,"children":[{"id":"ID_1994088417","nodeText":"left_L2P10_Folded_WithUn-/FoldedChildren","isHtml":false,"folded":false,"icons":[],"image":null,"link":null,"locked":null,"children":[{"id":"ID_111629229","nodeText":"left_L3P100_Unfolded_WithUnfoldedChildren","isHtml":false,"folded":false,"icons":[],"image":null,"link":null,"locked":null,"children":[{"id":"ID_282423477","nodeText":"left_L4P1000_Unfolded","isHtml":false,"folded":false,"icons":[],"image":null,"link":null,"locked":null,"children":[],"hGap":0,"shiftY":0,"attributes":null,"allChildren":[]},{"id":"ID_1072393331","nodeText":"left_L4P1001_Unfolded","isHtml":false,"folded":false,"icons":[],"image":null,"link":null,"locked":null,"children":[],"hGap":0,"shiftY":0,"attributes":null,"allChildren":[]}],"hGap":0,"shiftY":0,"attributes":null,"allChildren":[{"id":"ID_282423477","nodeText":"left_L4P1000_Unfolded","isHtml":false,"folded":false,"icons":[],"image":null,"link":null,"locked":null,"children":[],"hGap":0,"shiftY":0,"attributes":null,"allChildren":[]},{"id":"ID_1072393331","nodeText":"left_L4P1001_Unfolded","isHtml":false,"folded":false,"icons":[],"image":null,"link":null,"locked":null,"children":[],"hGap":0,"shiftY":0,"attributes":null,"allChildren":[]}]},{"id":"ID_501846187","nodeText":"left_L3P101_Unfolded","isHtml":false,"folded":false,"icons":[],"image":null,"link":null,"locked":null,"children":[],"hGap":0,"shiftY":0,"attributes":null,"allChildren":[]},{"id":"ID_269140428","nodeText":"left_L3P102_Unfolded_WithFoldedChildren","isHtml":false,"folded":true,"icons":[],"image":null,"link":null,"locked":null,"children":[{"id":"ID_855698997","nodeText":"left_L4P1000_Folded","isHtml":false,"folded":false,"icons":[],"image":null,"link":null,"locked":null,"children":[],"hGap":0,"shiftY":0,"attributes":null,"allChildren":[]},{"id":"ID_1928881541","nodeText":"left_L4P1001_Folded","isHtml":false,"folded":false,"icons":[],"image":null,"link":null,"locked":null,"children":[],"hGap":0,"shiftY":0,"attributes":null,"allChildren":[]}],"hGap":0,"shiftY":0,"attributes":null,"allChildren":[{"id":"ID_855698997","nodeText":"left_L4P1000_Folded","isHtml":false,"folded":false,"icons":[],"image":null,"link":null,"locked":null,"children":[],"hGap":0,"shiftY":0,"attributes":null,"allChildren":[]},{"id":"ID_1928881541","nodeText":"left_L4P1001_Folded","isHtml":false,"folded":false,"icons":[],"image":null,"link":null,"locked":null,"children":[],"hGap":0,"shiftY":0,"attributes":null,"allChildren":[]}]}],"hGap":0,"shiftY":0,"attributes":null,"allChildren":[{"id":"ID_111629229","nodeText":"left_L3P100_Unfolded_WithUnfoldedChildren","isHtml":false,"folded":false,"icons":[],"image":null,"link":null,"locked":null,"children":[{"id":"ID_282423477","nodeText":"left_L4P1000_Unfolded","isHtml":false,"folded":false,"icons":[],"image":null,"link":null,"locked":null,"children":[],"hGap":0,"shiftY":0,"attributes":null,"allChildren":[]},{"id":"ID_1072393331","nodeText":"left_L4P1001_Unfolded","isHtml":false,"folded":false,"icons":[],"image":null,"link":null,"locked":null,"children":[],"hGap":0,"shiftY":0,"attributes":null,"allChildren":[]}],"hGap":0,"shiftY":0,"attributes":null,"allChildren":[{"id":"ID_282423477","nodeText":"left_L4P1000_Unfolded","isHtml":false,"folded":false,"icons":[],"image":null,"link":null,"locked":null,"children":[],"hGap":0,"shiftY":0,"attributes":null,"allChildren":[]},{"id":"ID_1072393331","nodeText":"left_L4P1001_Unfolded","isHtml":false,"folded":false,"icons":[],"image":null,"link":null,"locked":null,"children":[],"hGap":0,"shiftY":0,"attributes":null,"allChildren":[]}]},{"id":"ID_501846187","nodeText":"left_L3P101_Unfolded","isHtml":false,"folded":false,"icons":[],"image":null,"link":null,"locked":null,"children":[],"hGap":0,"shiftY":0,"attributes":null,"allChildren":[]},{"id":"ID_269140428","nodeText":"left_L3P102_Unfolded_WithFoldedChildren","isHtml":false,"folded":true,"icons":[],"image":null,"link":null,"locked":null,"children":[{"id":"ID_855698997","nodeText":"left_L4P1000_Folded","isHtml":false,"folded":false,"icons":[],"image":null,"link":null,"locked":null,"children":[],"hGap":0,"shiftY":0,"attributes":null,"allChildren":[]},{"id":"ID_1928881541","nodeText":"left_L4P1001_Folded","isHtml":false,"folded":false,"icons":[],"image":null,"link":null,"locked":null,"children":[],"hGap":0,"shiftY":0,"attributes":null,"allChildren":[]}],"hGap":0,"shiftY":0,"attributes":null,"allChildren":[{"id":"ID_855698997","nodeText":"left_L4P1000_Folded","isHtml":false,"folded":false,"icons":[],"image":null,"link":null,"locked":null,"children":[],"hGap":0,"shiftY":0,"attributes":null,"allChildren":[]},{"id":"ID_1928881541","nodeText":"left_L4P1001_Folded","isHtml":false,"folded":false,"icons":[],"image":null,"link":null,"locked":null,"children":[],"hGap":0,"shiftY":0,"attributes":null,"allChildren":[]}]}]}],"hGap":100,"shiftY":20,"attributes":null,"allChildren":[{"id":"ID_1994088417","nodeText":"left_L2P10_Folded_WithUn-/FoldedChildren","isHtml":false,"folded":false,"icons":[],"image":null,"link":null,"locked":null,"children":[{"id":"ID_111629229","nodeText":"left_L3P100_Unfolded_WithUnfoldedChildren","isHtml":false,"folded":false,"icons":[],"image":null,"link":null,"locked":null,"children":[{"id":"ID_282423477","nodeText":"left_L4P1000_Unfolded","isHtml":false,"folded":false,"icons":[],"image":null,"link":null,"locked":null,"children":[],"hGap":0,"shiftY":0,"attributes":null,"allChildren":[]},{"id":"ID_1072393331","nodeText":"left_L4P1001_Unfolded","isHtml":false,"folded":false,"icons":[],"image":null,"link":null,"locked":null,"children":[],"hGap":0,"shiftY":0,"attributes":null,"allChildren":[]}],"hGap":0,"shiftY":0,"attributes":null,"allChildren":[{"id":"ID_282423477","nodeText":"left_L4P1000_Unfolded","isHtml":false,"folded":false,"icons":[],"image":null,"link":null,"locked":null,"children":[],"hGap":0,"shiftY":0,"attributes":null,"allChildren":[]},{"id":"ID_1072393331","nodeText":"left_L4P1001_Unfolded","isHtml":false,"folded":false,"icons":[],"image":null,"link":null,"locked":null,"children":[],"hGap":0,"shiftY":0,"attributes":null,"allChildren":[]}]},{"id":"ID_501846187","nodeText":"left_L3P101_Unfolded","isHtml":false,"folded":false,"icons":[],"image":null,"link":null,"locked":null,"children":[],"hGap":0,"shiftY":0,"attributes":null,"allChildren":[]},{"id":"ID_269140428","nodeText":"left_L3P102_Unfolded_WithFoldedChildren","isHtml":false,"folded":true,"icons":[],"image":null,"link":null,"locked":null,"children":[{"id":"ID_855698997","nodeText":"left_L4P1000_Folded","isHtml":false,"folded":false,"icons":[],"image":null,"link":null,"locked":null,"children":[],"hGap":0,"shiftY":0,"attributes":null,"allChildren":[]},{"id":"ID_1928881541","nodeText":"left_L4P1001_Folded","isHtml":false,"folded":false,"icons":[],"image":null,"link":null,"locked":null,"children":[],"hGap":0,"shiftY":0,"attributes":null,"allChildren":[]}],"hGap":0,"shiftY":0,"attributes":null,"allChildren":[{"id":"ID_855698997","nodeText":"left_L4P1000_Folded","isHtml":false,"folded":false,"icons":[],"image":null,"link":null,"locked":null,"children":[],"hGap":0,"shiftY":0,"attributes":null,"allChildren":[]},{"id":"ID_1928881541","nodeText":"left_L4P1001_Folded","isHtml":false,"folded":false,"icons":[],"image":null,"link":null,"locked":null,"children":[],"hGap":0,"shiftY":0,"attributes":null,"allChildren":[]}]}],"hGap":0,"shiftY":0,"attributes":null,"allChildren":[{"id":"ID_111629229","nodeText":"left_L3P100_Unfolded_WithUnfoldedChildren","isHtml":false,"folded":false,"icons":[],"image":null,"link":null,"locked":null,"children":[{"id":"ID_282423477","nodeText":"left_L4P1000_Unfolded","isHtml":false,"folded":false,"icons":[],"image":null,"link":null,"locked":null,"children":[],"hGap":0,"shiftY":0,"attributes":null,"allChildren":[]},{"id":"ID_1072393331","nodeText":"left_L4P1001_Unfolded","isHtml":false,"folded":false,"icons":[],"image":null,"link":null,"locked":null,"children":[],"hGap":0,"shiftY":0,"attributes":null,"allChildren":[]}],"hGap":0,"shiftY":0,"attributes":null,"allChildren":[{"id":"ID_282423477","nodeText":"left_L4P1000_Unfolded","isHtml":false,"folded":false,"icons":[],"image":null,"link":null,"locked":null,"children":[],"hGap":0,"shiftY":0,"attributes":null,"allChildren":[]},{"id":"ID_1072393331","nodeText":"left_L4P1001_Unfolded","isHtml":false,"folded":false,"icons":[],"image":null,"link":null,"locked":null,"children":[],"hGap":0,"shiftY":0,"attributes":null,"allChildren":[]}]},{"id":"ID_501846187","nodeText":"left_L3P101_Unfolded","isHtml":false,"folded":false,"icons":[],"image":null,"link":null,"locked":null,"children":[],"hGap":0,"shiftY":0,"attributes":null,"allChildren":[]},{"id":"ID_269140428","nodeText":"left_L3P102_Unfolded_WithFoldedChildren","isHtml":false,"folded":true,"icons":[],"image":null,"link":null,"locked":null,"children":[{"id":"ID_855698997","nodeText":"left_L4P1000_Folded","isHtml":false,"folded":false,"icons":[],"image":null,"link":null,"locked":null,"children":[],"hGap":0,"shiftY":0,"attributes":null,"allChildren":[]},{"id":"ID_1928881541","nodeText":"left_L4P1001_Folded","isHtml":false,"folded":false,"icons":[],"image":null,"link":null,"locked":null,"children":[],"hGap":0,"shiftY":0,"attributes":null,"allChildren":[]}],"hGap":0,"shiftY":0,"attributes":null,"allChildren":[{"id":"ID_855698997","nodeText":"left_L4P1000_Folded","isHtml":false,"folded":false,"icons":[],"image":null,"link":null,"locked":null,"children":[],"hGap":0,"shiftY":0,"attributes":null,"allChildren":[]},{"id":"ID_1928881541","nodeText":"left_L4P1001_Folded","isHtml":false,"folded":false,"icons":[],"image":null,"link":null,"locked":null,"children":[],"hGap":0,"shiftY":0,"attributes":null,"allChildren":[]}]}]}]},{"id":"ID_1657680452","nodeText":"left_L1P2_NodeStyle","isHtml":false,"folded":false,"icons":[],"image":null,"link":null,"locked":null,"children":[{"id":"ID_1355332128","nodeText":"left_L2P20_RootNode","isHtml":false,"folded":false,"icons":[],"image":null,"link":null,"locked":null,"children":[],"hGap":0,"shiftY":0,"attributes":null,"allChildren":[]},{"id":"ID_1139579263","nodeText":"left_L2P21_Level1","isHtml":false,"folded":false,"icons":[],"image":null,"link":null,"locked":null,"children":[],"hGap":0,"shiftY":0,"attributes":null,"allChildren":[]},{"id":"ID_894491244","nodeText":"left_L2P22_Level2","isHtml":false,"folded":false,"icons":[],"image":null,"link":null,"locked":null,"children":[],"hGap":0,"shiftY":0,"attributes":null,"allChildren":[]},{"id":"ID_1514293713","nodeText":"left_L2P23_Details","isHtml":false,"folded":false,"icons":[],"image":null,"link":null,"locked":null,"children":[],"hGap":0,"shiftY":0,"attributes":null,"allChildren":[]},{"id":"ID_594753566","nodeText":"left_L2P24_Important","isHtml":false,"folded":false,"icons":[],"image":null,"link":null,"locked":null,"children":[],"hGap":0,"shiftY":0,"attributes":null,"allChildren":[]}],"hGap":60,"shiftY":90,"attributes":null,"allChildren":[{"id":"ID_1355332128","nodeText":"left_L2P20_RootNode","isHtml":false,"folded":false,"icons":[],"image":null,"link":null,"locked":null,"children":[],"hGap":0,"shiftY":0,"attributes":null,"allChildren":[]},{"id":"ID_1139579263","nodeText":"left_L2P21_Level1","isHtml":false,"folded":false,"icons":[],"image":null,"link":null,"locked":null,"children":[],"hGap":0,"shiftY":0,"attributes":null,"allChildren":[]},{"id":"ID_894491244","nodeText":"left_L2P22_Level2","isHtml":false,"folded":false,"icons":[],"image":null,"link":null,"locked":null,"children":[],"hGap":0,"shiftY":0,"attributes":null,"allChildren":[]},{"id":"ID_1514293713","nodeText":"left_L2P23_Details","isHtml":false,"folded":false,"icons":[],"image":null,"link":null,"locked":null,"children":[],"hGap":0,"shiftY":0,"attributes":null,"allChildren":[]},{"id":"ID_594753566","nodeText":"left_L2P24_Important","isHtml":false,"folded":false,"icons":[],"image":null,"link":null,"locked":null,"children":[],"hGap":0,"shiftY":0,"attributes":null,"allChildren":[]}]},{"id":"ID_1921859689","nodeText":"left_L1P3_Text","isHtml":false,"folded":false,"icons":[],"image":null,"link":null,"locked":null,"children":[{"id":"ID_1724623172","nodeText":"left_L2P30_NormalText","isHtml":false,"folded":false,"icons":[],"image":null,"link":null,"locked":null,"children":[],"hGap":0,"shiftY":0,"attributes":null,"allChildren":[]},{"id":"ID_918586102","nodeText":"<html>\n  <head>\n    \n  </head>\n  <body>\n    <h1>\n      \n    </h1>\n    <p>\n      left_L2P31_HTMLText\n    </p>\n  </body>\n</html>","isHtml":true,"folded":false,"icons":[],"image":null,"link":null,"locked":null,"children":[],"hGap":0,"shiftY":0,"attributes":null,"allChildren":[]}],"hGap":30,"shiftY":90,"attributes":null,"allChildren":[{"id":"ID_1724623172","nodeText":"left_L2P30_NormalText","isHtml":false,"folded":false,"icons":[],"image":null,"link":null,"locked":null,"children":[],"hGap":0,"shiftY":0,"attributes":null,"allChildren":[]},{"id":"ID_918586102","nodeText":"<html>\n  <head>\n    \n  </head>\n  <body>\n    <h1>\n      \n    </h1>\n    <p>\n      left_L2P31_HTMLText\n    </p>\n  </body>\n</html>","isHtml":true,"folded":false,"icons":[],"image":null,"link":null,"locked":null,"children":[],"hGap":0,"shiftY":0,"attributes":null,"allChildren":[]}]}],"rightChildren":[{"id":"ID_1","nodeText":"right_L1P0_Links","isHtml":false,"folded":false,"icons":[],"image":null,"link":null,"locked":null,"children":[{"id":"ID_2","nodeText":"right_L2P00_URL http://www.google.com","isHtml":false,"folded":false,"icons":[],"image":null,"link":"http://www.google.com","locked":null,"children":[],"hGap":0,"shiftY":0,"attributes":null,"allChildren":[]},{"id":"ID_3","nodeText":"right_L2P01_NodeLink_ToParent","isHtml":false,"folded":false,"icons":[],"image":null,"link":"#ID_1","locked":null,"children":[],"hGap":0,"shiftY":0,"attributes":null,"allChildren":[]}],"hGap":70,"shiftY":-160,"attributes":null,"allChildren":[{"id":"ID_2","nodeText":"right_L2P00_URL http://www.google.com","isHtml":false,"folded":false,"icons":[],"image":null,"link":"http://www.google.com","locked":null,"children":[],"hGap":0,"shiftY":0,"attributes":null,"allChildren":[]},{"id":"ID_3","nodeText":"right_L2P01_NodeLink_ToParent","isHtml":false,"folded":false,"icons":[],"image":null,"link":"#ID_1","locked":null,"children":[],"hGap":0,"shiftY":0,"attributes":null,"allChildren":[]}]},{"id":"ID_4","nodeText":"right_L1P1_EdgeStyle","isHtml":false,"folded":false,"icons":[],"image":null,"link":null,"locked":null,"children":[{"id":"ID_5","nodeText":"right_L2P10_sameEdgeStyle","isHtml":false,"folded":false,"icons":[],"image":null,"link":null,"locked":null,"children":[],"hGap":160,"shiftY":0,"attributes":null,"allChildren":[]},{"id":"ID_1694248792","nodeText":"right_L2P11_differentEdgeStyle","isHtml":false,"folded":false,"icons":[],"image":null,"link":null,"locked":null,"children":[],"hGap":150,"shiftY":60,"attributes":null,"allChildren":[]},{"id":"ID_695389559","nodeText":"right_L2P12_differentEdgeWidth","isHtml":false,"folded":false,"icons":[],"image":null,"link":null,"locked":null,"children":[],"hGap":150,"shiftY":60,"attributes":null,"allChildren":[]}],"hGap":0,"shiftY":0,"attributes":null,"allChildren":[{"id":"ID_5","nodeText":"right_L2P10_sameEdgeStyle","isHtml":false,"folded":false,"icons":[],"image":null,"link":null,"locked":null,"children":[],"hGap":160,"shiftY":0,"attributes":null,"allChildren":[]},{"id":"ID_1694248792","nodeText":"right_L2P11_differentEdgeStyle","isHtml":false,"folded":false,"icons":[],"image":null,"link":null,"locked":null,"children":[],"hGap":150,"shiftY":60,"attributes":null,"allChildren":[]},{"id":"ID_695389559","nodeText":"right_L2P12_differentEdgeWidth","isHtml":false,"folded":false,"icons":[],"image":null,"link":null,"locked":null,"children":[],"hGap":150,"shiftY":60,"attributes":null,"allChildren":[]}]},{"id":"ID_1875819033","nodeText":"right_L1P2_Image","isHtml":false,"folded":false,"icons":[],"image":null,"link":null,"locked":null,"children":[{"id":"ID_633666271","nodeText":"right_L2P20_Image_NormalSize","isHtml":false,"folded":false,"icons":[],"image":null,"link":null,"locked":null,"children":[],"hGap":0,"shiftY":0,"attributes":null,"allChildren":[]},{"id":"ID_1952442636","nodeText":"right_L2P21_Image_HalfSize","isHtml":false,"folded":false,"icons":[],"image":null,"link":null,"locked":null,"children":[],"hGap":0,"shiftY":0,"attributes":null,"allChildren":[]}],"hGap":110,"shiftY":90,"attributes":null,"allChildren":[{"id":"ID_633666271","nodeText":"right_L2P20_Image_NormalSize","isHtml":false,"folded":false,"icons":[],"image":null,"link":null,"locked":null,"children":[],"hGap":0,"shiftY":0,"attributes":null,"allChildren":[]},{"id":"ID_1952442636","nodeText":"right_L2P21_Image_HalfSize","isHtml":false,"folded":false,"icons":[],"image":null,"link":null,"locked":null,"children":[],"hGap":0,"shiftY":0,"attributes":null,"allChildren":[]}]},{"id":"ID_1661639564","nodeText":"right_L1P3_Tables","isHtml":false,"folded":false,"icons":[],"image":null,"link":null,"locked":null,"children":[{"id":"ID_1843612913","nodeText":"right_L2P30_NormalTable","isHtml":false,"folded":false,"icons":[],"image":null,"link":null,"locked":null,"children":[],"hGap":0,"shiftY":0,"attributes":{"C0R2_Key":"C1R2_Value","C0R1_Key":"C1R1_Value","C0R0_Key":"C1R0_Value"},"allChildren":[]},{"id":"ID_1531300280","nodeText":"right_L2P31_JabRefTable_WithLinkToPDF","isHtml":false,"folded":false,"icons":[],"image":null,"link":"workspace:/../../../../D:/HTW/docear/../../../literature_repository/Example%20PDFs/Academic%20search%20engine%20spam%20and%20Google%20Scholars%20resilience%20against%20it.pdf","locked":null,"children":[],"hGap":0,"shiftY":0,"attributes":{"journal":"Journal of Electronic Publishing","authors":"{J}oeran {B}eel and {B}ela {G}ipp","title":"{A}cademic search engine spam and {G}oogle {S}cholar's resilience against it","year":"2010","key":"Beel2010"},"allChildren":[]}],"hGap":130,"shiftY":60,"attributes":null,"allChildren":[{"id":"ID_1843612913","nodeText":"right_L2P30_NormalTable","isHtml":false,"folded":false,"icons":[],"image":null,"link":null,"locked":null,"children":[],"hGap":0,"shiftY":0,"attributes":{"C0R2_Key":"C1R2_Value","C0R1_Key":"C1R1_Value","C0R0_Key":"C1R0_Value"},"allChildren":[]},{"id":"ID_1531300280","nodeText":"right_L2P31_JabRefTable_WithLinkToPDF","isHtml":false,"folded":false,"icons":[],"image":null,"link":"workspace:/../../../../D:/HTW/docear/../../../literature_repository/Example%20PDFs/Academic%20search%20engine%20spam%20and%20Google%20Scholars%20resilience%20against%20it.pdf","locked":null,"children":[],"hGap":0,"shiftY":0,"attributes":{"journal":"Journal of Electronic Publishing","authors":"{J}oeran {B}eel and {B}ela {G}ipp","title":"{A}cademic search engine spam and {G}oogle {S}cholar's resilience against it","year":"2010","key":"Beel2010"},"allChildren":[]}]}],"allChildren":[{"id":"ID_1395002523","nodeText":"left_L1P0_TreeDepth_5Children","isHtml":false,"folded":false,"icons":[],"image":null,"link":null,"locked":null,"children":[{"id":"ID_1384944366","nodeText":"left_L2P00","isHtml":false,"folded":false,"icons":[],"image":null,"link":null,"locked":null,"children":[{"id":"ID_1886685557","nodeText":"left_L3P000","isHtml":false,"folded":false,"icons":[],"image":null,"link":null,"locked":null,"children":[{"id":"ID_369887845","nodeText":"left_L4P0000","isHtml":false,"folded":false,"icons":[],"image":null,"link":null,"locked":null,"children":[{"id":"ID_1731394006","nodeText":"left_L5P00000","isHtml":false,"folded":false,"icons":[],"image":null,"link":null,"locked":null,"children":[{"id":"ID_1147936295","nodeText":"left_L6P000000","isHtml":false,"folded":false,"icons":[],"image":null,"link":null,"locked":null,"children":[],"hGap":0,"shiftY":0,"attributes":null,"allChildren":[]}],"hGap":0,"shiftY":0,"attributes":null,"allChildren":[{"id":"ID_1147936295","nodeText":"left_L6P000000","isHtml":false,"folded":false,"icons":[],"image":null,"link":null,"locked":null,"children":[],"hGap":0,"shiftY":0,"attributes":null,"allChildren":[]}]}],"hGap":0,"shiftY":0,"attributes":null,"allChildren":[{"id":"ID_1731394006","nodeText":"left_L5P00000","isHtml":false,"folded":false,"icons":[],"image":null,"link":null,"locked":null,"children":[{"id":"ID_1147936295","nodeText":"left_L6P000000","isHtml":false,"folded":false,"icons":[],"image":null,"link":null,"locked":null,"children":[],"hGap":0,"shiftY":0,"attributes":null,"allChildren":[]}],"hGap":0,"shiftY":0,"attributes":null,"allChildren":[{"id":"ID_1147936295","nodeText":"left_L6P000000","isHtml":false,"folded":false,"icons":[],"image":null,"link":null,"locked":null,"children":[],"hGap":0,"shiftY":0,"attributes":null,"allChildren":[]}]}]}],"hGap":0,"shiftY":0,"attributes":null,"allChildren":[{"id":"ID_369887845","nodeText":"left_L4P0000","isHtml":false,"folded":false,"icons":[],"image":null,"link":null,"locked":null,"children":[{"id":"ID_1731394006","nodeText":"left_L5P00000","isHtml":false,"folded":false,"icons":[],"image":null,"link":null,"locked":null,"children":[{"id":"ID_1147936295","nodeText":"left_L6P000000","isHtml":false,"folded":false,"icons":[],"image":null,"link":null,"locked":null,"children":[],"hGap":0,"shiftY":0,"attributes":null,"allChildren":[]}],"hGap":0,"shiftY":0,"attributes":null,"allChildren":[{"id":"ID_1147936295","nodeText":"left_L6P000000","isHtml":false,"folded":false,"icons":[],"image":null,"link":null,"locked":null,"children":[],"hGap":0,"shiftY":0,"attributes":null,"allChildren":[]}]}],"hGap":0,"shiftY":0,"attributes":null,"allChildren":[{"id":"ID_1731394006","nodeText":"left_L5P00000","isHtml":false,"folded":false,"icons":[],"image":null,"link":null,"locked":null,"children":[{"id":"ID_1147936295","nodeText":"left_L6P000000","isHtml":false,"folded":false,"icons":[],"image":null,"link":null,"locked":null,"children":[],"hGap":0,"shiftY":0,"attributes":null,"allChildren":[]}],"hGap":0,"shiftY":0,"attributes":null,"allChildren":[{"id":"ID_1147936295","nodeText":"left_L6P000000","isHtml":false,"folded":false,"icons":[],"image":null,"link":null,"locked":null,"children":[],"hGap":0,"shiftY":0,"attributes":null,"allChildren":[]}]}]}]}],"hGap":0,"shiftY":0,"attributes":null,"allChildren":[{"id":"ID_1886685557","nodeText":"left_L3P000","isHtml":false,"folded":false,"icons":[],"image":null,"link":null,"locked":null,"children":[{"id":"ID_369887845","nodeText":"left_L4P0000","isHtml":false,"folded":false,"icons":[],"image":null,"link":null,"locked":null,"children":[{"id":"ID_1731394006","nodeText":"left_L5P00000","isHtml":false,"folded":false,"icons":[],"image":null,"link":null,"locked":null,"children":[{"id":"ID_1147936295","nodeText":"left_L6P000000","isHtml":false,"folded":false,"icons":[],"image":null,"link":null,"locked":null,"children":[],"hGap":0,"shiftY":0,"attributes":null,"allChildren":[]}],"hGap":0,"shiftY":0,"attributes":null,"allChildren":[{"id":"ID_1147936295","nodeText":"left_L6P000000","isHtml":false,"folded":false,"icons":[],"image":null,"link":null,"locked":null,"children":[],"hGap":0,"shiftY":0,"attributes":null,"allChildren":[]}]}],"hGap":0,"shiftY":0,"attributes":null,"allChildren":[{"id":"ID_1731394006","nodeText":"left_L5P00000","isHtml":false,"folded":false,"icons":[],"image":null,"link":null,"locked":null,"children":[{"id":"ID_1147936295","nodeText":"left_L6P000000","isHtml":false,"folded":false,"icons":[],"image":null,"link":null,"locked":null,"children":[],"hGap":0,"shiftY":0,"attributes":null,"allChildren":[]}],"hGap":0,"shiftY":0,"attributes":null,"allChildren":[{"id":"ID_1147936295","nodeText":"left_L6P000000","isHtml":false,"folded":false,"icons":[],"image":null,"link":null,"locked":null,"children":[],"hGap":0,"shiftY":0,"attributes":null,"allChildren":[]}]}]}],"hGap":0,"shiftY":0,"attributes":null,"allChildren":[{"id":"ID_369887845","nodeText":"left_L4P0000","isHtml":false,"folded":false,"icons":[],"image":null,"link":null,"locked":null,"children":[{"id":"ID_1731394006","nodeText":"left_L5P00000","isHtml":false,"folded":false,"icons":[],"image":null,"link":null,"locked":null,"children":[{"id":"ID_1147936295","nodeText":"left_L6P000000","isHtml":false,"folded":false,"icons":[],"image":null,"link":null,"locked":null,"children":[],"hGap":0,"shiftY":0,"attributes":null,"allChildren":[]}],"hGap":0,"shiftY":0,"attributes":null,"allChildren":[{"id":"ID_1147936295","nodeText":"left_L6P000000","isHtml":false,"folded":false,"icons":[],"image":null,"link":null,"locked":null,"children":[],"hGap":0,"shiftY":0,"attributes":null,"allChildren":[]}]}],"hGap":0,"shiftY":0,"attributes":null,"allChildren":[{"id":"ID_1731394006","nodeText":"left_L5P00000","isHtml":false,"folded":false,"icons":[],"image":null,"link":null,"locked":null,"children":[{"id":"ID_1147936295","nodeText":"left_L6P000000","isHtml":false,"folded":false,"icons":[],"image":null,"link":null,"locked":null,"children":[],"hGap":0,"shiftY":0,"attributes":null,"allChildren":[]}],"hGap":0,"shiftY":0,"attributes":null,"allChildren":[{"id":"ID_1147936295","nodeText":"left_L6P000000","isHtml":false,"folded":false,"icons":[],"image":null,"link":null,"locked":null,"children":[],"hGap":0,"shiftY":0,"attributes":null,"allChildren":[]}]}]}]}]}],"hGap":80,"shiftY":-90,"attributes":null,"allChildren":[{"id":"ID_1384944366","nodeText":"left_L2P00","isHtml":false,"folded":false,"icons":[],"image":null,"link":null,"locked":null,"children":[{"id":"ID_1886685557","nodeText":"left_L3P000","isHtml":false,"folded":false,"icons":[],"image":null,"link":null,"locked":null,"children":[{"id":"ID_369887845","nodeText":"left_L4P0000","isHtml":false,"folded":false,"icons":[],"image":null,"link":null,"locked":null,"children":[{"id":"ID_1731394006","nodeText":"left_L5P00000","isHtml":false,"folded":false,"icons":[],"image":null,"link":null,"locked":null,"children":[{"id":"ID_1147936295","nodeText":"left_L6P000000","isHtml":false,"folded":false,"icons":[],"image":null,"link":null,"locked":null,"children":[],"hGap":0,"shiftY":0,"attributes":null,"allChildren":[]}],"hGap":0,"shiftY":0,"attributes":null,"allChildren":[{"id":"ID_1147936295","nodeText":"left_L6P000000","isHtml":false,"folded":false,"icons":[],"image":null,"link":null,"locked":null,"children":[],"hGap":0,"shiftY":0,"attributes":null,"allChildren":[]}]}],"hGap":0,"shiftY":0,"attributes":null,"allChildren":[{"id":"ID_1731394006","nodeText":"left_L5P00000","isHtml":false,"folded":false,"icons":[],"image":null,"link":null,"locked":null,"children":[{"id":"ID_1147936295","nodeText":"left_L6P000000","isHtml":false,"folded":false,"icons":[],"image":null,"link":null,"locked":null,"children":[],"hGap":0,"shiftY":0,"attributes":null,"allChildren":[]}],"hGap":0,"shiftY":0,"attributes":null,"allChildren":[{"id":"ID_1147936295","nodeText":"left_L6P000000","isHtml":false,"folded":false,"icons":[],"image":null,"link":null,"locked":null,"children":[],"hGap":0,"shiftY":0,"attributes":null,"allChildren":[]}]}]}],"hGap":0,"shiftY":0,"attributes":null,"allChildren":[{"id":"ID_369887845","nodeText":"left_L4P0000","isHtml":false,"folded":false,"icons":[],"image":null,"link":null,"locked":null,"children":[{"id":"ID_1731394006","nodeText":"left_L5P00000","isHtml":false,"folded":false,"icons":[],"image":null,"link":null,"locked":null,"children":[{"id":"ID_1147936295","nodeText":"left_L6P000000","isHtml":false,"folded":false,"icons":[],"image":null,"link":null,"locked":null,"children":[],"hGap":0,"shiftY":0,"attributes":null,"allChildren":[]}],"hGap":0,"shiftY":0,"attributes":null,"allChildren":[{"id":"ID_1147936295","nodeText":"left_L6P000000","isHtml":false,"folded":false,"icons":[],"image":null,"link":null,"locked":null,"children":[],"hGap":0,"shiftY":0,"attributes":null,"allChildren":[]}]}],"hGap":0,"shiftY":0,"attributes":null,"allChildren":[{"id":"ID_1731394006","nodeText":"left_L5P00000","isHtml":false,"folded":false,"icons":[],"image":null,"link":null,"locked":null,"children":[{"id":"ID_1147936295","nodeText":"left_L6P000000","isHtml":false,"folded":false,"icons":[],"image":null,"link":null,"locked":null,"children":[],"hGap":0,"shiftY":0,"attributes":null,"allChildren":[]}],"hGap":0,"shiftY":0,"attributes":null,"allChildren":[{"id":"ID_1147936295","nodeText":"left_L6P000000","isHtml":false,"folded":false,"icons":[],"image":null,"link":null,"locked":null,"children":[],"hGap":0,"shiftY":0,"attributes":null,"allChildren":[]}]}]}]}],"hGap":0,"shiftY":0,"attributes":null,"allChildren":[{"id":"ID_1886685557","nodeText":"left_L3P000","isHtml":false,"folded":false,"icons":[],"image":null,"link":null,"locked":null,"children":[{"id":"ID_369887845","nodeText":"left_L4P0000","isHtml":false,"folded":false,"icons":[],"image":null,"link":null,"locked":null,"children":[{"id":"ID_1731394006","nodeText":"left_L5P00000","isHtml":false,"folded":false,"icons":[],"image":null,"link":null,"locked":null,"children":[{"id":"ID_1147936295","nodeText":"left_L6P000000","isHtml":false,"folded":false,"icons":[],"image":null,"link":null,"locked":null,"children":[],"hGap":0,"shiftY":0,"attributes":null,"allChildren":[]}],"hGap":0,"shiftY":0,"attributes":null,"allChildren":[{"id":"ID_1147936295","nodeText":"left_L6P000000","isHtml":false,"folded":false,"icons":[],"image":null,"link":null,"locked":null,"children":[],"hGap":0,"shiftY":0,"attributes":null,"allChildren":[]}]}],"hGap":0,"shiftY":0,"attributes":null,"allChildren":[{"id":"ID_1731394006","nodeText":"left_L5P00000","isHtml":false,"folded":false,"icons":[],"image":null,"link":null,"locked":null,"children":[{"id":"ID_1147936295","nodeText":"left_L6P000000","isHtml":false,"folded":false,"icons":[],"image":null,"link":null,"locked":null,"children":[],"hGap":0,"shiftY":0,"attributes":null,"allChildren":[]}],"hGap":0,"shiftY":0,"attributes":null,"allChildren":[{"id":"ID_1147936295","nodeText":"left_L6P000000","isHtml":false,"folded":false,"icons":[],"image":null,"link":null,"locked":null,"children":[],"hGap":0,"shiftY":0,"attributes":null,"allChildren":[]}]}]}],"hGap":0,"shiftY":0,"attributes":null,"allChildren":[{"id":"ID_369887845","nodeText":"left_L4P0000","isHtml":false,"folded":false,"icons":[],"image":null,"link":null,"locked":null,"children":[{"id":"ID_1731394006","nodeText":"left_L5P00000","isHtml":false,"folded":false,"icons":[],"image":null,"link":null,"locked":null,"children":[{"id":"ID_1147936295","nodeText":"left_L6P000000","isHtml":false,"folded":false,"icons":[],"image":null,"link":null,"locked":null,"children":[],"hGap":0,"shiftY":0,"attributes":null,"allChildren":[]}],"hGap":0,"shiftY":0,"attributes":null,"allChildren":[{"id":"ID_1147936295","nodeText":"left_L6P000000","isHtml":false,"folded":false,"icons":[],"image":null,"link":null,"locked":null,"children":[],"hGap":0,"shiftY":0,"attributes":null,"allChildren":[]}]}],"hGap":0,"shiftY":0,"attributes":null,"allChildren":[{"id":"ID_1731394006","nodeText":"left_L5P00000","isHtml":false,"folded":false,"icons":[],"image":null,"link":null,"locked":null,"children":[{"id":"ID_1147936295","nodeText":"left_L6P000000","isHtml":false,"folded":false,"icons":[],"image":null,"link":null,"locked":null,"children":[],"hGap":0,"shiftY":0,"attributes":null,"allChildren":[]}],"hGap":0,"shiftY":0,"attributes":null,"allChildren":[{"id":"ID_1147936295","nodeText":"left_L6P000000","isHtml":false,"folded":false,"icons":[],"image":null,"link":null,"locked":null,"children":[],"hGap":0,"shiftY":0,"attributes":null,"allChildren":[]}]}]}]}]}]},{"id":"ID_505304847","nodeText":"left_L1P1_Fold","isHtml":false,"folded":true,"icons":[],"image":null,"link":null,"locked":null,"children":[{"id":"ID_1994088417","nodeText":"left_L2P10_Folded_WithUn-/FoldedChildren","isHtml":false,"folded":false,"icons":[],"image":null,"link":null,"locked":null,"children":[{"id":"ID_111629229","nodeText":"left_L3P100_Unfolded_WithUnfoldedChildren","isHtml":false,"folded":false,"icons":[],"image":null,"link":null,"locked":null,"children":[{"id":"ID_282423477","nodeText":"left_L4P1000_Unfolded","isHtml":false,"folded":false,"icons":[],"image":null,"link":null,"locked":null,"children":[],"hGap":0,"shiftY":0,"attributes":null,"allChildren":[]},{"id":"ID_1072393331","nodeText":"left_L4P1001_Unfolded","isHtml":false,"folded":false,"icons":[],"image":null,"link":null,"locked":null,"children":[],"hGap":0,"shiftY":0,"attributes":null,"allChildren":[]}],"hGap":0,"shiftY":0,"attributes":null,"allChildren":[{"id":"ID_282423477","nodeText":"left_L4P1000_Unfolded","isHtml":false,"folded":false,"icons":[],"image":null,"link":null,"locked":null,"children":[],"hGap":0,"shiftY":0,"attributes":null,"allChildren":[]},{"id":"ID_1072393331","nodeText":"left_L4P1001_Unfolded","isHtml":false,"folded":false,"icons":[],"image":null,"link":null,"locked":null,"children":[],"hGap":0,"shiftY":0,"attributes":null,"allChildren":[]}]},{"id":"ID_501846187","nodeText":"left_L3P101_Unfolded","isHtml":false,"folded":false,"icons":[],"image":null,"link":null,"locked":null,"children":[],"hGap":0,"shiftY":0,"attributes":null,"allChildren":[]},{"id":"ID_269140428","nodeText":"left_L3P102_Unfolded_WithFoldedChildren","isHtml":false,"folded":true,"icons":[],"image":null,"link":null,"locked":null,"children":[{"id":"ID_855698997","nodeText":"left_L4P1000_Folded","isHtml":false,"folded":false,"icons":[],"image":null,"link":null,"locked":null,"children":[],"hGap":0,"shiftY":0,"attributes":null,"allChildren":[]},{"id":"ID_1928881541","nodeText":"left_L4P1001_Folded","isHtml":false,"folded":false,"icons":[],"image":null,"link":null,"locked":null,"children":[],"hGap":0,"shiftY":0,"attributes":null,"allChildren":[]}],"hGap":0,"shiftY":0,"attributes":null,"allChildren":[{"id":"ID_855698997","nodeText":"left_L4P1000_Folded","isHtml":false,"folded":false,"icons":[],"image":null,"link":null,"locked":null,"children":[],"hGap":0,"shiftY":0,"attributes":null,"allChildren":[]},{"id":"ID_1928881541","nodeText":"left_L4P1001_Folded","isHtml":false,"folded":false,"icons":[],"image":null,"link":null,"locked":null,"children":[],"hGap":0,"shiftY":0,"attributes":null,"allChildren":[]}]}],"hGap":0,"shiftY":0,"attributes":null,"allChildren":[{"id":"ID_111629229","nodeText":"left_L3P100_Unfolded_WithUnfoldedChildren","isHtml":false,"folded":false,"icons":[],"image":null,"link":null,"locked":null,"children":[{"id":"ID_282423477","nodeText":"left_L4P1000_Unfolded","isHtml":false,"folded":false,"icons":[],"image":null,"link":null,"locked":null,"children":[],"hGap":0,"shiftY":0,"attributes":null,"allChildren":[]},{"id":"ID_1072393331","nodeText":"left_L4P1001_Unfolded","isHtml":false,"folded":false,"icons":[],"image":null,"link":null,"locked":null,"children":[],"hGap":0,"shiftY":0,"attributes":null,"allChildren":[]}],"hGap":0,"shiftY":0,"attributes":null,"allChildren":[{"id":"ID_282423477","nodeText":"left_L4P1000_Unfolded","isHtml":false,"folded":false,"icons":[],"image":null,"link":null,"locked":null,"children":[],"hGap":0,"shiftY":0,"attributes":null,"allChildren":[]},{"id":"ID_1072393331","nodeText":"left_L4P1001_Unfolded","isHtml":false,"folded":false,"icons":[],"image":null,"link":null,"locked":null,"children":[],"hGap":0,"shiftY":0,"attributes":null,"allChildren":[]}]},{"id":"ID_501846187","nodeText":"left_L3P101_Unfolded","isHtml":false,"folded":false,"icons":[],"image":null,"link":null,"locked":null,"children":[],"hGap":0,"shiftY":0,"attributes":null,"allChildren":[]},{"id":"ID_269140428","nodeText":"left_L3P102_Unfolded_WithFoldedChildren","isHtml":false,"folded":true,"icons":[],"image":null,"link":null,"locked":null,"children":[{"id":"ID_855698997","nodeText":"left_L4P1000_Folded","isHtml":false,"folded":false,"icons":[],"image":null,"link":null,"locked":null,"children":[],"hGap":0,"shiftY":0,"attributes":null,"allChildren":[]},{"id":"ID_1928881541","nodeText":"left_L4P1001_Folded","isHtml":false,"folded":false,"icons":[],"image":null,"link":null,"locked":null,"children":[],"hGap":0,"shiftY":0,"attributes":null,"allChildren":[]}],"hGap":0,"shiftY":0,"attributes":null,"allChildren":[{"id":"ID_855698997","nodeText":"left_L4P1000_Folded","isHtml":false,"folded":false,"icons":[],"image":null,"link":null,"locked":null,"children":[],"hGap":0,"shiftY":0,"attributes":null,"allChildren":[]},{"id":"ID_1928881541","nodeText":"left_L4P1001_Folded","isHtml":false,"folded":false,"icons":[],"image":null,"link":null,"locked":null,"children":[],"hGap":0,"shiftY":0,"attributes":null,"allChildren":[]}]}]}],"hGap":100,"shiftY":20,"attributes":null,"allChildren":[{"id":"ID_1994088417","nodeText":"left_L2P10_Folded_WithUn-/FoldedChildren","isHtml":false,"folded":false,"icons":[],"image":null,"link":null,"locked":null,"children":[{"id":"ID_111629229","nodeText":"left_L3P100_Unfolded_WithUnfoldedChildren","isHtml":false,"folded":false,"icons":[],"image":null,"link":null,"locked":null,"children":[{"id":"ID_282423477","nodeText":"left_L4P1000_Unfolded","isHtml":false,"folded":false,"icons":[],"image":null,"link":null,"locked":null,"children":[],"hGap":0,"shiftY":0,"attributes":null,"allChildren":[]},{"id":"ID_1072393331","nodeText":"left_L4P1001_Unfolded","isHtml":false,"folded":false,"icons":[],"image":null,"link":null,"locked":null,"children":[],"hGap":0,"shiftY":0,"attributes":null,"allChildren":[]}],"hGap":0,"shiftY":0,"attributes":null,"allChildren":[{"id":"ID_282423477","nodeText":"left_L4P1000_Unfolded","isHtml":false,"folded":false,"icons":[],"image":null,"link":null,"locked":null,"children":[],"hGap":0,"shiftY":0,"attributes":null,"allChildren":[]},{"id":"ID_1072393331","nodeText":"left_L4P1001_Unfolded","isHtml":false,"folded":false,"icons":[],"image":null,"link":null,"locked":null,"children":[],"hGap":0,"shiftY":0,"attributes":null,"allChildren":[]}]},{"id":"ID_501846187","nodeText":"left_L3P101_Unfolded","isHtml":false,"folded":false,"icons":[],"image":null,"link":null,"locked":null,"children":[],"hGap":0,"shiftY":0,"attributes":null,"allChildren":[]},{"id":"ID_269140428","nodeText":"left_L3P102_Unfolded_WithFoldedChildren","isHtml":false,"folded":true,"icons":[],"image":null,"link":null,"locked":null,"children":[{"id":"ID_855698997","nodeText":"left_L4P1000_Folded","isHtml":false,"folded":false,"icons":[],"image":null,"link":null,"locked":null,"children":[],"hGap":0,"shiftY":0,"attributes":null,"allChildren":[]},{"id":"ID_1928881541","nodeText":"left_L4P1001_Folded","isHtml":false,"folded":false,"icons":[],"image":null,"link":null,"locked":null,"children":[],"hGap":0,"shiftY":0,"attributes":null,"allChildren":[]}],"hGap":0,"shiftY":0,"attributes":null,"allChildren":[{"id":"ID_855698997","nodeText":"left_L4P1000_Folded","isHtml":false,"folded":false,"icons":[],"image":null,"link":null,"locked":null,"children":[],"hGap":0,"shiftY":0,"attributes":null,"allChildren":[]},{"id":"ID_1928881541","nodeText":"left_L4P1001_Folded","isHtml":false,"folded":false,"icons":[],"image":null,"link":null,"locked":null,"children":[],"hGap":0,"shiftY":0,"attributes":null,"allChildren":[]}]}],"hGap":0,"shiftY":0,"attributes":null,"allChildren":[{"id":"ID_111629229","nodeText":"left_L3P100_Unfolded_WithUnfoldedChildren","isHtml":false,"folded":false,"icons":[],"image":null,"link":null,"locked":null,"children":[{"id":"ID_282423477","nodeText":"left_L4P1000_Unfolded","isHtml":false,"folded":false,"icons":[],"image":null,"link":null,"locked":null,"children":[],"hGap":0,"shiftY":0,"attributes":null,"allChildren":[]},{"id":"ID_1072393331","nodeText":"left_L4P1001_Unfolded","isHtml":false,"folded":false,"icons":[],"image":null,"link":null,"locked":null,"children":[],"hGap":0,"shiftY":0,"attributes":null,"allChildren":[]}],"hGap":0,"shiftY":0,"attributes":null,"allChildren":[{"id":"ID_282423477","nodeText":"left_L4P1000_Unfolded","isHtml":false,"folded":false,"icons":[],"image":null,"link":null,"locked":null,"children":[],"hGap":0,"shiftY":0,"attributes":null,"allChildren":[]},{"id":"ID_1072393331","nodeText":"left_L4P1001_Unfolded","isHtml":false,"folded":false,"icons":[],"image":null,"link":null,"locked":null,"children":[],"hGap":0,"shiftY":0,"attributes":null,"allChildren":[]}]},{"id":"ID_501846187","nodeText":"left_L3P101_Unfolded","isHtml":false,"folded":false,"icons":[],"image":null,"link":null,"locked":null,"children":[],"hGap":0,"shiftY":0,"attributes":null,"allChildren":[]},{"id":"ID_269140428","nodeText":"left_L3P102_Unfolded_WithFoldedChildren","isHtml":false,"folded":true,"icons":[],"image":null,"link":null,"locked":null,"children":[{"id":"ID_855698997","nodeText":"left_L4P1000_Folded","isHtml":false,"folded":false,"icons":[],"image":null,"link":null,"locked":null,"children":[],"hGap":0,"shiftY":0,"attributes":null,"allChildren":[]},{"id":"ID_1928881541","nodeText":"left_L4P1001_Folded","isHtml":false,"folded":false,"icons":[],"image":null,"link":null,"locked":null,"children":[],"hGap":0,"shiftY":0,"attributes":null,"allChildren":[]}],"hGap":0,"shiftY":0,"attributes":null,"allChildren":[{"id":"ID_855698997","nodeText":"left_L4P1000_Folded","isHtml":false,"folded":false,"icons":[],"image":null,"link":null,"locked":null,"children":[],"hGap":0,"shiftY":0,"attributes":null,"allChildren":[]},{"id":"ID_1928881541","nodeText":"left_L4P1001_Folded","isHtml":false,"folded":false,"icons":[],"image":null,"link":null,"locked":null,"children":[],"hGap":0,"shiftY":0,"attributes":null,"allChildren":[]}]}]}]},{"id":"ID_1657680452","nodeText":"left_L1P2_NodeStyle","isHtml":false,"folded":false,"icons":[],"image":null,"link":null,"locked":null,"children":[{"id":"ID_1355332128","nodeText":"left_L2P20_RootNode","isHtml":false,"folded":false,"icons":[],"image":null,"link":null,"locked":null,"children":[],"hGap":0,"shiftY":0,"attributes":null,"allChildren":[]},{"id":"ID_1139579263","nodeText":"left_L2P21_Level1","isHtml":false,"folded":false,"icons":[],"image":null,"link":null,"locked":null,"children":[],"hGap":0,"shiftY":0,"attributes":null,"allChildren":[]},{"id":"ID_894491244","nodeText":"left_L2P22_Level2","isHtml":false,"folded":false,"icons":[],"image":null,"link":null,"locked":null,"children":[],"hGap":0,"shiftY":0,"attributes":null,"allChildren":[]},{"id":"ID_1514293713","nodeText":"left_L2P23_Details","isHtml":false,"folded":false,"icons":[],"image":null,"link":null,"locked":null,"children":[],"hGap":0,"shiftY":0,"attributes":null,"allChildren":[]},{"id":"ID_594753566","nodeText":"left_L2P24_Important","isHtml":false,"folded":false,"icons":[],"image":null,"link":null,"locked":null,"children":[],"hGap":0,"shiftY":0,"attributes":null,"allChildren":[]}],"hGap":60,"shiftY":90,"attributes":null,"allChildren":[{"id":"ID_1355332128","nodeText":"left_L2P20_RootNode","isHtml":false,"folded":false,"icons":[],"image":null,"link":null,"locked":null,"children":[],"hGap":0,"shiftY":0,"attributes":null,"allChildren":[]},{"id":"ID_1139579263","nodeText":"left_L2P21_Level1","isHtml":false,"folded":false,"icons":[],"image":null,"link":null,"locked":null,"children":[],"hGap":0,"shiftY":0,"attributes":null,"allChildren":[]},{"id":"ID_894491244","nodeText":"left_L2P22_Level2","isHtml":false,"folded":false,"icons":[],"image":null,"link":null,"locked":null,"children":[],"hGap":0,"shiftY":0,"attributes":null,"allChildren":[]},{"id":"ID_1514293713","nodeText":"left_L2P23_Details","isHtml":false,"folded":false,"icons":[],"image":null,"link":null,"locked":null,"children":[],"hGap":0,"shiftY":0,"attributes":null,"allChildren":[]},{"id":"ID_594753566","nodeText":"left_L2P24_Important","isHtml":false,"folded":false,"icons":[],"image":null,"link":null,"locked":null,"children":[],"hGap":0,"shiftY":0,"attributes":null,"allChildren":[]}]},{"id":"ID_1921859689","nodeText":"left_L1P3_Text","isHtml":false,"folded":false,"icons":[],"image":null,"link":null,"locked":null,"children":[{"id":"ID_1724623172","nodeText":"left_L2P30_NormalText","isHtml":false,"folded":false,"icons":[],"image":null,"link":null,"locked":null,"children":[],"hGap":0,"shiftY":0,"attributes":null,"allChildren":[]},{"id":"ID_918586102","nodeText":"<html>\n  <head>\n    \n  </head>\n  <body>\n    <h1>\n      \n    </h1>\n    <p>\n      left_L2P31_HTMLText\n    </p>\n  </body>\n</html>","isHtml":true,"folded":false,"icons":[],"image":null,"link":null,"locked":null,"children":[],"hGap":0,"shiftY":0,"attributes":null,"allChildren":[]}],"hGap":30,"shiftY":90,"attributes":null,"allChildren":[{"id":"ID_1724623172","nodeText":"left_L2P30_NormalText","isHtml":false,"folded":false,"icons":[],"image":null,"link":null,"locked":null,"children":[],"hGap":0,"shiftY":0,"attributes":null,"allChildren":[]},{"id":"ID_918586102","nodeText":"<html>\n  <head>\n    \n  </head>\n  <body>\n    <h1>\n      \n    </h1>\n    <p>\n      left_L2P31_HTMLText\n    </p>\n  </body>\n</html>","isHtml":true,"folded":false,"icons":[],"image":null,"link":null,"locked":null,"children":[],"hGap":0,"shiftY":0,"attributes":null,"allChildren":[]}]},{"id":"ID_1","nodeText":"right_L1P0_Links","isHtml":false,"folded":false,"icons":[],"image":null,"link":null,"locked":null,"children":[{"id":"ID_2","nodeText":"right_L2P00_URL http://www.google.com","isHtml":false,"folded":false,"icons":[],"image":null,"link":"http://www.google.com","locked":null,"children":[],"hGap":0,"shiftY":0,"attributes":null,"allChildren":[]},{"id":"ID_3","nodeText":"right_L2P01_NodeLink_ToParent","isHtml":false,"folded":false,"icons":[],"image":null,"link":"#ID_1","locked":null,"children":[],"hGap":0,"shiftY":0,"attributes":null,"allChildren":[]}],"hGap":70,"shiftY":-160,"attributes":null,"allChildren":[{"id":"ID_2","nodeText":"right_L2P00_URL http://www.google.com","isHtml":false,"folded":false,"icons":[],"image":null,"link":"http://www.google.com","locked":null,"children":[],"hGap":0,"shiftY":0,"attributes":null,"allChildren":[]},{"id":"ID_3","nodeText":"right_L2P01_NodeLink_ToParent","isHtml":false,"folded":false,"icons":[],"image":null,"link":"#ID_1","locked":null,"children":[],"hGap":0,"shiftY":0,"attributes":null,"allChildren":[]}]},{"id":"ID_4","nodeText":"right_L1P1_EdgeStyle","isHtml":false,"folded":false,"icons":[],"image":null,"link":null,"locked":null,"children":[{"id":"ID_5","nodeText":"right_L2P10_sameEdgeStyle","isHtml":false,"folded":false,"icons":[],"image":null,"link":null,"locked":null,"children":[],"hGap":160,"shiftY":0,"attributes":null,"allChildren":[]},{"id":"ID_1694248792","nodeText":"right_L2P11_differentEdgeStyle","isHtml":false,"folded":false,"icons":[],"image":null,"link":null,"locked":null,"children":[],"hGap":150,"shiftY":60,"attributes":null,"allChildren":[]},{"id":"ID_695389559","nodeText":"right_L2P12_differentEdgeWidth","isHtml":false,"folded":false,"icons":[],"image":null,"link":null,"locked":null,"children":[],"hGap":150,"shiftY":60,"attributes":null,"allChildren":[]}],"hGap":0,"shiftY":0,"attributes":null,"allChildren":[{"id":"ID_5","nodeText":"right_L2P10_sameEdgeStyle","isHtml":false,"folded":false,"icons":[],"image":null,"link":null,"locked":null,"children":[],"hGap":160,"shiftY":0,"attributes":null,"allChildren":[]},{"id":"ID_1694248792","nodeText":"right_L2P11_differentEdgeStyle","isHtml":false,"folded":false,"icons":[],"image":null,"link":null,"locked":null,"children":[],"hGap":150,"shiftY":60,"attributes":null,"allChildren":[]},{"id":"ID_695389559","nodeText":"right_L2P12_differentEdgeWidth","isHtml":false,"folded":false,"icons":[],"image":null,"link":null,"locked":null,"children":[],"hGap":150,"shiftY":60,"attributes":null,"allChildren":[]}]},{"id":"ID_1875819033","nodeText":"right_L1P2_Image","isHtml":false,"folded":false,"icons":[],"image":null,"link":null,"locked":null,"children":[{"id":"ID_633666271","nodeText":"right_L2P20_Image_NormalSize","isHtml":false,"folded":false,"icons":[],"image":null,"link":null,"locked":null,"children":[],"hGap":0,"shiftY":0,"attributes":null,"allChildren":[]},{"id":"ID_1952442636","nodeText":"right_L2P21_Image_HalfSize","isHtml":false,"folded":false,"icons":[],"image":null,"link":null,"locked":null,"children":[],"hGap":0,"shiftY":0,"attributes":null,"allChildren":[]}],"hGap":110,"shiftY":90,"attributes":null,"allChildren":[{"id":"ID_633666271","nodeText":"right_L2P20_Image_NormalSize","isHtml":false,"folded":false,"icons":[],"image":null,"link":null,"locked":null,"children":[],"hGap":0,"shiftY":0,"attributes":null,"allChildren":[]},{"id":"ID_1952442636","nodeText":"right_L2P21_Image_HalfSize","isHtml":false,"folded":false,"icons":[],"image":null,"link":null,"locked":null,"children":[],"hGap":0,"shiftY":0,"attributes":null,"allChildren":[]}]},{"id":"ID_1661639564","nodeText":"right_L1P3_Tables","isHtml":false,"folded":false,"icons":[],"image":null,"link":null,"locked":null,"children":[{"id":"ID_1843612913","nodeText":"right_L2P30_NormalTable","isHtml":false,"folded":false,"icons":[],"image":null,"link":null,"locked":null,"children":[],"hGap":0,"shiftY":0,"attributes":{"C0R2_Key":"C1R2_Value","C0R1_Key":"C1R1_Value","C0R0_Key":"C1R0_Value"},"allChildren":[]},{"id":"ID_1531300280","nodeText":"right_L2P31_JabRefTable_WithLinkToPDF","isHtml":false,"folded":false,"icons":[],"image":null,"link":"workspace:/../../../../D:/HTW/docear/../../../literature_repository/Example%20PDFs/Academic%20search%20engine%20spam%20and%20Google%20Scholars%20resilience%20against%20it.pdf","locked":null,"children":[],"hGap":0,"shiftY":0,"attributes":{"journal":"Journal of Electronic Publishing","authors":"{J}oeran {B}eel and {B}ela {G}ipp","title":"{A}cademic search engine spam and {G}oogle {S}cholar's resilience against it","year":"2010","key":"Beel2010"},"allChildren":[]}],"hGap":130,"shiftY":60,"attributes":null,"allChildren":[{"id":"ID_1843612913","nodeText":"right_L2P30_NormalTable","isHtml":false,"folded":false,"icons":[],"image":null,"link":null,"locked":null,"children":[],"hGap":0,"shiftY":0,"attributes":{"C0R2_Key":"C1R2_Value","C0R1_Key":"C1R1_Value","C0R0_Key":"C1R0_Value"},"allChildren":[]},{"id":"ID_1531300280","nodeText":"right_L2P31_JabRefTable_WithLinkToPDF","isHtml":false,"folded":false,"icons":[],"image":null,"link":"workspace:/../../../../D:/HTW/docear/../../../literature_repository/Example%20PDFs/Academic%20search%20engine%20spam%20and%20Google%20Scholars%20resilience%20against%20it.pdf","locked":null,"children":[],"hGap":0,"shiftY":0,"attributes":{"journal":"Journal of Electronic Publishing","authors":"{J}oeran {B}eel and {B}ela {G}ipp","title":"{A}cademic search engine spam and {G}oogle {S}cholar's resilience against it","year":"2010","key":"Beel2010"},"allChildren":[]}]}]}}
akka.actor.RepointableActorRef received
org.docear.messages.exceptions.MapNotFoundException: Map with id 6 is not present.
akka.actor.RepointableActorRef received
akka.actor.Status$Failure received
akka.actor.RepointableActorRef received
org.docear.messages.Messages$GetNodeResponse received
{"id":"1361873629280226223933664387886480.mm","isReadonly":false,"root":{"id":"ID_0","nodeText":"test_5 = MapID ; 5.mm = Title","isHtml":false,"folded":false,"icons":[],"image":null,"link":null,"locked":null,"leftChildren":[{"id":"ID_1395002523","nodeText":"left_L1P0_TreeDepth_5Children","isHtml":false,"folded":false,"icons":[],"image":null,"link":null,"locked":null,"children":[{"id":"ID_1384944366","nodeText":"left_L2P00","isHtml":false,"folded":false,"icons":[],"image":null,"link":null,"locked":null,"children":[{"id":"ID_1886685557","nodeText":"left_L3P000","isHtml":false,"folded":false,"icons":[],"image":null,"link":null,"locked":null,"children":[{"id":"ID_369887845","nodeText":"left_L4P0000","isHtml":false,"folded":false,"icons":[],"image":null,"link":null,"locked":null,"children":[{"id":"ID_1731394006","nodeText":"left_L5P00000","isHtml":false,"folded":false,"icons":[],"image":null,"link":null,"locked":null,"children":[{"id":"ID_1147936295","nodeText":"left_L6P000000","isHtml":false,"folded":false,"icons":[],"image":null,"link":null,"locked":null,"children":[],"hGap":0,"shiftY":0,"attributes":null,"allChildren":[]}],"hGap":0,"shiftY":0,"attributes":null,"allChildren":[{"id":"ID_1147936295","nodeText":"left_L6P000000","isHtml":false,"folded":false,"icons":[],"image":null,"link":null,"locked":null,"children":[],"hGap":0,"shiftY":0,"attributes":null,"allChildren":[]}]}],"hGap":0,"shiftY":0,"attributes":null,"allChildren":[{"id":"ID_1731394006","nodeText":"left_L5P00000","isHtml":false,"folded":false,"icons":[],"image":null,"link":null,"locked":null,"children":[{"id":"ID_1147936295","nodeText":"left_L6P000000","isHtml":false,"folded":false,"icons":[],"image":null,"link":null,"locked":null,"children":[],"hGap":0,"shiftY":0,"attributes":null,"allChildren":[]}],"hGap":0,"shiftY":0,"attributes":null,"allChildren":[{"id":"ID_1147936295","nodeText":"left_L6P000000","isHtml":false,"folded":false,"icons":[],"image":null,"link":null,"locked":null,"children":[],"hGap":0,"shiftY":0,"attributes":null,"allChildren":[]}]}]}],"hGap":0,"shiftY":0,"attributes":null,"allChildren":[{"id":"ID_369887845","nodeText":"left_L4P0000","isHtml":false,"folded":false,"icons":[],"image":null,"link":null,"locked":null,"children":[{"id":"ID_1731394006","nodeText":"left_L5P00000","isHtml":false,"folded":false,"icons":[],"image":null,"link":null,"locked":null,"children":[{"id":"ID_1147936295","nodeText":"left_L6P000000","isHtml":false,"folded":false,"icons":[],"image":null,"link":null,"locked":null,"children":[],"hGap":0,"shiftY":0,"attributes":null,"allChildren":[]}],"hGap":0,"shiftY":0,"attributes":null,"allChildren":[{"id":"ID_1147936295","nodeText":"left_L6P000000","isHtml":false,"folded":false,"icons":[],"image":null,"link":null,"locked":null,"children":[],"hGap":0,"shiftY":0,"attributes":null,"allChildren":[]}]}],"hGap":0,"shiftY":0,"attributes":null,"allChildren":[{"id":"ID_1731394006","nodeText":"left_L5P00000","isHtml":false,"folded":false,"icons":[],"image":null,"link":null,"locked":null,"children":[{"id":"ID_1147936295","nodeText":"left_L6P000000","isHtml":false,"folded":false,"icons":[],"image":null,"link":null,"locked":null,"children":[],"hGap":0,"shiftY":0,"attributes":null,"allChildren":[]}],"hGap":0,"shiftY":0,"attributes":null,"allChildren":[{"id":"ID_1147936295","nodeText":"left_L6P000000","isHtml":false,"folded":false,"icons":[],"image":null,"link":null,"locked":null,"children":[],"hGap":0,"shiftY":0,"attributes":null,"allChildren":[]}]}]}]}],"hGap":0,"shiftY":0,"attributes":null,"allChildren":[{"id":"ID_1886685557","nodeText":"left_L3P000","isHtml":false,"folded":false,"icons":[],"image":null,"link":null,"locked":null,"children":[{"id":"ID_369887845","nodeText":"left_L4P0000","isHtml":false,"folded":false,"icons":[],"image":null,"link":null,"locked":null,"children":[{"id":"ID_1731394006","nodeText":"left_L5P00000","isHtml":false,"folded":false,"icons":[],"image":null,"link":null,"locked":null,"children":[{"id":"ID_1147936295","nodeText":"left_L6P000000","isHtml":false,"folded":false,"icons":[],"image":null,"link":null,"locked":null,"children":[],"hGap":0,"shiftY":0,"attributes":null,"allChildren":[]}],"hGap":0,"shiftY":0,"attributes":null,"allChildren":[{"id":"ID_1147936295","nodeText":"left_L6P000000","isHtml":false,"folded":false,"icons":[],"image":null,"link":null,"locked":null,"children":[],"hGap":0,"shiftY":0,"attributes":null,"allChildren":[]}]}],"hGap":0,"shiftY":0,"attributes":null,"allChildren":[{"id":"ID_1731394006","nodeText":"left_L5P00000","isHtml":false,"folded":false,"icons":[],"image":null,"link":null,"locked":null,"children":[{"id":"ID_1147936295","nodeText":"left_L6P000000","isHtml":false,"folded":false,"icons":[],"image":null,"link":null,"locked":null,"children":[],"hGap":0,"shiftY":0,"attributes":null,"allChildren":[]}],"hGap":0,"shiftY":0,"attributes":null,"allChildren":[{"id":"ID_1147936295","nodeText":"left_L6P000000","isHtml":false,"folded":false,"icons":[],"image":null,"link":null,"locked":null,"children":[],"hGap":0,"shiftY":0,"attributes":null,"allChildren":[]}]}]}],"hGap":0,"shiftY":0,"attributes":null,"allChildren":[{"id":"ID_369887845","nodeText":"left_L4P0000","isHtml":false,"folded":false,"icons":[],"image":null,"link":null,"locked":null,"children":[{"id":"ID_1731394006","nodeText":"left_L5P00000","isHtml":false,"folded":false,"icons":[],"image":null,"link":null,"locked":null,"children":[{"id":"ID_1147936295","nodeText":"left_L6P000000","isHtml":false,"folded":false,"icons":[],"image":null,"link":null,"locked":null,"children":[],"hGap":0,"shiftY":0,"attributes":null,"allChildren":[]}],"hGap":0,"shiftY":0,"attributes":null,"allChildren":[{"id":"ID_1147936295","nodeText":"left_L6P000000","isHtml":false,"folded":false,"icons":[],"image":null,"link":null,"locked":null,"children":[],"hGap":0,"shiftY":0,"attributes":null,"allChildren":[]}]}],"hGap":0,"shiftY":0,"attributes":null,"allChildren":[{"id":"ID_1731394006","nodeText":"left_L5P00000","isHtml":false,"folded":false,"icons":[],"image":null,"link":null,"locked":null,"children":[{"id":"ID_1147936295","nodeText":"left_L6P000000","isHtml":false,"folded":false,"icons":[],"image":null,"link":null,"locked":null,"children":[],"hGap":0,"shiftY":0,"attributes":null,"allChildren":[]}],"hGap":0,"shiftY":0,"attributes":null,"allChildren":[{"id":"ID_1147936295","nodeText":"left_L6P000000","isHtml":false,"folded":false,"icons":[],"image":null,"link":null,"locked":null,"children":[],"hGap":0,"shiftY":0,"attributes":null,"allChildren":[]}]}]}]}]}],"hGap":80,"shiftY":-90,"attributes":null,"allChildren":[{"id":"ID_1384944366","nodeText":"left_L2P00","isHtml":false,"folded":false,"icons":[],"image":null,"link":null,"locked":null,"children":[{"id":"ID_1886685557","nodeText":"left_L3P000","isHtml":false,"folded":false,"icons":[],"image":null,"link":null,"locked":null,"children":[{"id":"ID_369887845","nodeText":"left_L4P0000","isHtml":false,"folded":false,"icons":[],"image":null,"link":null,"locked":null,"children":[{"id":"ID_1731394006","nodeText":"left_L5P00000","isHtml":false,"folded":false,"icons":[],"image":null,"link":null,"locked":null,"children":[{"id":"ID_1147936295","nodeText":"left_L6P000000","isHtml":false,"folded":false,"icons":[],"image":null,"link":null,"locked":null,"children":[],"hGap":0,"shiftY":0,"attributes":null,"allChildren":[]}],"hGap":0,"shiftY":0,"attributes":null,"allChildren":[{"id":"ID_1147936295","nodeText":"left_L6P000000","isHtml":false,"folded":false,"icons":[],"image":null,"link":null,"locked":null,"children":[],"hGap":0,"shiftY":0,"attributes":null,"allChildren":[]}]}],"hGap":0,"shiftY":0,"attributes":null,"allChildren":[{"id":"ID_1731394006","nodeText":"left_L5P00000","isHtml":false,"folded":false,"icons":[],"image":null,"link":null,"locked":null,"children":[{"id":"ID_1147936295","nodeText":"left_L6P000000","isHtml":false,"folded":false,"icons":[],"image":null,"link":null,"locked":null,"children":[],"hGap":0,"shiftY":0,"attributes":null,"allChildren":[]}],"hGap":0,"shiftY":0,"attributes":null,"allChildren":[{"id":"ID_1147936295","nodeText":"left_L6P000000","isHtml":false,"folded":false,"icons":[],"image":null,"link":null,"locked":null,"children":[],"hGap":0,"shiftY":0,"attributes":null,"allChildren":[]}]}]}],"hGap":0,"shiftY":0,"attributes":null,"allChildren":[{"id":"ID_369887845","nodeText":"left_L4P0000","isHtml":false,"folded":false,"icons":[],"image":null,"link":null,"locked":null,"children":[{"id":"ID_1731394006","nodeText":"left_L5P00000","isHtml":false,"folded":false,"icons":[],"image":null,"link":null,"locked":null,"children":[{"id":"ID_1147936295","nodeText":"left_L6P000000","isHtml":false,"folded":false,"icons":[],"image":null,"link":null,"locked":null,"children":[],"hGap":0,"shiftY":0,"attributes":null,"allChildren":[]}],"hGap":0,"shiftY":0,"attributes":null,"allChildren":[{"id":"ID_1147936295","nodeText":"left_L6P000000","isHtml":false,"folded":false,"icons":[],"image":null,"link":null,"locked":null,"children":[],"hGap":0,"shiftY":0,"attributes":null,"allChildren":[]}]}],"hGap":0,"shiftY":0,"attributes":null,"allChildren":[{"id":"ID_1731394006","nodeText":"left_L5P00000","isHtml":false,"folded":false,"icons":[],"image":null,"link":null,"locked":null,"children":[{"id":"ID_1147936295","nodeText":"left_L6P000000","isHtml":false,"folded":false,"icons":[],"image":null,"link":null,"locked":null,"children":[],"hGap":0,"shiftY":0,"attributes":null,"allChildren":[]}],"hGap":0,"shiftY":0,"attributes":null,"allChildren":[{"id":"ID_1147936295","nodeText":"left_L6P000000","isHtml":false,"folded":false,"icons":[],"image":null,"link":null,"locked":null,"children":[],"hGap":0,"shiftY":0,"attributes":null,"allChildren":[]}]}]}]}],"hGap":0,"shiftY":0,"attributes":null,"allChildren":[{"id":"ID_1886685557","nodeText":"left_L3P000","isHtml":false,"folded":false,"icons":[],"image":null,"link":null,"locked":null,"children":[{"id":"ID_369887845","nodeText":"left_L4P0000","isHtml":false,"folded":false,"icons":[],"image":null,"link":null,"locked":null,"children":[{"id":"ID_1731394006","nodeText":"left_L5P00000","isHtml":false,"folded":false,"icons":[],"image":null,"link":null,"locked":null,"children":[{"id":"ID_1147936295","nodeText":"left_L6P000000","isHtml":false,"folded":false,"icons":[],"image":null,"link":null,"locked":null,"children":[],"hGap":0,"shiftY":0,"attributes":null,"allChildren":[]}],"hGap":0,"shiftY":0,"attributes":null,"allChildren":[{"id":"ID_1147936295","nodeText":"left_L6P000000","isHtml":false,"folded":false,"icons":[],"image":null,"link":null,"locked":null,"children":[],"hGap":0,"shiftY":0,"attributes":null,"allChildren":[]}]}],"hGap":0,"shiftY":0,"attributes":null,"allChildren":[{"id":"ID_1731394006","nodeText":"left_L5P00000","isHtml":false,"folded":false,"icons":[],"image":null,"link":null,"locked":null,"children":[{"id":"ID_1147936295","nodeText":"left_L6P000000","isHtml":false,"folded":false,"icons":[],"image":null,"link":null,"locked":null,"children":[],"hGap":0,"shiftY":0,"attributes":null,"allChildren":[]}],"hGap":0,"shiftY":0,"attributes":null,"allChildren":[{"id":"ID_1147936295","nodeText":"left_L6P000000","isHtml":false,"folded":false,"icons":[],"image":null,"link":null,"locked":null,"children":[],"hGap":0,"shiftY":0,"attributes":null,"allChildren":[]}]}]}],"hGap":0,"shiftY":0,"attributes":null,"allChildren":[{"id":"ID_369887845","nodeText":"left_L4P0000","isHtml":false,"folded":false,"icons":[],"image":null,"link":null,"locked":null,"children":[{"id":"ID_1731394006","nodeText":"left_L5P00000","isHtml":false,"folded":false,"icons":[],"image":null,"link":null,"locked":null,"children":[{"id":"ID_1147936295","nodeText":"left_L6P000000","isHtml":false,"folded":false,"icons":[],"image":null,"link":null,"locked":null,"children":[],"hGap":0,"shiftY":0,"attributes":null,"allChildren":[]}],"hGap":0,"shiftY":0,"attributes":null,"allChildren":[{"id":"ID_1147936295","nodeText":"left_L6P000000","isHtml":false,"folded":false,"icons":[],"image":null,"link":null,"locked":null,"children":[],"hGap":0,"shiftY":0,"attributes":null,"allChildren":[]}]}],"hGap":0,"shiftY":0,"attributes":null,"allChildren":[{"id":"ID_1731394006","nodeText":"left_L5P00000","isHtml":false,"folded":false,"icons":[],"image":null,"link":null,"locked":null,"children":[{"id":"ID_1147936295","nodeText":"left_L6P000000","isHtml":false,"folded":false,"icons":[],"image":null,"link":null,"locked":null,"children":[],"hGap":0,"shiftY":0,"attributes":null,"allChildren":[]}],"hGap":0,"shiftY":0,"attributes":null,"allChildren":[{"id":"ID_1147936295","nodeText":"left_L6P000000","isHtml":false,"folded":false,"icons":[],"image":null,"link":null,"locked":null,"children":[],"hGap":0,"shiftY":0,"attributes":null,"allChildren":[]}]}]}]}]}]},{"id":"ID_505304847","nodeText":"left_L1P1_Fold","isHtml":false,"folded":true,"icons":[],"image":null,"link":null,"locked":null,"children":[{"id":"ID_1994088417","nodeText":"left_L2P10_Folded_WithUn-/FoldedChildren","isHtml":false,"folded":false,"icons":[],"image":null,"link":null,"locked":null,"children":[{"id":"ID_111629229","nodeText":"left_L3P100_Unfolded_WithUnfoldedChildren","isHtml":false,"folded":false,"icons":[],"image":null,"link":null,"locked":null,"children":[{"id":"ID_282423477","nodeText":"left_L4P1000_Unfolded","isHtml":false,"folded":false,"icons":[],"image":null,"link":null,"locked":null,"children":[],"hGap":0,"shiftY":0,"attributes":null,"allChildren":[]},{"id":"ID_1072393331","nodeText":"left_L4P1001_Unfolded","isHtml":false,"folded":false,"icons":[],"image":null,"link":null,"locked":null,"children":[],"hGap":0,"shiftY":0,"attributes":null,"allChildren":[]}],"hGap":0,"shiftY":0,"attributes":null,"allChildren":[{"id":"ID_282423477","nodeText":"left_L4P1000_Unfolded","isHtml":false,"folded":false,"icons":[],"image":null,"link":null,"locked":null,"children":[],"hGap":0,"shiftY":0,"attributes":null,"allChildren":[]},{"id":"ID_1072393331","nodeText":"left_L4P1001_Unfolded","isHtml":false,"folded":false,"icons":[],"image":null,"link":null,"locked":null,"children":[],"hGap":0,"shiftY":0,"attributes":null,"allChildren":[]}]},{"id":"ID_501846187","nodeText":"left_L3P101_Unfolded","isHtml":false,"folded":false,"icons":[],"image":null,"link":null,"locked":null,"children":[],"hGap":0,"shiftY":0,"attributes":null,"allChildren":[]},{"id":"ID_269140428","nodeText":"left_L3P102_Unfolded_WithFoldedChildren","isHtml":false,"folded":true,"icons":[],"image":null,"link":null,"locked":null,"children":[{"id":"ID_855698997","nodeText":"left_L4P1000_Folded","isHtml":false,"folded":false,"icons":[],"image":null,"link":null,"locked":null,"children":[],"hGap":0,"shiftY":0,"attributes":null,"allChildren":[]},{"id":"ID_1928881541","nodeText":"left_L4P1001_Folded","isHtml":false,"folded":false,"icons":[],"image":null,"link":null,"locked":null,"children":[],"hGap":0,"shiftY":0,"attributes":null,"allChildren":[]}],"hGap":0,"shiftY":0,"attributes":null,"allChildren":[{"id":"ID_855698997","nodeText":"left_L4P1000_Folded","isHtml":false,"folded":false,"icons":[],"image":null,"link":null,"locked":null,"children":[],"hGap":0,"shiftY":0,"attributes":null,"allChildren":[]},{"id":"ID_1928881541","nodeText":"left_L4P1001_Folded","isHtml":false,"folded":false,"icons":[],"image":null,"link":null,"locked":null,"children":[],"hGap":0,"shiftY":0,"attributes":null,"allChildren":[]}]}],"hGap":0,"shiftY":0,"attributes":null,"allChildren":[{"id":"ID_111629229","nodeText":"left_L3P100_Unfolded_WithUnfoldedChildren","isHtml":false,"folded":false,"icons":[],"image":null,"link":null,"locked":null,"children":[{"id":"ID_282423477","nodeText":"left_L4P1000_Unfolded","isHtml":false,"folded":false,"icons":[],"image":null,"link":null,"locked":null,"children":[],"hGap":0,"shiftY":0,"attributes":null,"allChildren":[]},{"id":"ID_1072393331","nodeText":"left_L4P1001_Unfolded","isHtml":false,"folded":false,"icons":[],"image":null,"link":null,"locked":null,"children":[],"hGap":0,"shiftY":0,"attributes":null,"allChildren":[]}],"hGap":0,"shiftY":0,"attributes":null,"allChildren":[{"id":"ID_282423477","nodeText":"left_L4P1000_Unfolded","isHtml":false,"folded":false,"icons":[],"image":null,"link":null,"locked":null,"children":[],"hGap":0,"shiftY":0,"attributes":null,"allChildren":[]},{"id":"ID_1072393331","nodeText":"left_L4P1001_Unfolded","isHtml":false,"folded":false,"icons":[],"image":null,"link":null,"locked":null,"children":[],"hGap":0,"shiftY":0,"attributes":null,"allChildren":[]}]},{"id":"ID_501846187","nodeText":"left_L3P101_Unfolded","isHtml":false,"folded":false,"icons":[],"image":null,"link":null,"locked":null,"children":[],"hGap":0,"shiftY":0,"attributes":null,"allChildren":[]},{"id":"ID_269140428","nodeText":"left_L3P102_Unfolded_WithFoldedChildren","isHtml":false,"folded":true,"icons":[],"image":null,"link":null,"locked":null,"children":[{"id":"ID_855698997","nodeText":"left_L4P1000_Folded","isHtml":false,"folded":false,"icons":[],"image":null,"link":null,"locked":null,"children":[],"hGap":0,"shiftY":0,"attributes":null,"allChildren":[]},{"id":"ID_1928881541","nodeText":"left_L4P1001_Folded","isHtml":false,"folded":false,"icons":[],"image":null,"link":null,"locked":null,"children":[],"hGap":0,"shiftY":0,"attributes":null,"allChildren":[]}],"hGap":0,"shiftY":0,"attributes":null,"allChildren":[{"id":"ID_855698997","nodeText":"left_L4P1000_Folded","isHtml":false,"folded":false,"icons":[],"image":null,"link":null,"locked":null,"children":[],"hGap":0,"shiftY":0,"attributes":null,"allChildren":[]},{"id":"ID_1928881541","nodeText":"left_L4P1001_Folded","isHtml":false,"folded":false,"icons":[],"image":null,"link":null,"locked":null,"children":[],"hGap":0,"shiftY":0,"attributes":null,"allChildren":[]}]}]}],"hGap":100,"shiftY":20,"attributes":null,"allChildren":[{"id":"ID_1994088417","nodeText":"left_L2P10_Folded_WithUn-/FoldedChildren","isHtml":false,"folded":false,"icons":[],"image":null,"link":null,"locked":null,"children":[{"id":"ID_111629229","nodeText":"left_L3P100_Unfolded_WithUnfoldedChildren","isHtml":false,"folded":false,"icons":[],"image":null,"link":null,"locked":null,"children":[{"id":"ID_282423477","nodeText":"left_L4P1000_Unfolded","isHtml":false,"folded":false,"icons":[],"image":null,"link":null,"locked":null,"children":[],"hGap":0,"shiftY":0,"attributes":null,"allChildren":[]},{"id":"ID_1072393331","nodeText":"left_L4P1001_Unfolded","isHtml":false,"folded":false,"icons":[],"image":null,"link":null,"locked":null,"children":[],"hGap":0,"shiftY":0,"attributes":null,"allChildren":[]}],"hGap":0,"shiftY":0,"attributes":null,"allChildren":[{"id":"ID_282423477","nodeText":"left_L4P1000_Unfolded","isHtml":false,"folded":false,"icons":[],"image":null,"link":null,"locked":null,"children":[],"hGap":0,"shiftY":0,"attributes":null,"allChildren":[]},{"id":"ID_1072393331","nodeText":"left_L4P1001_Unfolded","isHtml":false,"folded":false,"icons":[],"image":null,"link":null,"locked":null,"children":[],"hGap":0,"shiftY":0,"attributes":null,"allChildren":[]}]},{"id":"ID_501846187","nodeText":"left_L3P101_Unfolded","isHtml":false,"folded":false,"icons":[],"image":null,"link":null,"locked":null,"children":[],"hGap":0,"shiftY":0,"attributes":null,"allChildren":[]},{"id":"ID_269140428","nodeText":"left_L3P102_Unfolded_WithFoldedChildren","isHtml":false,"folded":true,"icons":[],"image":null,"link":null,"locked":null,"children":[{"id":"ID_855698997","nodeText":"left_L4P1000_Folded","isHtml":false,"folded":false,"icons":[],"image":null,"link":null,"locked":null,"children":[],"hGap":0,"shiftY":0,"attributes":null,"allChildren":[]},{"id":"ID_1928881541","nodeText":"left_L4P1001_Folded","isHtml":false,"folded":false,"icons":[],"image":null,"link":null,"locked":null,"children":[],"hGap":0,"shiftY":0,"attributes":null,"allChildren":[]}],"hGap":0,"shiftY":0,"attributes":null,"allChildren":[{"id":"ID_855698997","nodeText":"left_L4P1000_Folded","isHtml":false,"folded":false,"icons":[],"image":null,"link":null,"locked":null,"children":[],"hGap":0,"shiftY":0,"attributes":null,"allChildren":[]},{"id":"ID_1928881541","nodeText":"left_L4P1001_Folded","isHtml":false,"folded":false,"icons":[],"image":null,"link":null,"locked":null,"children":[],"hGap":0,"shiftY":0,"attributes":null,"allChildren":[]}]}],"hGap":0,"shiftY":0,"attributes":null,"allChildren":[{"id":"ID_111629229","nodeText":"left_L3P100_Unfolded_WithUnfoldedChildren","isHtml":false,"folded":false,"icons":[],"image":null,"link":null,"locked":null,"children":[{"id":"ID_282423477","nodeText":"left_L4P1000_Unfolded","isHtml":false,"folded":false,"icons":[],"image":null,"link":null,"locked":null,"children":[],"hGap":0,"shiftY":0,"attributes":null,"allChildren":[]},{"id":"ID_1072393331","nodeText":"left_L4P1001_Unfolded","isHtml":false,"folded":false,"icons":[],"image":null,"link":null,"locked":null,"children":[],"hGap":0,"shiftY":0,"attributes":null,"allChildren":[]}],"hGap":0,"shiftY":0,"attributes":null,"allChildren":[{"id":"ID_282423477","nodeText":"left_L4P1000_Unfolded","isHtml":false,"folded":false,"icons":[],"image":null,"link":null,"locked":null,"children":[],"hGap":0,"shiftY":0,"attributes":null,"allChildren":[]},{"id":"ID_1072393331","nodeText":"left_L4P1001_Unfolded","isHtml":false,"folded":false,"icons":[],"image":null,"link":null,"locked":null,"children":[],"hGap":0,"shiftY":0,"attributes":null,"allChildren":[]}]},{"id":"ID_501846187","nodeText":"left_L3P101_Unfolded","isHtml":false,"folded":false,"icons":[],"image":null,"link":null,"locked":null,"children":[],"hGap":0,"shiftY":0,"attributes":null,"allChildren":[]},{"id":"ID_269140428","nodeText":"left_L3P102_Unfolded_WithFoldedChildren","isHtml":false,"folded":true,"icons":[],"image":null,"link":null,"locked":null,"children":[{"id":"ID_855698997","nodeText":"left_L4P1000_Folded","isHtml":false,"folded":false,"icons":[],"image":null,"link":null,"locked":null,"children":[],"hGap":0,"shiftY":0,"attributes":null,"allChildren":[]},{"id":"ID_1928881541","nodeText":"left_L4P1001_Folded","isHtml":false,"folded":false,"icons":[],"image":null,"link":null,"locked":null,"children":[],"hGap":0,"shiftY":0,"attributes":null,"allChildren":[]}],"hGap":0,"shiftY":0,"attributes":null,"allChildren":[{"id":"ID_855698997","nodeText":"left_L4P1000_Folded","isHtml":false,"folded":false,"icons":[],"image":null,"link":null,"locked":null,"children":[],"hGap":0,"shiftY":0,"attributes":null,"allChildren":[]},{"id":"ID_1928881541","nodeText":"left_L4P1001_Folded","isHtml":false,"folded":false,"icons":[],"image":null,"link":null,"locked":null,"children":[],"hGap":0,"shiftY":0,"attributes":null,"allChildren":[]}]}]}]},{"id":"ID_1657680452","nodeText":"left_L1P2_NodeStyle","isHtml":false,"folded":false,"icons":[],"image":null,"link":null,"locked":null,"children":[{"id":"ID_1355332128","nodeText":"left_L2P20_RootNode","isHtml":false,"folded":false,"icons":[],"image":null,"link":null,"locked":null,"children":[],"hGap":0,"shiftY":0,"attributes":null,"allChildren":[]},{"id":"ID_1139579263","nodeText":"left_L2P21_Level1","isHtml":false,"folded":false,"icons":[],"image":null,"link":null,"locked":null,"children":[],"hGap":0,"shiftY":0,"attributes":null,"allChildren":[]},{"id":"ID_894491244","nodeText":"left_L2P22_Level2","isHtml":false,"folded":false,"icons":[],"image":null,"link":null,"locked":null,"children":[],"hGap":0,"shiftY":0,"attributes":null,"allChildren":[]},{"id":"ID_1514293713","nodeText":"left_L2P23_Details","isHtml":false,"folded":false,"icons":[],"image":null,"link":null,"locked":null,"children":[],"hGap":0,"shiftY":0,"attributes":null,"allChildren":[]},{"id":"ID_594753566","nodeText":"left_L2P24_Important","isHtml":false,"folded":false,"icons":[],"image":null,"link":null,"locked":null,"children":[],"hGap":0,"shiftY":0,"attributes":null,"allChildren":[]}],"hGap":60,"shiftY":90,"attributes":null,"allChildren":[{"id":"ID_1355332128","nodeText":"left_L2P20_RootNode","isHtml":false,"folded":false,"icons":[],"image":null,"link":null,"locked":null,"children":[],"hGap":0,"shiftY":0,"attributes":null,"allChildren":[]},{"id":"ID_1139579263","nodeText":"left_L2P21_Level1","isHtml":false,"folded":false,"icons":[],"image":null,"link":null,"locked":null,"children":[],"hGap":0,"shiftY":0,"attributes":null,"allChildren":[]},{"id":"ID_894491244","nodeText":"left_L2P22_Level2","isHtml":false,"folded":false,"icons":[],"image":null,"link":null,"locked":null,"children":[],"hGap":0,"shiftY":0,"attributes":null,"allChildren":[]},{"id":"ID_1514293713","nodeText":"left_L2P23_Details","isHtml":false,"folded":false,"icons":[],"image":null,"link":null,"locked":null,"children":[],"hGap":0,"shiftY":0,"attributes":null,"allChildren":[]},{"id":"ID_594753566","nodeText":"left_L2P24_Important","isHtml":false,"folded":false,"icons":[],"image":null,"link":null,"locked":null,"children":[],"hGap":0,"shiftY":0,"attributes":null,"allChildren":[]}]},{"id":"ID_1921859689","nodeText":"left_L1P3_Text","isHtml":false,"folded":false,"icons":[],"image":null,"link":null,"locked":null,"children":[{"id":"ID_1724623172","nodeText":"left_L2P30_NormalText","isHtml":false,"folded":false,"icons":[],"image":null,"link":null,"locked":null,"children":[],"hGap":0,"shiftY":0,"attributes":null,"allChildren":[]},{"id":"ID_918586102","nodeText":"<html>\n  <head>\n    \n  </head>\n  <body>\n    <h1>\n      \n    </h1>\n    <p>\n      left_L2P31_HTMLText\n    </p>\n  </body>\n</html>","isHtml":true,"folded":false,"icons":[],"image":null,"link":null,"locked":null,"children":[],"hGap":0,"shiftY":0,"attributes":null,"allChildren":[]}],"hGap":30,"shiftY":90,"attributes":null,"allChildren":[{"id":"ID_1724623172","nodeText":"left_L2P30_NormalText","isHtml":false,"folded":false,"icons":[],"image":null,"link":null,"locked":null,"children":[],"hGap":0,"shiftY":0,"attributes":null,"allChildren":[]},{"id":"ID_918586102","nodeText":"<html>\n  <head>\n    \n  </head>\n  <body>\n    <h1>\n      \n    </h1>\n    <p>\n      left_L2P31_HTMLText\n    </p>\n  </body>\n</html>","isHtml":true,"folded":false,"icons":[],"image":null,"link":null,"locked":null,"children":[],"hGap":0,"shiftY":0,"attributes":null,"allChildren":[]}]}],"rightChildren":[{"id":"ID_1","nodeText":"right_L1P0_Links","isHtml":false,"folded":false,"icons":[],"image":null,"link":null,"locked":null,"children":[{"id":"ID_2","nodeText":"right_L2P00_URL http://www.google.com","isHtml":false,"folded":false,"icons":[],"image":null,"link":"http://www.google.com","locked":null,"children":[],"hGap":0,"shiftY":0,"attributes":null,"allChildren":[]},{"id":"ID_3","nodeText":"right_L2P01_NodeLink_ToParent","isHtml":false,"folded":false,"icons":[],"image":null,"link":"#ID_1","locked":null,"children":[],"hGap":0,"shiftY":0,"attributes":null,"allChildren":[]}],"hGap":70,"shiftY":-160,"attributes":null,"allChildren":[{"id":"ID_2","nodeText":"right_L2P00_URL http://www.google.com","isHtml":false,"folded":false,"icons":[],"image":null,"link":"http://www.google.com","locked":null,"children":[],"hGap":0,"shiftY":0,"attributes":null,"allChildren":[]},{"id":"ID_3","nodeText":"right_L2P01_NodeLink_ToParent","isHtml":false,"folded":false,"icons":[],"image":null,"link":"#ID_1","locked":null,"children":[],"hGap":0,"shiftY":0,"attributes":null,"allChildren":[]}]},{"id":"ID_4","nodeText":"right_L1P1_EdgeStyle","isHtml":false,"folded":false,"icons":[],"image":null,"link":null,"locked":null,"children":[{"id":"ID_5","nodeText":"right_L2P10_sameEdgeStyle","isHtml":false,"folded":false,"icons":[],"image":null,"link":null,"locked":null,"children":[],"hGap":160,"shiftY":0,"attributes":null,"allChildren":[]},{"id":"ID_1694248792","nodeText":"right_L2P11_differentEdgeStyle","isHtml":false,"folded":false,"icons":[],"image":null,"link":null,"locked":null,"children":[],"hGap":150,"shiftY":60,"attributes":null,"allChildren":[]},{"id":"ID_695389559","nodeText":"right_L2P12_differentEdgeWidth","isHtml":false,"folded":false,"icons":[],"image":null,"link":null,"locked":null,"children":[],"hGap":150,"shiftY":60,"attributes":null,"allChildren":[]}],"hGap":0,"shiftY":0,"attributes":null,"allChildren":[{"id":"ID_5","nodeText":"right_L2P10_sameEdgeStyle","isHtml":false,"folded":false,"icons":[],"image":null,"link":null,"locked":null,"children":[],"hGap":160,"shiftY":0,"attributes":null,"allChildren":[]},{"id":"ID_1694248792","nodeText":"right_L2P11_differentEdgeStyle","isHtml":false,"folded":false,"icons":[],"image":null,"link":null,"locked":null,"children":[],"hGap":150,"shiftY":60,"attributes":null,"allChildren":[]},{"id":"ID_695389559","nodeText":"right_L2P12_differentEdgeWidth","isHtml":false,"folded":false,"icons":[],"image":null,"link":null,"locked":null,"children":[],"hGap":150,"shiftY":60,"attributes":null,"allChildren":[]}]},{"id":"ID_1875819033","nodeText":"right_L1P2_Image","isHtml":false,"folded":false,"icons":[],"image":null,"link":null,"locked":null,"children":[{"id":"ID_633666271","nodeText":"right_L2P20_Image_NormalSize","isHtml":false,"folded":false,"icons":[],"image":null,"link":null,"locked":null,"children":[],"hGap":0,"shiftY":0,"attributes":null,"allChildren":[]},{"id":"ID_1952442636","nodeText":"right_L2P21_Image_HalfSize","isHtml":false,"folded":false,"icons":[],"image":null,"link":null,"locked":null,"children":[],"hGap":0,"shiftY":0,"attributes":null,"allChildren":[]}],"hGap":110,"shiftY":90,"attributes":null,"allChildren":[{"id":"ID_633666271","nodeText":"right_L2P20_Image_NormalSize","isHtml":false,"folded":false,"icons":[],"image":null,"link":null,"locked":null,"children":[],"hGap":0,"shiftY":0,"attributes":null,"allChildren":[]},{"id":"ID_1952442636","nodeText":"right_L2P21_Image_HalfSize","isHtml":false,"folded":false,"icons":[],"image":null,"link":null,"locked":null,"children":[],"hGap":0,"shiftY":0,"attributes":null,"allChildren":[]}]},{"id":"ID_1661639564","nodeText":"right_L1P3_Tables","isHtml":false,"folded":false,"icons":[],"image":null,"link":null,"locked":null,"children":[{"id":"ID_1843612913","nodeText":"right_L2P30_NormalTable","isHtml":false,"folded":false,"icons":[],"image":null,"link":null,"locked":null,"children":[],"hGap":0,"shiftY":0,"attributes":{"C0R2_Key":"C1R2_Value","C0R1_Key":"C1R1_Value","C0R0_Key":"C1R0_Value"},"allChildren":[]},{"id":"ID_1531300280","nodeText":"right_L2P31_JabRefTable_WithLinkToPDF","isHtml":false,"folded":false,"icons":[],"image":null,"link":"workspace:/../../../../D:/HTW/docear/../../../literature_repository/Example%20PDFs/Academic%20search%20engine%20spam%20and%20Google%20Scholars%20resilience%20against%20it.pdf","locked":null,"children":[],"hGap":0,"shiftY":0,"attributes":{"journal":"Journal of Electronic Publishing","authors":"{J}oeran {B}eel and {B}ela {G}ipp","title":"{A}cademic search engine spam and {G}oogle {S}cholar's resilience against it","year":"2010","key":"Beel2010"},"allChildren":[]}],"hGap":130,"shiftY":60,"attributes":null,"allChildren":[{"id":"ID_1843612913","nodeText":"right_L2P30_NormalTable","isHtml":false,"folded":false,"icons":[],"image":null,"link":null,"locked":null,"children":[],"hGap":0,"shiftY":0,"attributes":{"C0R2_Key":"C1R2_Value","C0R1_Key":"C1R1_Value","C0R0_Key":"C1R0_Value"},"allChildren":[]},{"id":"ID_1531300280","nodeText":"right_L2P31_JabRefTable_WithLinkToPDF","isHtml":false,"folded":false,"icons":[],"image":null,"link":"workspace:/../../../../D:/HTW/docear/../../../literature_repository/Example%20PDFs/Academic%20search%20engine%20spam%20and%20Google%20Scholars%20resilience%20against%20it.pdf","locked":null,"children":[],"hGap":0,"shiftY":0,"attributes":{"journal":"Journal of Electronic Publishing","authors":"{J}oeran {B}eel and {B}ela {G}ipp","title":"{A}cademic search engine spam and {G}oogle {S}cholar's resilience against it","year":"2010","key":"Beel2010"},"allChildren":[]}]}],"allChildren":[{"id":"ID_1395002523","nodeText":"left_L1P0_TreeDepth_5Children","isHtml":false,"folded":false,"icons":[],"image":null,"link":null,"locked":null,"children":[{"id":"ID_1384944366","nodeText":"left_L2P00","isHtml":false,"folded":false,"icons":[],"image":null,"link":null,"locked":null,"children":[{"id":"ID_1886685557","nodeText":"left_L3P000","isHtml":false,"folded":false,"icons":[],"image":null,"link":null,"locked":null,"children":[{"id":"ID_369887845","nodeText":"left_L4P0000","isHtml":false,"folded":false,"icons":[],"image":null,"link":null,"locked":null,"children":[{"id":"ID_1731394006","nodeText":"left_L5P00000","isHtml":false,"folded":false,"icons":[],"image":null,"link":null,"locked":null,"children":[{"id":"ID_1147936295","nodeText":"left_L6P000000","isHtml":false,"folded":false,"icons":[],"image":null,"link":null,"locked":null,"children":[],"hGap":0,"shiftY":0,"attributes":null,"allChildren":[]}],"hGap":0,"shiftY":0,"attributes":null,"allChildren":[{"id":"ID_1147936295","nodeText":"left_L6P000000","isHtml":false,"folded":false,"icons":[],"image":null,"link":null,"locked":null,"children":[],"hGap":0,"shiftY":0,"attributes":null,"allChildren":[]}]}],"hGap":0,"shiftY":0,"attributes":null,"allChildren":[{"id":"ID_1731394006","nodeText":"left_L5P00000","isHtml":false,"folded":false,"icons":[],"image":null,"link":null,"locked":null,"children":[{"id":"ID_1147936295","nodeText":"left_L6P000000","isHtml":false,"folded":false,"icons":[],"image":null,"link":null,"locked":null,"children":[],"hGap":0,"shiftY":0,"attributes":null,"allChildren":[]}],"hGap":0,"shiftY":0,"attributes":null,"allChildren":[{"id":"ID_1147936295","nodeText":"left_L6P000000","isHtml":false,"folded":false,"icons":[],"image":null,"link":null,"locked":null,"children":[],"hGap":0,"shiftY":0,"attributes":null,"allChildren":[]}]}]}],"hGap":0,"shiftY":0,"attributes":null,"allChildren":[{"id":"ID_369887845","nodeText":"left_L4P0000","isHtml":false,"folded":false,"icons":[],"image":null,"link":null,"locked":null,"children":[{"id":"ID_1731394006","nodeText":"left_L5P00000","isHtml":false,"folded":false,"icons":[],"image":null,"link":null,"locked":null,"children":[{"id":"ID_1147936295","nodeText":"left_L6P000000","isHtml":false,"folded":false,"icons":[],"image":null,"link":null,"locked":null,"children":[],"hGap":0,"shiftY":0,"attributes":null,"allChildren":[]}],"hGap":0,"shiftY":0,"attributes":null,"allChildren":[{"id":"ID_1147936295","nodeText":"left_L6P000000","isHtml":false,"folded":false,"icons":[],"image":null,"link":null,"locked":null,"children":[],"hGap":0,"shiftY":0,"attributes":null,"allChildren":[]}]}],"hGap":0,"shiftY":0,"attributes":null,"allChildren":[{"id":"ID_1731394006","nodeText":"left_L5P00000","isHtml":false,"folded":false,"icons":[],"image":null,"link":null,"locked":null,"children":[{"id":"ID_1147936295","nodeText":"left_L6P000000","isHtml":false,"folded":false,"icons":[],"image":null,"link":null,"locked":null,"children":[],"hGap":0,"shiftY":0,"attributes":null,"allChildren":[]}],"hGap":0,"shiftY":0,"attributes":null,"allChildren":[{"id":"ID_1147936295","nodeText":"left_L6P000000","isHtml":false,"folded":false,"icons":[],"image":null,"link":null,"locked":null,"children":[],"hGap":0,"shiftY":0,"attributes":null,"allChildren":[]}]}]}]}],"hGap":0,"shiftY":0,"attributes":null,"allChildren":[{"id":"ID_1886685557","nodeText":"left_L3P000","isHtml":false,"folded":false,"icons":[],"image":null,"link":null,"locked":null,"children":[{"id":"ID_369887845","nodeText":"left_L4P0000","isHtml":false,"folded":false,"icons":[],"image":null,"link":null,"locked":null,"children":[{"id":"ID_1731394006","nodeText":"left_L5P00000","isHtml":false,"folded":false,"icons":[],"image":null,"link":null,"locked":null,"children":[{"id":"ID_1147936295","nodeText":"left_L6P000000","isHtml":false,"folded":false,"icons":[],"image":null,"link":null,"locked":null,"children":[],"hGap":0,"shiftY":0,"attributes":null,"allChildren":[]}],"hGap":0,"shiftY":0,"attributes":null,"allChildren":[{"id":"ID_1147936295","nodeText":"left_L6P000000","isHtml":false,"folded":false,"icons":[],"image":null,"link":null,"locked":null,"children":[],"hGap":0,"shiftY":0,"attributes":null,"allChildren":[]}]}],"hGap":0,"shiftY":0,"attributes":null,"allChildren":[{"id":"ID_1731394006","nodeText":"left_L5P00000","isHtml":false,"folded":false,"icons":[],"image":null,"link":null,"locked":null,"children":[{"id":"ID_1147936295","nodeText":"left_L6P000000","isHtml":false,"folded":false,"icons":[],"image":null,"link":null,"locked":null,"children":[],"hGap":0,"shiftY":0,"attributes":null,"allChildren":[]}],"hGap":0,"shiftY":0,"attributes":null,"allChildren":[{"id":"ID_1147936295","nodeText":"left_L6P000000","isHtml":false,"folded":false,"icons":[],"image":null,"link":null,"locked":null,"children":[],"hGap":0,"shiftY":0,"attributes":null,"allChildren":[]}]}]}],"hGap":0,"shiftY":0,"attributes":null,"allChildren":[{"id":"ID_369887845","nodeText":"left_L4P0000","isHtml":false,"folded":false,"icons":[],"image":null,"link":null,"locked":null,"children":[{"id":"ID_1731394006","nodeText":"left_L5P00000","isHtml":false,"folded":false,"icons":[],"image":null,"link":null,"locked":null,"children":[{"id":"ID_1147936295","nodeText":"left_L6P000000","isHtml":false,"folded":false,"icons":[],"image":null,"link":null,"locked":null,"children":[],"hGap":0,"shiftY":0,"attributes":null,"allChildren":[]}],"hGap":0,"shiftY":0,"attributes":null,"allChildren":[{"id":"ID_1147936295","nodeText":"left_L6P000000","isHtml":false,"folded":false,"icons":[],"image":null,"link":null,"locked":null,"children":[],"hGap":0,"shiftY":0,"attributes":null,"allChildren":[]}]}],"hGap":0,"shiftY":0,"attributes":null,"allChildren":[{"id":"ID_1731394006","nodeText":"left_L5P00000","isHtml":false,"folded":false,"icons":[],"image":null,"link":null,"locked":null,"children":[{"id":"ID_1147936295","nodeText":"left_L6P000000","isHtml":false,"folded":false,"icons":[],"image":null,"link":null,"locked":null,"children":[],"hGap":0,"shiftY":0,"attributes":null,"allChildren":[]}],"hGap":0,"shiftY":0,"attributes":null,"allChildren":[{"id":"ID_1147936295","nodeText":"left_L6P000000","isHtml":false,"folded":false,"icons":[],"image":null,"link":null,"locked":null,"children":[],"hGap":0,"shiftY":0,"attributes":null,"allChildren":[]}]}]}]}]}],"hGap":80,"shiftY":-90,"attributes":null,"allChildren":[{"id":"ID_1384944366","nodeText":"left_L2P00","isHtml":false,"folded":false,"icons":[],"image":null,"link":null,"locked":null,"children":[{"id":"ID_1886685557","nodeText":"left_L3P000","isHtml":false,"folded":false,"icons":[],"image":null,"link":null,"locked":null,"children":[{"id":"ID_369887845","nodeText":"left_L4P0000","isHtml":false,"folded":false,"icons":[],"image":null,"link":null,"locked":null,"children":[{"id":"ID_1731394006","nodeText":"left_L5P00000","isHtml":false,"folded":false,"icons":[],"image":null,"link":null,"locked":null,"children":[{"id":"ID_1147936295","nodeText":"left_L6P000000","isHtml":false,"folded":false,"icons":[],"image":null,"link":null,"locked":null,"children":[],"hGap":0,"shiftY":0,"attributes":null,"allChildren":[]}],"hGap":0,"shiftY":0,"attributes":null,"allChildren":[{"id":"ID_1147936295","nodeText":"left_L6P000000","isHtml":false,"folded":false,"icons":[],"image":null,"link":null,"locked":null,"children":[],"hGap":0,"shiftY":0,"attributes":null,"allChildren":[]}]}],"hGap":0,"shiftY":0,"attributes":null,"allChildren":[{"id":"ID_1731394006","nodeText":"left_L5P00000","isHtml":false,"folded":false,"icons":[],"image":null,"link":null,"locked":null,"children":[{"id":"ID_1147936295","nodeText":"left_L6P000000","isHtml":false,"folded":false,"icons":[],"image":null,"link":null,"locked":null,"children":[],"hGap":0,"shiftY":0,"attributes":null,"allChildren":[]}],"hGap":0,"shiftY":0,"attributes":null,"allChildren":[{"id":"ID_1147936295","nodeText":"left_L6P000000","isHtml":false,"folded":false,"icons":[],"image":null,"link":null,"locked":null,"children":[],"hGap":0,"shiftY":0,"attributes":null,"allChildren":[]}]}]}],"hGap":0,"shiftY":0,"attributes":null,"allChildren":[{"id":"ID_369887845","nodeText":"left_L4P0000","isHtml":false,"folded":false,"icons":[],"image":null,"link":null,"locked":null,"children":[{"id":"ID_1731394006","nodeText":"left_L5P00000","isHtml":false,"folded":false,"icons":[],"image":null,"link":null,"locked":null,"children":[{"id":"ID_1147936295","nodeText":"left_L6P000000","isHtml":false,"folded":false,"icons":[],"image":null,"link":null,"locked":null,"children":[],"hGap":0,"shiftY":0,"attributes":null,"allChildren":[]}],"hGap":0,"shiftY":0,"attributes":null,"allChildren":[{"id":"ID_1147936295","nodeText":"left_L6P000000","isHtml":false,"folded":false,"icons":[],"image":null,"link":null,"locked":null,"children":[],"hGap":0,"shiftY":0,"attributes":null,"allChildren":[]}]}],"hGap":0,"shiftY":0,"attributes":null,"allChildren":[{"id":"ID_1731394006","nodeText":"left_L5P00000","isHtml":false,"folded":false,"icons":[],"image":null,"link":null,"locked":null,"children":[{"id":"ID_1147936295","nodeText":"left_L6P000000","isHtml":false,"folded":false,"icons":[],"image":null,"link":null,"locked":null,"children":[],"hGap":0,"shiftY":0,"attributes":null,"allChildren":[]}],"hGap":0,"shiftY":0,"attributes":null,"allChildren":[{"id":"ID_1147936295","nodeText":"left_L6P000000","isHtml":false,"folded":false,"icons":[],"image":null,"link":null,"locked":null,"children":[],"hGap":0,"shiftY":0,"attributes":null,"allChildren":[]}]}]}]}],"hGap":0,"shiftY":0,"attributes":null,"allChildren":[{"id":"ID_1886685557","nodeText":"left_L3P000","isHtml":false,"folded":false,"icons":[],"image":null,"link":null,"locked":null,"children":[{"id":"ID_369887845","nodeText":"left_L4P0000","isHtml":false,"folded":false,"icons":[],"image":null,"link":null,"locked":null,"children":[{"id":"ID_1731394006","nodeText":"left_L5P00000","isHtml":false,"folded":false,"icons":[],"image":null,"link":null,"locked":null,"children":[{"id":"ID_1147936295","nodeText":"left_L6P000000","isHtml":false,"folded":false,"icons":[],"image":null,"link":null,"locked":null,"children":[],"hGap":0,"shiftY":0,"attributes":null,"allChildren":[]}],"hGap":0,"shiftY":0,"attributes":null,"allChildren":[{"id":"ID_1147936295","nodeText":"left_L6P000000","isHtml":false,"folded":false,"icons":[],"image":null,"link":null,"locked":null,"children":[],"hGap":0,"shiftY":0,"attributes":null,"allChildren":[]}]}],"hGap":0,"shiftY":0,"attributes":null,"allChildren":[{"id":"ID_1731394006","nodeText":"left_L5P00000","isHtml":false,"folded":false,"icons":[],"image":null,"link":null,"locked":null,"children":[{"id":"ID_1147936295","nodeText":"left_L6P000000","isHtml":false,"folded":false,"icons":[],"image":null,"link":null,"locked":null,"children":[],"hGap":0,"shiftY":0,"attributes":null,"allChildren":[]}],"hGap":0,"shiftY":0,"attributes":null,"allChildren":[{"id":"ID_1147936295","nodeText":"left_L6P000000","isHtml":false,"folded":false,"icons":[],"image":null,"link":null,"locked":null,"children":[],"hGap":0,"shiftY":0,"attributes":null,"allChildren":[]}]}]}],"hGap":0,"shiftY":0,"attributes":null,"allChildren":[{"id":"ID_369887845","nodeText":"left_L4P0000","isHtml":false,"folded":false,"icons":[],"image":null,"link":null,"locked":null,"children":[{"id":"ID_1731394006","nodeText":"left_L5P00000","isHtml":false,"folded":false,"icons":[],"image":null,"link":null,"locked":null,"children":[{"id":"ID_1147936295","nodeText":"left_L6P000000","isHtml":false,"folded":false,"icons":[],"image":null,"link":null,"locked":null,"children":[],"hGap":0,"shiftY":0,"attributes":null,"allChildren":[]}],"hGap":0,"shiftY":0,"attributes":null,"allChildren":[{"id":"ID_1147936295","nodeText":"left_L6P000000","isHtml":false,"folded":false,"icons":[],"image":null,"link":null,"locked":null,"children":[],"hGap":0,"shiftY":0,"attributes":null,"allChildren":[]}]}],"hGap":0,"shiftY":0,"attributes":null,"allChildren":[{"id":"ID_1731394006","nodeText":"left_L5P00000","isHtml":false,"folded":false,"icons":[],"image":null,"link":null,"locked":null,"children":[{"id":"ID_1147936295","nodeText":"left_L6P000000","isHtml":false,"folded":false,"icons":[],"image":null,"link":null,"locked":null,"children":[],"hGap":0,"shiftY":0,"attributes":null,"allChildren":[]}],"hGap":0,"shiftY":0,"attributes":null,"allChildren":[{"id":"ID_1147936295","nodeText":"left_L6P000000","isHtml":false,"folded":false,"icons":[],"image":null,"link":null,"locked":null,"children":[],"hGap":0,"shiftY":0,"attributes":null,"allChildren":[]}]}]}]}]}]},{"id":"ID_505304847","nodeText":"left_L1P1_Fold","isHtml":false,"folded":true,"icons":[],"image":null,"link":null,"locked":null,"children":[{"id":"ID_1994088417","nodeText":"left_L2P10_Folded_WithUn-/FoldedChildren","isHtml":false,"folded":false,"icons":[],"image":null,"link":null,"locked":null,"children":[{"id":"ID_111629229","nodeText":"left_L3P100_Unfolded_WithUnfoldedChildren","isHtml":false,"folded":false,"icons":[],"image":null,"link":null,"locked":null,"children":[{"id":"ID_282423477","nodeText":"left_L4P1000_Unfolded","isHtml":false,"folded":false,"icons":[],"image":null,"link":null,"locked":null,"children":[],"hGap":0,"shiftY":0,"attributes":null,"allChildren":[]},{"id":"ID_1072393331","nodeText":"left_L4P1001_Unfolded","isHtml":false,"folded":false,"icons":[],"image":null,"link":null,"locked":null,"children":[],"hGap":0,"shiftY":0,"attributes":null,"allChildren":[]}],"hGap":0,"shiftY":0,"attributes":null,"allChildren":[{"id":"ID_282423477","nodeText":"left_L4P1000_Unfolded","isHtml":false,"folded":false,"icons":[],"image":null,"link":null,"locked":null,"children":[],"hGap":0,"shiftY":0,"attributes":null,"allChildren":[]},{"id":"ID_1072393331","nodeText":"left_L4P1001_Unfolded","isHtml":false,"folded":false,"icons":[],"image":null,"link":null,"locked":null,"children":[],"hGap":0,"shiftY":0,"attributes":null,"allChildren":[]}]},{"id":"ID_501846187","nodeText":"left_L3P101_Unfolded","isHtml":false,"folded":false,"icons":[],"image":null,"link":null,"locked":null,"children":[],"hGap":0,"shiftY":0,"attributes":null,"allChildren":[]},{"id":"ID_269140428","nodeText":"left_L3P102_Unfolded_WithFoldedChildren","isHtml":false,"folded":true,"icons":[],"image":null,"link":null,"locked":null,"children":[{"id":"ID_855698997","nodeText":"left_L4P1000_Folded","isHtml":false,"folded":false,"icons":[],"image":null,"link":null,"locked":null,"children":[],"hGap":0,"shiftY":0,"attributes":null,"allChildren":[]},{"id":"ID_1928881541","nodeText":"left_L4P1001_Folded","isHtml":false,"folded":false,"icons":[],"image":null,"link":null,"locked":null,"children":[],"hGap":0,"shiftY":0,"attributes":null,"allChildren":[]}],"hGap":0,"shiftY":0,"attributes":null,"allChildren":[{"id":"ID_855698997","nodeText":"left_L4P1000_Folded","isHtml":false,"folded":false,"icons":[],"image":null,"link":null,"locked":null,"children":[],"hGap":0,"shiftY":0,"attributes":null,"allChildren":[]},{"id":"ID_1928881541","nodeText":"left_L4P1001_Folded","isHtml":false,"folded":false,"icons":[],"image":null,"link":null,"locked":null,"children":[],"hGap":0,"shiftY":0,"attributes":null,"allChildren":[]}]}],"hGap":0,"shiftY":0,"attributes":null,"allChildren":[{"id":"ID_111629229","nodeText":"left_L3P100_Unfolded_WithUnfoldedChildren","isHtml":false,"folded":false,"icons":[],"image":null,"link":null,"locked":null,"children":[{"id":"ID_282423477","nodeText":"left_L4P1000_Unfolded","isHtml":false,"folded":false,"icons":[],"image":null,"link":null,"locked":null,"children":[],"hGap":0,"shiftY":0,"attributes":null,"allChildren":[]},{"id":"ID_1072393331","nodeText":"left_L4P1001_Unfolded","isHtml":false,"folded":false,"icons":[],"image":null,"link":null,"locked":null,"children":[],"hGap":0,"shiftY":0,"attributes":null,"allChildren":[]}],"hGap":0,"shiftY":0,"attributes":null,"allChildren":[{"id":"ID_282423477","nodeText":"left_L4P1000_Unfolded","isHtml":false,"folded":false,"icons":[],"image":null,"link":null,"locked":null,"children":[],"hGap":0,"shiftY":0,"attributes":null,"allChildren":[]},{"id":"ID_1072393331","nodeText":"left_L4P1001_Unfolded","isHtml":false,"folded":false,"icons":[],"image":null,"link":null,"locked":null,"children":[],"hGap":0,"shiftY":0,"attributes":null,"allChildren":[]}]},{"id":"ID_501846187","nodeText":"left_L3P101_Unfolded","isHtml":false,"folded":false,"icons":[],"image":null,"link":null,"locked":null,"children":[],"hGap":0,"shiftY":0,"attributes":null,"allChildren":[]},{"id":"ID_269140428","nodeText":"left_L3P102_Unfolded_WithFoldedChildren","isHtml":false,"folded":true,"icons":[],"image":null,"link":null,"locked":null,"children":[{"id":"ID_855698997","nodeText":"left_L4P1000_Folded","isHtml":false,"folded":false,"icons":[],"image":null,"link":null,"locked":null,"children":[],"hGap":0,"shiftY":0,"attributes":null,"allChildren":[]},{"id":"ID_1928881541","nodeText":"left_L4P1001_Folded","isHtml":false,"folded":false,"icons":[],"image":null,"link":null,"locked":null,"children":[],"hGap":0,"shiftY":0,"attributes":null,"allChildren":[]}],"hGap":0,"shiftY":0,"attributes":null,"allChildren":[{"id":"ID_855698997","nodeText":"left_L4P1000_Folded","isHtml":false,"folded":false,"icons":[],"image":null,"link":null,"locked":null,"children":[],"hGap":0,"shiftY":0,"attributes":null,"allChildren":[]},{"id":"ID_1928881541","nodeText":"left_L4P1001_Folded","isHtml":false,"folded":false,"icons":[],"image":null,"link":null,"locked":null,"children":[],"hGap":0,"shiftY":0,"attributes":null,"allChildren":[]}]}]}],"hGap":100,"shiftY":20,"attributes":null,"allChildren":[{"id":"ID_1994088417","nodeText":"left_L2P10_Folded_WithUn-/FoldedChildren","isHtml":false,"folded":false,"icons":[],"image":null,"link":null,"locked":null,"children":[{"id":"ID_111629229","nodeText":"left_L3P100_Unfolded_WithUnfoldedChildren","isHtml":false,"folded":false,"icons":[],"image":null,"link":null,"locked":null,"children":[{"id":"ID_282423477","nodeText":"left_L4P1000_Unfolded","isHtml":false,"folded":false,"icons":[],"image":null,"link":null,"locked":null,"children":[],"hGap":0,"shiftY":0,"attributes":null,"allChildren":[]},{"id":"ID_1072393331","nodeText":"left_L4P1001_Unfolded","isHtml":false,"folded":false,"icons":[],"image":null,"link":null,"locked":null,"children":[],"hGap":0,"shiftY":0,"attributes":null,"allChildren":[]}],"hGap":0,"shiftY":0,"attributes":null,"allChildren":[{"id":"ID_282423477","nodeText":"left_L4P1000_Unfolded","isHtml":false,"folded":false,"icons":[],"image":null,"link":null,"locked":null,"children":[],"hGap":0,"shiftY":0,"attributes":null,"allChildren":[]},{"id":"ID_1072393331","nodeText":"left_L4P1001_Unfolded","isHtml":false,"folded":false,"icons":[],"image":null,"link":null,"locked":null,"children":[],"hGap":0,"shiftY":0,"attributes":null,"allChildren":[]}]},{"id":"ID_501846187","nodeText":"left_L3P101_Unfolded","isHtml":false,"folded":false,"icons":[],"image":null,"link":null,"locked":null,"children":[],"hGap":0,"shiftY":0,"attributes":null,"allChildren":[]},{"id":"ID_269140428","nodeText":"left_L3P102_Unfolded_WithFoldedChildren","isHtml":false,"folded":true,"icons":[],"image":null,"link":null,"locked":null,"children":[{"id":"ID_855698997","nodeText":"left_L4P1000_Folded","isHtml":false,"folded":false,"icons":[],"image":null,"link":null,"locked":null,"children":[],"hGap":0,"shiftY":0,"attributes":null,"allChildren":[]},{"id":"ID_1928881541","nodeText":"left_L4P1001_Folded","isHtml":false,"folded":false,"icons":[],"image":null,"link":null,"locked":null,"children":[],"hGap":0,"shiftY":0,"attributes":null,"allChildren":[]}],"hGap":0,"shiftY":0,"attributes":null,"allChildren":[{"id":"ID_855698997","nodeText":"left_L4P1000_Folded","isHtml":false,"folded":false,"icons":[],"image":null,"link":null,"locked":null,"children":[],"hGap":0,"shiftY":0,"attributes":null,"allChildren":[]},{"id":"ID_1928881541","nodeText":"left_L4P1001_Folded","isHtml":false,"folded":false,"icons":[],"image":null,"link":null,"locked":null,"children":[],"hGap":0,"shiftY":0,"attributes":null,"allChildren":[]}]}],"hGap":0,"shiftY":0,"attributes":null,"allChildren":[{"id":"ID_111629229","nodeText":"left_L3P100_Unfolded_WithUnfoldedChildren","isHtml":false,"folded":false,"icons":[],"image":null,"link":null,"locked":null,"children":[{"id":"ID_282423477","nodeText":"left_L4P1000_Unfolded","isHtml":false,"folded":false,"icons":[],"image":null,"link":null,"locked":null,"children":[],"hGap":0,"shiftY":0,"attributes":null,"allChildren":[]},{"id":"ID_1072393331","nodeText":"left_L4P1001_Unfolded","isHtml":false,"folded":false,"icons":[],"image":null,"link":null,"locked":null,"children":[],"hGap":0,"shiftY":0,"attributes":null,"allChildren":[]}],"hGap":0,"shiftY":0,"attributes":null,"allChildren":[{"id":"ID_282423477","nodeText":"left_L4P1000_Unfolded","isHtml":false,"folded":false,"icons":[],"image":null,"link":null,"locked":null,"children":[],"hGap":0,"shiftY":0,"attributes":null,"allChildren":[]},{"id":"ID_1072393331","nodeText":"left_L4P1001_Unfolded","isHtml":false,"folded":false,"icons":[],"image":null,"link":null,"locked":null,"children":[],"hGap":0,"shiftY":0,"attributes":null,"allChildren":[]}]},{"id":"ID_501846187","nodeText":"left_L3P101_Unfolded","isHtml":false,"folded":false,"icons":[],"image":null,"link":null,"locked":null,"children":[],"hGap":0,"shiftY":0,"attributes":null,"allChildren":[]},{"id":"ID_269140428","nodeText":"left_L3P102_Unfolded_WithFoldedChildren","isHtml":false,"folded":true,"icons":[],"image":null,"link":null,"locked":null,"children":[{"id":"ID_855698997","nodeText":"left_L4P1000_Folded","isHtml":false,"folded":false,"icons":[],"image":null,"link":null,"locked":null,"children":[],"hGap":0,"shiftY":0,"attributes":null,"allChildren":[]},{"id":"ID_1928881541","nodeText":"left_L4P1001_Folded","isHtml":false,"folded":false,"icons":[],"image":null,"link":null,"locked":null,"children":[],"hGap":0,"shiftY":0,"attributes":null,"allChildren":[]}],"hGap":0,"shiftY":0,"attributes":null,"allChildren":[{"id":"ID_855698997","nodeText":"left_L4P1000_Folded","isHtml":false,"folded":false,"icons":[],"image":null,"link":null,"locked":null,"children":[],"hGap":0,"shiftY":0,"attributes":null,"allChildren":[]},{"id":"ID_1928881541","nodeText":"left_L4P1001_Folded","isHtml":false,"folded":false,"icons":[],"image":null,"link":null,"locked":null,"children":[],"hGap":0,"shiftY":0,"attributes":null,"allChildren":[]}]}]}]},{"id":"ID_1657680452","nodeText":"left_L1P2_NodeStyle","isHtml":false,"folded":false,"icons":[],"image":null,"link":null,"locked":null,"children":[{"id":"ID_1355332128","nodeText":"left_L2P20_RootNode","isHtml":false,"folded":false,"icons":[],"image":null,"link":null,"locked":null,"children":[],"hGap":0,"shiftY":0,"attributes":null,"allChildren":[]},{"id":"ID_1139579263","nodeText":"left_L2P21_Level1","isHtml":false,"folded":false,"icons":[],"image":null,"link":null,"locked":null,"children":[],"hGap":0,"shiftY":0,"attributes":null,"allChildren":[]},{"id":"ID_894491244","nodeText":"left_L2P22_Level2","isHtml":false,"folded":false,"icons":[],"image":null,"link":null,"locked":null,"children":[],"hGap":0,"shiftY":0,"attributes":null,"allChildren":[]},{"id":"ID_1514293713","nodeText":"left_L2P23_Details","isHtml":false,"folded":false,"icons":[],"image":null,"link":null,"locked":null,"children":[],"hGap":0,"shiftY":0,"attributes":null,"allChildren":[]},{"id":"ID_594753566","nodeText":"left_L2P24_Important","isHtml":false,"folded":false,"icons":[],"image":null,"link":null,"locked":null,"children":[],"hGap":0,"shiftY":0,"attributes":null,"allChildren":[]}],"hGap":60,"shiftY":90,"attributes":null,"allChildren":[{"id":"ID_1355332128","nodeText":"left_L2P20_RootNode","isHtml":false,"folded":false,"icons":[],"image":null,"link":null,"locked":null,"children":[],"hGap":0,"shiftY":0,"attributes":null,"allChildren":[]},{"id":"ID_1139579263","nodeText":"left_L2P21_Level1","isHtml":false,"folded":false,"icons":[],"image":null,"link":null,"locked":null,"children":[],"hGap":0,"shiftY":0,"attributes":null,"allChildren":[]},{"id":"ID_894491244","nodeText":"left_L2P22_Level2","isHtml":false,"folded":false,"icons":[],"image":null,"link":null,"locked":null,"children":[],"hGap":0,"shiftY":0,"attributes":null,"allChildren":[]},{"id":"ID_1514293713","nodeText":"left_L2P23_Details","isHtml":false,"folded":false,"icons":[],"image":null,"link":null,"locked":null,"children":[],"hGap":0,"shiftY":0,"attributes":null,"allChildren":[]},{"id":"ID_594753566","nodeText":"left_L2P24_Important","isHtml":false,"folded":false,"icons":[],"image":null,"link":null,"locked":null,"children":[],"hGap":0,"shiftY":0,"attributes":null,"allChildren":[]}]},{"id":"ID_1921859689","nodeText":"left_L1P3_Text","isHtml":false,"folded":false,"icons":[],"image":null,"link":null,"locked":null,"children":[{"id":"ID_1724623172","nodeText":"left_L2P30_NormalText","isHtml":false,"folded":false,"icons":[],"image":null,"link":null,"locked":null,"children":[],"hGap":0,"shiftY":0,"attributes":null,"allChildren":[]},{"id":"ID_918586102","nodeText":"<html>\n  <head>\n    \n  </head>\n  <body>\n    <h1>\n      \n    </h1>\n    <p>\n      left_L2P31_HTMLText\n    </p>\n  </body>\n</html>","isHtml":true,"folded":false,"icons":[],"image":null,"link":null,"locked":null,"children":[],"hGap":0,"shiftY":0,"attributes":null,"allChildren":[]}],"hGap":30,"shiftY":90,"attributes":null,"allChildren":[{"id":"ID_1724623172","nodeText":"left_L2P30_NormalText","isHtml":false,"folded":false,"icons":[],"image":null,"link":null,"locked":null,"children":[],"hGap":0,"shiftY":0,"attributes":null,"allChildren":[]},{"id":"ID_918586102","nodeText":"<html>\n  <head>\n    \n  </head>\n  <body>\n    <h1>\n      \n    </h1>\n    <p>\n      left_L2P31_HTMLText\n    </p>\n  </body>\n</html>","isHtml":true,"folded":false,"icons":[],"image":null,"link":null,"locked":null,"children":[],"hGap":0,"shiftY":0,"attributes":null,"allChildren":[]}]},{"id":"ID_1","nodeText":"right_L1P0_Links","isHtml":false,"folded":false,"icons":[],"image":null,"link":null,"locked":null,"children":[{"id":"ID_2","nodeText":"right_L2P00_URL http://www.google.com","isHtml":false,"folded":false,"icons":[],"image":null,"link":"http://www.google.com","locked":null,"children":[],"hGap":0,"shiftY":0,"attributes":null,"allChildren":[]},{"id":"ID_3","nodeText":"right_L2P01_NodeLink_ToParent","isHtml":false,"folded":false,"icons":[],"image":null,"link":"#ID_1","locked":null,"children":[],"hGap":0,"shiftY":0,"attributes":null,"allChildren":[]}],"hGap":70,"shiftY":-160,"attributes":null,"allChildren":[{"id":"ID_2","nodeText":"right_L2P00_URL http://www.google.com","isHtml":false,"folded":false,"icons":[],"image":null,"link":"http://www.google.com","locked":null,"children":[],"hGap":0,"shiftY":0,"attributes":null,"allChildren":[]},{"id":"ID_3","nodeText":"right_L2P01_NodeLink_ToParent","isHtml":false,"folded":false,"icons":[],"image":null,"link":"#ID_1","locked":null,"children":[],"hGap":0,"shiftY":0,"attributes":null,"allChildren":[]}]},{"id":"ID_4","nodeText":"right_L1P1_EdgeStyle","isHtml":false,"folded":false,"icons":[],"image":null,"link":null,"locked":null,"children":[{"id":"ID_5","nodeText":"right_L2P10_sameEdgeStyle","isHtml":false,"folded":false,"icons":[],"image":null,"link":null,"locked":null,"children":[],"hGap":160,"shiftY":0,"attributes":null,"allChildren":[]},{"id":"ID_1694248792","nodeText":"right_L2P11_differentEdgeStyle","isHtml":false,"folded":false,"icons":[],"image":null,"link":null,"locked":null,"children":[],"hGap":150,"shiftY":60,"attributes":null,"allChildren":[]},{"id":"ID_695389559","nodeText":"right_L2P12_differentEdgeWidth","isHtml":false,"folded":false,"icons":[],"image":null,"link":null,"locked":null,"children":[],"hGap":150,"shiftY":60,"attributes":null,"allChildren":[]}],"hGap":0,"shiftY":0,"attributes":null,"allChildren":[{"id":"ID_5","nodeText":"right_L2P10_sameEdgeStyle","isHtml":false,"folded":false,"icons":[],"image":null,"link":null,"locked":null,"children":[],"hGap":160,"shiftY":0,"attributes":null,"allChildren":[]},{"id":"ID_1694248792","nodeText":"right_L2P11_differentEdgeStyle","isHtml":false,"folded":false,"icons":[],"image":null,"link":null,"locked":null,"children":[],"hGap":150,"shiftY":60,"attributes":null,"allChildren":[]},{"id":"ID_695389559","nodeText":"right_L2P12_differentEdgeWidth","isHtml":false,"folded":false,"icons":[],"image":null,"link":null,"locked":null,"children":[],"hGap":150,"shiftY":60,"attributes":null,"allChildren":[]}]},{"id":"ID_1875819033","nodeText":"right_L1P2_Image","isHtml":false,"folded":false,"icons":[],"image":null,"link":null,"locked":null,"children":[{"id":"ID_633666271","nodeText":"right_L2P20_Image_NormalSize","isHtml":false,"folded":false,"icons":[],"image":null,"link":null,"locked":null,"children":[],"hGap":0,"shiftY":0,"attributes":null,"allChildren":[]},{"id":"ID_1952442636","nodeText":"right_L2P21_Image_HalfSize","isHtml":false,"folded":false,"icons":[],"image":null,"link":null,"locked":null,"children":[],"hGap":0,"shiftY":0,"attributes":null,"allChildren":[]}],"hGap":110,"shiftY":90,"attributes":null,"allChildren":[{"id":"ID_633666271","nodeText":"right_L2P20_Image_NormalSize","isHtml":false,"folded":false,"icons":[],"image":null,"link":null,"locked":null,"children":[],"hGap":0,"shiftY":0,"attributes":null,"allChildren":[]},{"id":"ID_1952442636","nodeText":"right_L2P21_Image_HalfSize","isHtml":false,"folded":false,"icons":[],"image":null,"link":null,"locked":null,"children":[],"hGap":0,"shiftY":0,"attributes":null,"allChildren":[]}]},{"id":"ID_1661639564","nodeText":"right_L1P3_Tables","isHtml":false,"folded":false,"icons":[],"image":null,"link":null,"locked":null,"children":[{"id":"ID_1843612913","nodeText":"right_L2P30_NormalTable","isHtml":false,"folded":false,"icons":[],"image":null,"link":null,"locked":null,"children":[],"hGap":0,"shiftY":0,"attributes":{"C0R2_Key":"C1R2_Value","C0R1_Key":"C1R1_Value","C0R0_Key":"C1R0_Value"},"allChildren":[]},{"id":"ID_1531300280","nodeText":"right_L2P31_JabRefTable_WithLinkToPDF","isHtml":false,"folded":false,"icons":[],"image":null,"link":"workspace:/../../../../D:/HTW/docear/../../../literature_repository/Example%20PDFs/Academic%20search%20engine%20spam%20and%20Google%20Scholars%20resilience%20against%20it.pdf","locked":null,"children":[],"hGap":0,"shiftY":0,"attributes":{"journal":"Journal of Electronic Publishing","authors":"{J}oeran {B}eel and {B}ela {G}ipp","title":"{A}cademic search engine spam and {G}oogle {S}cholar's resilience against it","year":"2010","key":"Beel2010"},"allChildren":[]}],"hGap":130,"shiftY":60,"attributes":null,"allChildren":[{"id":"ID_1843612913","nodeText":"right_L2P30_NormalTable","isHtml":false,"folded":false,"icons":[],"image":null,"link":null,"locked":null,"children":[],"hGap":0,"shiftY":0,"attributes":{"C0R2_Key":"C1R2_Value","C0R1_Key":"C1R1_Value","C0R0_Key":"C1R0_Value"},"allChildren":[]},{"id":"ID_1531300280","nodeText":"right_L2P31_JabRefTable_WithLinkToPDF","isHtml":false,"folded":false,"icons":[],"image":null,"link":"workspace:/../../../../D:/HTW/docear/../../../literature_repository/Example%20PDFs/Academic%20search%20engine%20spam%20and%20Google%20Scholars%20resilience%20against%20it.pdf","locked":null,"children":[],"hGap":0,"shiftY":0,"attributes":{"journal":"Journal of Electronic Publishing","authors":"{J}oeran {B}eel and {B}ela {G}ipp","title":"{A}cademic search engine spam and {G}oogle {S}cholar's resilience against it","year":"2010","key":"Beel2010"},"allChildren":[]}]}]}}
akka.actor.Status$Failure received
akka.actor.RepointableActorRef received
org.docear.messages.Messages$AddNodeResponse received

akka.actor.RepointableActorRef received
akka.actor.Status$Failure received
akka.actor.RepointableActorRef received
akka.actor.Status$Failure received
]]></system-out>
  <system-err><![CDATA[warning: Error occured.
warning: Error occured.
warning: Error occured.
warning: Error occured.
warning: Error occured.
warning: Error occured.
warning: Error occured.
warning: Error occured.
warning: Error occured.
]]></system-err>
</testsuite>
